#
# There is insufficient memory for the Java Runtime Environment to continue.
# Native memory allocation (mmap) failed to map 212860928 bytes for G1 virtual space
# Possible reasons:
#   The system is out of physical RAM or swap space
#   The process is running with CompressedOops enabled, and the Java Heap may be blocking the growth of the native heap
# Possible solutions:
#   Reduce memory load on the system
#   Increase physical memory or swap space
#   Check if swap backing store is full
#   Decrease Java heap size (-Xmx/-Xms)
#   Decrease number of Java threads
#   Decrease Java thread stack sizes (-Xss)
#   Set larger code cache with -XX:ReservedCodeCacheSize=
#   JVM is running with Unscaled Compressed Oops mode in which the Java heap is
#     placed in the first 4GB address space. The Java Heap base address is the
#     maximum limit for the native heap growth. Please use -XX:HeapBaseMinAddress
#     to set the Java Heap base and to place the Java Heap above 4GB virtual address.
# This output file may be truncated or incomplete.
#
#  Out of Memory Error (os_windows.cpp:3825), pid=11864, tid=20664
#
# JRE version: OpenJDK Runtime Environment (17.0.9) (build 17.0.9+0--11185874)
# Java VM: OpenJDK 64-Bit Server VM (17.0.9+0--11185874, mixed mode, tiered, compressed oops, compressed class ptrs, g1 gc, windows-amd64)
# No core dump will be written. Minidumps are not enabled by default on client versions of Windows
#

---------------  S U M M A R Y ------------

Command Line: --add-opens=java.base/java.util=ALL-UNNAMED --add-opens=java.base/java.lang=ALL-UNNAMED --add-opens=java.base/java.lang.invoke=ALL-UNNAMED --add-opens=java.prefs/java.util.prefs=ALL-UNNAMED --add-opens=java.base/java.nio.charset=ALL-UNNAMED --add-opens=java.base/java.net=ALL-UNNAMED --add-opens=java.base/java.util.concurrent.atomic=ALL-UNNAMED -Xmx2048m -Dfile.encoding=UTF-8 -Duser.country=KR -Duser.language=ko -Duser.variant -javaagent:C:\Users\user\.gradle\wrapper\dists\gradle-8.4-bin\1w5dpkrfk8irigvoxmyhowfim\gradle-8.4\lib\agents\gradle-instrumentation-agent-8.4.jar org.gradle.launcher.daemon.bootstrap.GradleDaemon 8.4

Host: 12th Gen Intel(R) Core(TM) i5-1235U, 12 cores, 15G,  Windows 11 , 64 bit Build 22621 (10.0.22621.3374)
Time: Thu Apr 25 00:48:02 2024  Windows 11 , 64 bit Build 22621 (10.0.22621.3374) elapsed time: 12.512020 seconds (0d 0h 0m 12s)

---------------  T H R E A D  ---------------

Current thread (0x0000028ef8683d40):  VMThread "VM Thread" [stack: 0x000000ba43100000,0x000000ba43200000] [id=20664]

Stack: [0x000000ba43100000,0x000000ba43200000]
Native frames: (J=compiled Java code, j=interpreted, Vv=VM code, C=native code)
V  [jvm.dll+0x6886e9]
V  [jvm.dll+0x841e4a]
V  [jvm.dll+0x843a8e]
V  [jvm.dll+0x8440f3]
V  [jvm.dll+0x24c14f]
V  [jvm.dll+0x685499]
V  [jvm.dll+0x679c2a]
V  [jvm.dll+0x30cf9b]
V  [jvm.dll+0x314446]
V  [jvm.dll+0x36425e]
V  [jvm.dll+0x36448f]
V  [jvm.dll+0x2e2d68]
V  [jvm.dll+0x2e0f44]
V  [jvm.dll+0x2e054c]
V  [jvm.dll+0x3253fb]
V  [jvm.dll+0x8487eb]
V  [jvm.dll+0x849531]
V  [jvm.dll+0x849a4d]
V  [jvm.dll+0x849e24]
V  [jvm.dll+0x849ef0]
V  [jvm.dll+0x7f06aa]
V  [jvm.dll+0x687565]
C  [ucrtbase.dll+0x29333]
C  [KERNEL32.DLL+0x1257d]
C  [ntdll.dll+0x5aa48]

VM_Operation (0x000000ba44befa00): G1CollectForAllocation, mode: safepoint, requested by thread 0x0000028efe7bd380


---------------  P R O C E S S  ---------------

Threads class SMR info:
_java_thread_list=0x0000028eff14e000, length=61, elements={
0x0000028ede3ab830, 0x0000028ef868e740, 0x0000028ef8810560, 0x0000028ef883dce0,
0x0000028ef883e7b0, 0x0000028ef8867310, 0x0000028ef8867be0, 0x0000028ef8868980,
0x0000028ef8869430, 0x0000028ef8869e30, 0x0000028ef89c49a0, 0x0000028ef8aca1f0,
0x0000028efe5ea020, 0x0000028efe8610a0, 0x0000028efecf79d0, 0x0000028efdfbf440,
0x0000028efd902890, 0x0000028efe7bb520, 0x0000028efe7bd380, 0x0000028efe7bdda0,
0x0000028efe7bd890, 0x0000028efe7bc960, 0x0000028efe7be7c0, 0x0000028efe7bb010,
0x0000028efe7bba30, 0x0000028efe7bc450, 0x0000028e80ba6670, 0x0000028e80ba7ab0,
0x0000028e80ba33d0, 0x0000028e80ba38e0, 0x0000028e80ba7090, 0x0000028e80ba6b80,
0x0000028e80ba3df0, 0x0000028e80ba4300, 0x0000028efeb48630, 0x0000028efeb4c800,
0x0000028efeb4cd10, 0x0000028efeb458a0, 0x0000028efeb4d220, 0x0000028eff5d8aa0,
0x0000028efeb45db0, 0x0000028efeb46ce0, 0x0000028efe7bce70, 0x0000028efe7bbf40,
0x0000028e80ba9400, 0x0000028e820e4b70, 0x0000028e820ddc10, 0x0000028e820e0eb0,
0x0000028e820e5080, 0x0000028e820e22f0, 0x0000028e820e5590, 0x0000028e820de120,
0x0000028e820e4660, 0x0000028e820e13c0, 0x0000028eff5d4040, 0x0000028e820de630,
0x0000028e820e2800, 0x0000028e820dff80, 0x0000028e820df560, 0x0000028e820e3220,
0x0000028e820e3730
}

Java Threads: ( => current thread )
  0x0000028ede3ab830 JavaThread "main" [_thread_blocked, id=19872, stack(0x000000ba42b00000,0x000000ba42c00000)]
  0x0000028ef868e740 JavaThread "Reference Handler" daemon [_thread_blocked, id=21232, stack(0x000000ba43200000,0x000000ba43300000)]
  0x0000028ef8810560 JavaThread "Finalizer" daemon [_thread_blocked, id=8888, stack(0x000000ba43300000,0x000000ba43400000)]
  0x0000028ef883dce0 JavaThread "Signal Dispatcher" daemon [_thread_blocked, id=1632, stack(0x000000ba43400000,0x000000ba43500000)]
  0x0000028ef883e7b0 JavaThread "Attach Listener" daemon [_thread_blocked, id=13872, stack(0x000000ba43500000,0x000000ba43600000)]
  0x0000028ef8867310 JavaThread "Service Thread" daemon [_thread_blocked, id=6324, stack(0x000000ba43600000,0x000000ba43700000)]
  0x0000028ef8867be0 JavaThread "Monitor Deflation Thread" daemon [_thread_blocked, id=3252, stack(0x000000ba43700000,0x000000ba43800000)]
  0x0000028ef8868980 JavaThread "C2 CompilerThread0" daemon [_thread_blocked, id=18632, stack(0x000000ba43800000,0x000000ba43900000)]
  0x0000028ef8869430 JavaThread "C1 CompilerThread0" daemon [_thread_blocked, id=14580, stack(0x000000ba43900000,0x000000ba43a00000)]
  0x0000028ef8869e30 JavaThread "Sweeper thread" daemon [_thread_blocked, id=6928, stack(0x000000ba43a00000,0x000000ba43b00000)]
  0x0000028ef89c49a0 JavaThread "Common-Cleaner" daemon [_thread_blocked, id=16704, stack(0x000000ba43b00000,0x000000ba43c00000)]
  0x0000028ef8aca1f0 JavaThread "Notification Thread" daemon [_thread_blocked, id=8984, stack(0x000000ba43c00000,0x000000ba43d00000)]
  0x0000028efe5ea020 JavaThread "Daemon health stats" [_thread_blocked, id=18692, stack(0x000000ba44500000,0x000000ba44600000)]
  0x0000028efe8610a0 JavaThread "Incoming local TCP Connector on port 51191" [_thread_in_native, id=21468, stack(0x000000ba44600000,0x000000ba44700000)]
  0x0000028efecf79d0 JavaThread "Daemon periodic checks" [_thread_blocked, id=10724, stack(0x000000ba44700000,0x000000ba44800000)]
  0x0000028efdfbf440 JavaThread "Daemon" [_thread_blocked, id=13548, stack(0x000000ba44800000,0x000000ba44900000)]
  0x0000028efd902890 JavaThread "Handler for socket connection from /127.0.0.1:51191 to /127.0.0.1:51192" [_thread_in_native, id=6080, stack(0x000000ba44900000,0x000000ba44a00000)]
  0x0000028efe7bb520 JavaThread "Cancel handler" [_thread_blocked, id=10952, stack(0x000000ba44a00000,0x000000ba44b00000)]
  0x0000028efe7bd380 JavaThread "Daemon worker" [_thread_blocked, id=20640, stack(0x000000ba44b00000,0x000000ba44c00000)]
  0x0000028efe7bdda0 JavaThread "Asynchronous log dispatcher for DefaultDaemonConnection: socket connection from /127.0.0.1:51191 to /127.0.0.1:51192" [_thread_blocked, id=20676, stack(0x000000ba44c00000,0x000000ba44d00000)]
  0x0000028efe7bd890 JavaThread "Stdin handler" [_thread_blocked, id=12188, stack(0x000000ba44d00000,0x000000ba44e00000)]
  0x0000028efe7bc960 JavaThread "Daemon client event forwarder" [_thread_blocked, id=8084, stack(0x000000ba44e00000,0x000000ba44f00000)]
  0x0000028efe7be7c0 JavaThread "Cache worker for journal cache (C:\Users\user\.gradle\caches\journal-1)" [_thread_blocked, id=16096, stack(0x000000ba45500000,0x000000ba45600000)]
  0x0000028efe7bb010 JavaThread "File lock request listener" [_thread_in_native, id=11708, stack(0x000000ba45600000,0x000000ba45700000)]
  0x0000028efe7bba30 JavaThread "Cache worker for file hash cache (C:\Users\user\.gradle\caches\8.4\fileHashes)" [_thread_blocked, id=14220, stack(0x000000ba45700000,0x000000ba45800000)]
  0x0000028efe7bc450 JavaThread "File watcher server" daemon [_thread_blocked, id=10868, stack(0x000000ba45800000,0x000000ba45900000)]
  0x0000028e80ba6670 JavaThread "File watcher consumer" daemon [_thread_blocked, id=18244, stack(0x000000ba45900000,0x000000ba45a00000)]
  0x0000028e80ba7ab0 JavaThread "Cache worker for checksums cache (D:\Androids\Randomint\.gradle\8.4\checksums)" [_thread_blocked, id=7328, stack(0x000000ba45a00000,0x000000ba45b00000)]
  0x0000028e80ba33d0 JavaThread "Cache worker for file hash cache (D:\Androids\Randomint\.gradle\8.4\fileHashes)" [_thread_blocked, id=18136, stack(0x000000ba45b00000,0x000000ba45c00000)]
  0x0000028e80ba38e0 JavaThread "Cache worker for cache directory md-supplier (C:\Users\user\.gradle\caches\8.4\md-supplier)" [_thread_blocked, id=1316, stack(0x000000ba45c00000,0x000000ba45d00000)]
  0x0000028e80ba7090 JavaThread "Cache worker for file content cache (C:\Users\user\.gradle\caches\8.4\fileContent)" [_thread_blocked, id=9776, stack(0x000000ba45d00000,0x000000ba45e00000)]
  0x0000028e80ba6b80 JavaThread "Cache worker for cache directory md-rule (C:\Users\user\.gradle\caches\8.4\md-rule)" [_thread_blocked, id=12696, stack(0x000000ba45e00000,0x000000ba45f00000)]
  0x0000028e80ba3df0 JavaThread "Cache worker for execution history cache (C:\Users\user\.gradle\caches\8.4\executionHistory)" [_thread_blocked, id=18444, stack(0x000000ba45f00000,0x000000ba46000000)]
  0x0000028e80ba4300 JavaThread "Cache worker for kotlin-dsl (C:\Users\user\.gradle\caches\8.4\kotlin-dsl)" [_thread_blocked, id=3760, stack(0x000000ba46100000,0x000000ba46200000)]
  0x0000028efeb48630 JavaThread "jar transforms" [_thread_blocked, id=7836, stack(0x000000ba46300000,0x000000ba46400000)]
  0x0000028efeb4c800 JavaThread "jar transforms Thread 2" [_thread_blocked, id=10736, stack(0x000000ba46400000,0x000000ba46500000)]
  0x0000028efeb4cd10 JavaThread "jar transforms Thread 3" [_thread_blocked, id=15816, stack(0x000000ba46500000,0x000000ba46600000)]
  0x0000028efeb458a0 JavaThread "jar transforms Thread 4" [_thread_blocked, id=10776, stack(0x000000ba46600000,0x000000ba46700000)]
  0x0000028efeb4d220 JavaThread "Cache worker for dependencies-accessors (D:\Androids\Randomint\.gradle\8.4\dependencies-accessors)" [_thread_blocked, id=13868, stack(0x000000ba46700000,0x000000ba46800000)]
  0x0000028eff5d8aa0 JavaThread "C2 CompilerThread1" daemon [_thread_in_native, id=15588, stack(0x000000ba43e00000,0x000000ba43f00000)]
  0x0000028efeb45db0 JavaThread "Cache worker for Build Output Cleanup Cache (D:\Androids\Randomint\.gradle\buildOutputCleanup)" [_thread_blocked, id=10792, stack(0x000000ba43f00000,0x000000ba44000000)]
  0x0000028efeb46ce0 JavaThread "jar transforms Thread 5" [_thread_blocked, id=13772, stack(0x000000ba46800000,0x000000ba46900000)]
  0x0000028efe7bce70 JavaThread "jar transforms Thread 6" [_thread_blocked, id=548, stack(0x000000ba46900000,0x000000ba46a00000)]
  0x0000028efe7bbf40 JavaThread "Unconstrained build operations" [_thread_blocked, id=5964, stack(0x000000ba46a00000,0x000000ba46b00000)]
  0x0000028e80ba9400 JavaThread "Unconstrained build operations Thread 2" [_thread_blocked, id=16196, stack(0x000000ba46b00000,0x000000ba46c00000)]
  0x0000028e820e4b70 JavaThread "Unconstrained build operations Thread 3" [_thread_blocked, id=7628, stack(0x000000ba46c00000,0x000000ba46d00000)]
  0x0000028e820ddc10 JavaThread "Unconstrained build operations Thread 4" [_thread_blocked, id=6320, stack(0x000000ba46d00000,0x000000ba46e00000)]
  0x0000028e820e0eb0 JavaThread "Unconstrained build operations Thread 5" [_thread_blocked, id=8016, stack(0x000000ba46e00000,0x000000ba46f00000)]
  0x0000028e820e5080 JavaThread "Unconstrained build operations Thread 6" [_thread_blocked, id=7212, stack(0x000000ba46f00000,0x000000ba47000000)]
  0x0000028e820e22f0 JavaThread "Unconstrained build operations Thread 7" [_thread_blocked, id=20740, stack(0x000000ba47000000,0x000000ba47100000)]
  0x0000028e820e5590 JavaThread "Unconstrained build operations Thread 8" [_thread_blocked, id=7396, stack(0x000000ba47100000,0x000000ba47200000)]
  0x0000028e820de120 JavaThread "Unconstrained build operations Thread 9" [_thread_blocked, id=6644, stack(0x000000ba47200000,0x000000ba47300000)]
  0x0000028e820e4660 JavaThread "Unconstrained build operations Thread 10" [_thread_blocked, id=16484, stack(0x000000ba47300000,0x000000ba47400000)]
  0x0000028e820e13c0 JavaThread "Unconstrained build operations Thread 11" [_thread_blocked, id=3980, stack(0x000000ba47400000,0x000000ba47500000)]
  0x0000028eff5d4040 JavaThread "C2 CompilerThread2" daemon [_thread_blocked, id=7308, stack(0x000000ba47500000,0x000000ba47600000)]
  0x0000028e820de630 JavaThread "jar transforms Thread 7" [_thread_blocked, id=20404, stack(0x000000ba47600000,0x000000ba47700000)]
  0x0000028e820e2800 JavaThread "jar transforms Thread 8" [_thread_blocked, id=12680, stack(0x000000ba47700000,0x000000ba47800000)]
  0x0000028e820dff80 JavaThread "jar transforms Thread 9" [_thread_blocked, id=4856, stack(0x000000ba47800000,0x000000ba47900000)]
  0x0000028e820df560 JavaThread "jar transforms Thread 10" [_thread_blocked, id=13072, stack(0x000000ba47900000,0x000000ba47a00000)]
  0x0000028e820e3220 JavaThread "jar transforms Thread 11" [_thread_blocked, id=13540, stack(0x000000ba47a00000,0x000000ba47b00000)]
  0x0000028e820e3730 JavaThread "jar transforms Thread 12" [_thread_blocked, id=19152, stack(0x000000ba47b00000,0x000000ba47c00000)]

Other Threads:
=>0x0000028ef8683d40 VMThread "VM Thread" [stack: 0x000000ba43100000,0x000000ba43200000] [id=20664]
  0x0000028ef8aca6d0 WatcherThread [stack: 0x000000ba43d00000,0x000000ba43e00000] [id=12384]
  0x0000028ede407f00 GCTaskThread "GC Thread#0" [stack: 0x000000ba42c00000,0x000000ba42d00000] [id=13228]
  0x0000028efd2f8290 GCTaskThread "GC Thread#1" [stack: 0x000000ba44000000,0x000000ba44100000] [id=6800]
  0x0000028efd2f8550 GCTaskThread "GC Thread#2" [stack: 0x000000ba44100000,0x000000ba44200000] [id=12700]
  0x0000028efd2c7710 GCTaskThread "GC Thread#3" [stack: 0x000000ba44200000,0x000000ba44300000] [id=11528]
  0x0000028efd2c79d0 GCTaskThread "GC Thread#4" [stack: 0x000000ba44300000,0x000000ba44400000] [id=16360]
  0x0000028efd2c7c90 GCTaskThread "GC Thread#5" [stack: 0x000000ba44400000,0x000000ba44500000] [id=4936]
  0x0000028efe665030 GCTaskThread "GC Thread#6" [stack: 0x000000ba44f00000,0x000000ba45000000] [id=19844]
  0x0000028efeec6020 GCTaskThread "GC Thread#7" [stack: 0x000000ba45000000,0x000000ba45100000] [id=19840]
  0x0000028efeec83e0 GCTaskThread "GC Thread#8" [stack: 0x000000ba45100000,0x000000ba45200000] [id=20864]
  0x0000028efe7c0440 GCTaskThread "GC Thread#9" [stack: 0x000000ba45200000,0x000000ba45300000] [id=15120]
  0x0000028ede418e50 ConcurrentGCThread "G1 Main Marker" [stack: 0x000000ba42d00000,0x000000ba42e00000] [id=14024]
  0x0000028ede419870 ConcurrentGCThread "G1 Conc#0" [stack: 0x000000ba42e00000,0x000000ba42f00000] [id=13488]
  0x0000028efee36030 ConcurrentGCThread "G1 Conc#1" [stack: 0x000000ba45300000,0x000000ba45400000] [id=16956]
  0x0000028efee362f0 ConcurrentGCThread "G1 Conc#2" [stack: 0x000000ba45400000,0x000000ba45500000] [id=12852]
  0x0000028ede45d0d0 ConcurrentGCThread "G1 Refine#0" [stack: 0x000000ba42f00000,0x000000ba43000000] [id=5488]
  0x0000028e81f021b0 ConcurrentGCThread "G1 Refine#1" [stack: 0x000000ba46000000,0x000000ba46100000] [id=12952]
  0x0000028e82878dc0 ConcurrentGCThread "G1 Refine#2" [stack: 0x000000ba46200000,0x000000ba46300000] [id=2828]
  0x0000028ede45db00 ConcurrentGCThread "G1 Service" [stack: 0x000000ba43000000,0x000000ba43100000] [id=20592]

Threads with active compile tasks:
C2 CompilerThread0    12543 11337       4       org.jetbrains.org.objectweb.asm.ClassReader::readElementValue (1237 bytes)
C2 CompilerThread1    12543 11302   !   4       org.jetbrains.kotlin.metadata.ProtoBuf$TypeParameter::<init> (662 bytes)
C2 CompilerThread2    12543 11358   !   4       org.jetbrains.kotlin.metadata.jvm.JvmProtoBuf$StringTableTypes$Record::<init> (759 bytes)

VM state: at safepoint (normal execution)

VM Mutex/Monitor currently owned by a thread:  ([mutex/lock_event])
[0x0000028ede3a7950] Threads_lock - owner thread: 0x0000028ef8683d40
[0x0000028ede3a7320] Heap_lock - owner thread: 0x0000028efe7bd380

Heap address: 0x0000000080000000, size: 2048 MB, Compressed Oops mode: 32-bit

CDS archive(s) not mapped
Compressed class space mapped at: 0x0000000100000000-0x0000000140000000, reserved size: 1073741824
Narrow klass base: 0x0000000000000000, Narrow klass shift: 3, Narrow klass range: 0x140000000

GC Precious Log:
 CPUs: 12 total, 12 available
 Memory: 16083M
 Large Page Support: Disabled
 NUMA Support: Disabled
 Compressed Oops: Enabled (32-bit)
 Heap Region Size: 1M
 Heap Min Capacity: 8M
 Heap Initial Capacity: 252M
 Heap Max Capacity: 2G
 Pre-touch: Disabled
 Parallel Workers: 10
 Concurrent Workers: 3
 Concurrent Refinement Workers: 10
 Periodic GC: Disabled

Heap:
 garbage-first heap   total 259072K, used 95872K [0x0000000080000000, 0x0000000100000000)
  region size 1024K, 1 young (1024K), 1 survivors (1024K)
 Metaspace       used 124441K, committed 125120K, reserved 1179648K
  class space    used 16171K, committed 16512K, reserved 1048576K

Heap Regions: E=young(eden), S=young(survivor), O=old, HS=humongous(starts), HC=humongous(continues), CS=collection set, F=free, OA=open archive, CA=closed archive, TAMS=top-at-mark-start (previous, next)
|   0|0x0000000080000000, 0x0000000080100000, 0x0000000080100000|100%|HS|  |TAMS 0x0000000080100000, 0x0000000080000000| Complete 
|   1|0x0000000080100000, 0x0000000080200000, 0x0000000080200000|100%|HC|  |TAMS 0x0000000080200000, 0x0000000080100000| Complete 
|   2|0x0000000080200000, 0x0000000080300000, 0x0000000080300000|100%|HC|  |TAMS 0x0000000080300000, 0x0000000080200000| Complete 
|   3|0x0000000080300000, 0x0000000080400000, 0x0000000080400000|100%|HC|  |TAMS 0x0000000080400000, 0x0000000080300000| Complete 
|   4|0x0000000080400000, 0x0000000080500000, 0x0000000080500000|100%| O|  |TAMS 0x0000000080500000, 0x0000000080400000| Untracked 
|   5|0x0000000080500000, 0x0000000080600000, 0x0000000080600000|100%| O|  |TAMS 0x0000000080600000, 0x0000000080500000| Untracked 
|   6|0x0000000080600000, 0x0000000080700000, 0x0000000080700000|100%| O|  |TAMS 0x0000000080700000, 0x0000000080600000| Untracked 
|   7|0x0000000080700000, 0x0000000080800000, 0x0000000080800000|100%| O|  |TAMS 0x0000000080800000, 0x0000000080700000| Untracked 
|   8|0x0000000080800000, 0x0000000080900000, 0x0000000080900000|100%| O|  |TAMS 0x0000000080900000, 0x0000000080800000| Untracked 
|   9|0x0000000080900000, 0x0000000080a00000, 0x0000000080a00000|100%| O|  |TAMS 0x0000000080a00000, 0x0000000080900000| Untracked 
|  10|0x0000000080a00000, 0x0000000080b00000, 0x0000000080b00000|100%| O|  |TAMS 0x0000000080b00000, 0x0000000080a00000| Untracked 
|  11|0x0000000080b00000, 0x0000000080c00000, 0x0000000080c00000|100%| O|  |TAMS 0x0000000080c00000, 0x0000000080b00000| Untracked 
|  12|0x0000000080c00000, 0x0000000080d00000, 0x0000000080d00000|100%| O|  |TAMS 0x0000000080d00000, 0x0000000080c00000| Untracked 
|  13|0x0000000080d00000, 0x0000000080e00000, 0x0000000080e00000|100%| O|  |TAMS 0x0000000080e00000, 0x0000000080d00000| Untracked 
|  14|0x0000000080e00000, 0x0000000080f00000, 0x0000000080f00000|100%| O|  |TAMS 0x0000000080f00000, 0x0000000080e00000| Untracked 
|  15|0x0000000080f00000, 0x0000000081000000, 0x0000000081000000|100%| O|  |TAMS 0x0000000081000000, 0x0000000080f00000| Untracked 
|  16|0x0000000081000000, 0x0000000081100000, 0x0000000081100000|100%| O|  |TAMS 0x0000000081100000, 0x0000000081000000| Untracked 
|  17|0x0000000081100000, 0x0000000081200000, 0x0000000081200000|100%| O|  |TAMS 0x0000000081200000, 0x0000000081100000| Untracked 
|  18|0x0000000081200000, 0x0000000081300000, 0x0000000081300000|100%| O|  |TAMS 0x0000000081300000, 0x0000000081200000| Untracked 
|  19|0x0000000081300000, 0x0000000081400000, 0x0000000081400000|100%| O|  |TAMS 0x0000000081400000, 0x0000000081300000| Untracked 
|  20|0x0000000081400000, 0x0000000081500000, 0x0000000081500000|100%| O|  |TAMS 0x0000000081500000, 0x0000000081400000| Untracked 
|  21|0x0000000081500000, 0x0000000081600000, 0x0000000081600000|100%| O|  |TAMS 0x0000000081600000, 0x0000000081500000| Untracked 
|  22|0x0000000081600000, 0x0000000081700000, 0x0000000081700000|100%| O|  |TAMS 0x0000000081700000, 0x0000000081600000| Untracked 
|  23|0x0000000081700000, 0x0000000081800000, 0x0000000081800000|100%| O|  |TAMS 0x0000000081800000, 0x0000000081700000| Untracked 
|  24|0x0000000081800000, 0x0000000081900000, 0x0000000081900000|100%| O|  |TAMS 0x0000000081900000, 0x0000000081800000| Untracked 
|  25|0x0000000081900000, 0x0000000081a00000, 0x0000000081a00000|100%| O|  |TAMS 0x0000000081a00000, 0x0000000081900000| Untracked 
|  26|0x0000000081a00000, 0x0000000081b00000, 0x0000000081b00000|100%| O|  |TAMS 0x0000000081b00000, 0x0000000081a00000| Untracked 
|  27|0x0000000081b00000, 0x0000000081c00000, 0x0000000081c00000|100%| O|  |TAMS 0x0000000081c00000, 0x0000000081b00000| Untracked 
|  28|0x0000000081c00000, 0x0000000081d00000, 0x0000000081d00000|100%| O|  |TAMS 0x0000000081d00000, 0x0000000081c00000| Untracked 
|  29|0x0000000081d00000, 0x0000000081e00000, 0x0000000081e00000|100%| O|  |TAMS 0x0000000081e00000, 0x0000000081d00000| Untracked 
|  30|0x0000000081e00000, 0x0000000081f00000, 0x0000000081f00000|100%| O|  |TAMS 0x0000000081f00000, 0x0000000081e00000| Untracked 
|  31|0x0000000081f00000, 0x0000000082000000, 0x0000000082000000|100%| O|  |TAMS 0x0000000082000000, 0x0000000081f00000| Untracked 
|  32|0x0000000082000000, 0x0000000082100000, 0x0000000082100000|100%| O|  |TAMS 0x0000000082100000, 0x0000000082000000| Untracked 
|  33|0x0000000082100000, 0x0000000082200000, 0x0000000082200000|100%| O|  |TAMS 0x0000000082200000, 0x0000000082100000| Untracked 
|  34|0x0000000082200000, 0x0000000082300000, 0x0000000082300000|100%| O|  |TAMS 0x0000000082300000, 0x0000000082200000| Untracked 
|  35|0x0000000082300000, 0x0000000082400000, 0x0000000082400000|100%|HS|  |TAMS 0x0000000082400000, 0x0000000082300000| Complete 
|  36|0x0000000082400000, 0x0000000082500000, 0x0000000082500000|100%| O|  |TAMS 0x0000000082500000, 0x0000000082400000| Untracked 
|  37|0x0000000082500000, 0x0000000082600000, 0x0000000082600000|100%| O|  |TAMS 0x0000000082600000, 0x0000000082500000| Untracked 
|  38|0x0000000082600000, 0x0000000082700000, 0x0000000082700000|100%| O|  |TAMS 0x0000000082700000, 0x0000000082600000| Untracked 
|  39|0x0000000082700000, 0x0000000082800000, 0x0000000082800000|100%| O|  |TAMS 0x0000000082800000, 0x0000000082700000| Untracked 
|  40|0x0000000082800000, 0x0000000082900000, 0x0000000082900000|100%| O|  |TAMS 0x0000000082900000, 0x0000000082800000| Untracked 
|  41|0x0000000082900000, 0x0000000082900000, 0x0000000082a00000|  0%| F|  |TAMS 0x0000000082900000, 0x0000000082900000| Untracked 
|  42|0x0000000082a00000, 0x0000000082b00000, 0x0000000082b00000|100%| O|  |TAMS 0x0000000082b00000, 0x0000000082a00000| Untracked 
|  43|0x0000000082b00000, 0x0000000082c00000, 0x0000000082c00000|100%| O|  |TAMS 0x0000000082c00000, 0x0000000082b00000| Untracked 
|  44|0x0000000082c00000, 0x0000000082d00000, 0x0000000082d00000|100%| O|  |TAMS 0x0000000082d00000, 0x0000000082c00000| Untracked 
|  45|0x0000000082d00000, 0x0000000082e00000, 0x0000000082e00000|100%| O|  |TAMS 0x0000000082d00000, 0x0000000082d00000| Untracked 
|  46|0x0000000082e00000, 0x0000000082f00000, 0x0000000082f00000|100%| O|  |TAMS 0x0000000082f00000, 0x0000000082e00000| Untracked 
|  47|0x0000000082f00000, 0x0000000083000000, 0x0000000083000000|100%| O|  |TAMS 0x0000000083000000, 0x0000000082f00000| Untracked 
|  48|0x0000000083000000, 0x0000000083100000, 0x0000000083100000|100%| O|  |TAMS 0x0000000083100000, 0x0000000083000000| Untracked 
|  49|0x0000000083100000, 0x0000000083200000, 0x0000000083200000|100%| O|  |TAMS 0x0000000083200000, 0x0000000083100000| Untracked 
|  50|0x0000000083200000, 0x0000000083300000, 0x0000000083300000|100%| O|  |TAMS 0x0000000083300000, 0x0000000083200000| Untracked 
|  51|0x0000000083300000, 0x0000000083400000, 0x0000000083400000|100%|HS|  |TAMS 0x0000000083400000, 0x0000000083300000| Complete 
|  52|0x0000000083400000, 0x0000000083500000, 0x0000000083500000|100%|HC|  |TAMS 0x0000000083500000, 0x0000000083400000| Complete 
|  53|0x0000000083500000, 0x0000000083600000, 0x0000000083600000|100%|HC|  |TAMS 0x0000000083600000, 0x0000000083500000| Complete 
|  54|0x0000000083600000, 0x0000000083700000, 0x0000000083700000|100%|HC|  |TAMS 0x0000000083700000, 0x0000000083600000| Complete 
|  55|0x0000000083700000, 0x0000000083800000, 0x0000000083800000|100%|HC|  |TAMS 0x0000000083800000, 0x0000000083700000| Complete 
|  56|0x0000000083800000, 0x0000000083900000, 0x0000000083900000|100%|HC|  |TAMS 0x0000000083900000, 0x0000000083800000| Complete 
|  57|0x0000000083900000, 0x0000000083a00000, 0x0000000083a00000|100%| O|  |TAMS 0x0000000083900000, 0x0000000083900000| Untracked 
|  58|0x0000000083a00000, 0x0000000083b00000, 0x0000000083b00000|100%| O|  |TAMS 0x0000000083a00000, 0x0000000083a00000| Untracked 
|  59|0x0000000083b00000, 0x0000000083b00000, 0x0000000083c00000|  0%| F|  |TAMS 0x0000000083b00000, 0x0000000083b00000| Untracked 
|  60|0x0000000083c00000, 0x0000000083cc8e00, 0x0000000083d00000| 78%| O|  |TAMS 0x0000000083c00000, 0x0000000083c00000| Untracked 
|  61|0x0000000083d00000, 0x0000000083d00000, 0x0000000083e00000|  0%| F|  |TAMS 0x0000000083d00000, 0x0000000083d00000| Untracked 
|  62|0x0000000083e00000, 0x0000000083e00000, 0x0000000083f00000|  0%| F|  |TAMS 0x0000000083e00000, 0x0000000083e00000| Untracked 
|  63|0x0000000083f00000, 0x0000000084000000, 0x0000000084000000|100%| O|  |TAMS 0x0000000084000000, 0x0000000083f00000| Untracked 
|  64|0x0000000084000000, 0x0000000084100000, 0x0000000084100000|100%| O|  |TAMS 0x0000000084100000, 0x0000000084000000| Untracked 
|  65|0x0000000084100000, 0x0000000084200000, 0x0000000084200000|100%| O|  |TAMS 0x0000000084200000, 0x0000000084100000| Untracked 
|  66|0x0000000084200000, 0x0000000084300000, 0x0000000084300000|100%| O|  |TAMS 0x0000000084300000, 0x0000000084200000| Untracked 
|  67|0x0000000084300000, 0x0000000084400000, 0x0000000084400000|100%| O|  |TAMS 0x0000000084400000, 0x0000000084300000| Untracked 
|  68|0x0000000084400000, 0x0000000084500000, 0x0000000084500000|100%| O|  |TAMS 0x0000000084500000, 0x0000000084400000| Untracked 
|  69|0x0000000084500000, 0x0000000084600000, 0x0000000084600000|100%| O|  |TAMS 0x0000000084600000, 0x0000000084500000| Untracked 
|  70|0x0000000084600000, 0x0000000084600000, 0x0000000084700000|  0%| F|  |TAMS 0x0000000084600000, 0x0000000084600000| Untracked 
|  71|0x0000000084700000, 0x0000000084800000, 0x0000000084800000|100%| O|  |TAMS 0x0000000084800000, 0x0000000084700000| Untracked 
|  72|0x0000000084800000, 0x0000000084900000, 0x0000000084900000|100%| O|  |TAMS 0x0000000084900000, 0x0000000084800000| Untracked 
|  73|0x0000000084900000, 0x0000000084a00000, 0x0000000084a00000|100%| O|  |TAMS 0x0000000084a00000, 0x0000000084900000| Untracked 
|  74|0x0000000084a00000, 0x0000000084b00000, 0x0000000084b00000|100%| O|  |TAMS 0x0000000084b00000, 0x0000000084a00000| Untracked 
|  75|0x0000000084b00000, 0x0000000084c00000, 0x0000000084c00000|100%| O|  |TAMS 0x0000000084c00000, 0x0000000084b00000| Untracked 
|  76|0x0000000084c00000, 0x0000000084d00000, 0x0000000084d00000|100%|HS|  |TAMS 0x0000000084d00000, 0x0000000084c00000| Complete 
|  77|0x0000000084d00000, 0x0000000084e00000, 0x0000000084e00000|100%|HS|  |TAMS 0x0000000084e00000, 0x0000000084d00000| Complete 
|  78|0x0000000084e00000, 0x0000000084f00000, 0x0000000084f00000|100%|HS|  |TAMS 0x0000000084f00000, 0x0000000084e00000| Complete 
|  79|0x0000000084f00000, 0x0000000085000000, 0x0000000085000000|100%| O|  |TAMS 0x0000000085000000, 0x0000000084f00000| Untracked 
|  80|0x0000000085000000, 0x0000000085100000, 0x0000000085100000|100%| O|  |TAMS 0x0000000085100000, 0x0000000085000000| Untracked 
|  81|0x0000000085100000, 0x0000000085200000, 0x0000000085200000|100%| O|  |TAMS 0x0000000085200000, 0x0000000085100000| Untracked 
|  82|0x0000000085200000, 0x0000000085300000, 0x0000000085300000|100%| O|  |TAMS 0x0000000085300000, 0x0000000085200000| Untracked 
|  83|0x0000000085300000, 0x0000000085400000, 0x0000000085400000|100%| O|  |TAMS 0x0000000085400000, 0x0000000085300000| Untracked 
|  84|0x0000000085400000, 0x0000000085500000, 0x0000000085500000|100%| O|  |TAMS 0x0000000085500000, 0x0000000085400000| Untracked 
|  85|0x0000000085500000, 0x0000000085600000, 0x0000000085600000|100%| O|  |TAMS 0x0000000085600000, 0x0000000085500000| Untracked 
|  86|0x0000000085600000, 0x0000000085700000, 0x0000000085700000|100%| O|  |TAMS 0x0000000085700000, 0x0000000085600000| Untracked 
|  87|0x0000000085700000, 0x0000000085800000, 0x0000000085800000|100%| O|  |TAMS 0x0000000085800000, 0x0000000085700000| Untracked 
|  88|0x0000000085800000, 0x0000000085900000, 0x0000000085900000|100%| O|  |TAMS 0x0000000085900000, 0x0000000085800000| Untracked 
|  89|0x0000000085900000, 0x0000000085a00000, 0x0000000085a00000|100%| O|  |TAMS 0x0000000085a00000, 0x0000000085900000| Untracked 
|  90|0x0000000085a00000, 0x0000000085b00000, 0x0000000085b00000|100%| O|  |TAMS 0x0000000085b00000, 0x0000000085a00000| Untracked 
|  91|0x0000000085b00000, 0x0000000085c00000, 0x0000000085c00000|100%| O|  |TAMS 0x0000000085c00000, 0x0000000085b00000| Untracked 
|  92|0x0000000085c00000, 0x0000000085d00000, 0x0000000085d00000|100%| O|  |TAMS 0x0000000085d00000, 0x0000000085c00000| Untracked 
|  93|0x0000000085d00000, 0x0000000085d00000, 0x0000000085e00000|  0%| F|  |TAMS 0x0000000085d00000, 0x0000000085d00000| Untracked 
|  94|0x0000000085e00000, 0x0000000085e00000, 0x0000000085f00000|  0%| F|  |TAMS 0x0000000085e00000, 0x0000000085e00000| Untracked 
|  95|0x0000000085f00000, 0x0000000085f00000, 0x0000000086000000|  0%| F|  |TAMS 0x0000000085f00000, 0x0000000085f00000| Untracked 
|  96|0x0000000086000000, 0x0000000086000000, 0x0000000086100000|  0%| F|  |TAMS 0x0000000086000000, 0x0000000086000000| Untracked 
|  97|0x0000000086100000, 0x0000000086100000, 0x0000000086200000|  0%| F|  |TAMS 0x0000000086100000, 0x0000000086100000| Untracked 
|  98|0x0000000086200000, 0x0000000086200000, 0x0000000086300000|  0%| F|  |TAMS 0x0000000086200000, 0x0000000086200000| Untracked 
|  99|0x0000000086300000, 0x0000000086300000, 0x0000000086400000|  0%| F|  |TAMS 0x0000000086300000, 0x0000000086300000| Untracked 
| 100|0x0000000086400000, 0x0000000086400000, 0x0000000086500000|  0%| F|  |TAMS 0x0000000086400000, 0x0000000086400000| Untracked 
| 101|0x0000000086500000, 0x0000000086600000, 0x0000000086600000|100%| O|  |TAMS 0x0000000086600000, 0x0000000086500000| Untracked 
| 102|0x0000000086600000, 0x0000000086700000, 0x0000000086700000|100%| O|  |TAMS 0x0000000086700000, 0x0000000086600000| Untracked 
| 103|0x0000000086700000, 0x0000000086800000, 0x0000000086800000|100%| O|  |TAMS 0x0000000086800000, 0x0000000086700000| Untracked 
| 104|0x0000000086800000, 0x0000000086900000, 0x0000000086900000|100%| O|  |TAMS 0x000000008684de00, 0x0000000086800000| Untracked 
| 105|0x0000000086900000, 0x0000000086900000, 0x0000000086a00000|  0%| F|  |TAMS 0x0000000086900000, 0x0000000086900000| Untracked 
| 106|0x0000000086a00000, 0x0000000086a00000, 0x0000000086b00000|  0%| F|  |TAMS 0x0000000086a00000, 0x0000000086a00000| Untracked 
| 107|0x0000000086b00000, 0x0000000086b00000, 0x0000000086c00000|  0%| F|  |TAMS 0x0000000086b00000, 0x0000000086b00000| Untracked 
| 108|0x0000000086c00000, 0x0000000086c00000, 0x0000000086d00000|  0%| F|  |TAMS 0x0000000086c00000, 0x0000000086c00000| Untracked 
| 109|0x0000000086d00000, 0x0000000086d00000, 0x0000000086e00000|  0%| F|  |TAMS 0x0000000086d00000, 0x0000000086d00000| Untracked 
| 110|0x0000000086e00000, 0x0000000086e00000, 0x0000000086f00000|  0%| F|  |TAMS 0x0000000086e00000, 0x0000000086e00000| Untracked 
| 111|0x0000000086f00000, 0x0000000086f00000, 0x0000000087000000|  0%| F|  |TAMS 0x0000000086f00000, 0x0000000086f00000| Untracked 
| 112|0x0000000087000000, 0x0000000087000000, 0x0000000087100000|  0%| F|  |TAMS 0x0000000087000000, 0x0000000087000000| Untracked 
| 113|0x0000000087100000, 0x0000000087100000, 0x0000000087200000|  0%| F|  |TAMS 0x0000000087100000, 0x0000000087100000| Untracked 
| 114|0x0000000087200000, 0x0000000087200000, 0x0000000087300000|  0%| F|  |TAMS 0x0000000087200000, 0x0000000087200000| Untracked 
| 115|0x0000000087300000, 0x0000000087300000, 0x0000000087400000|  0%| F|  |TAMS 0x0000000087300000, 0x0000000087300000| Untracked 
| 116|0x0000000087400000, 0x0000000087400000, 0x0000000087500000|  0%| F|  |TAMS 0x0000000087400000, 0x0000000087400000| Untracked 
| 117|0x0000000087500000, 0x0000000087500000, 0x0000000087600000|  0%| F|  |TAMS 0x0000000087500000, 0x0000000087500000| Untracked 
| 118|0x0000000087600000, 0x0000000087600000, 0x0000000087700000|  0%| F|  |TAMS 0x0000000087600000, 0x0000000087600000| Untracked 
| 119|0x0000000087700000, 0x0000000087700000, 0x0000000087800000|  0%| F|  |TAMS 0x0000000087700000, 0x0000000087700000| Untracked 
| 120|0x0000000087800000, 0x0000000087800000, 0x0000000087900000|  0%| F|  |TAMS 0x0000000087800000, 0x0000000087800000| Untracked 
| 121|0x0000000087900000, 0x0000000087900000, 0x0000000087a00000|  0%| F|  |TAMS 0x0000000087900000, 0x0000000087900000| Untracked 
| 122|0x0000000087a00000, 0x0000000087a00000, 0x0000000087b00000|  0%| F|  |TAMS 0x0000000087a00000, 0x0000000087a00000| Untracked 
| 123|0x0000000087b00000, 0x0000000087b00000, 0x0000000087c00000|  0%| F|  |TAMS 0x0000000087b00000, 0x0000000087b00000| Untracked 
| 124|0x0000000087c00000, 0x0000000087c00000, 0x0000000087d00000|  0%| F|  |TAMS 0x0000000087c00000, 0x0000000087c00000| Untracked 
| 125|0x0000000087d00000, 0x0000000087d00000, 0x0000000087e00000|  0%| F|  |TAMS 0x0000000087d00000, 0x0000000087d00000| Untracked 
| 126|0x0000000087e00000, 0x0000000087e00000, 0x0000000087f00000|  0%| F|  |TAMS 0x0000000087e00000, 0x0000000087e00000| Untracked 
| 127|0x0000000087f00000, 0x0000000087f00000, 0x0000000088000000|  0%| F|  |TAMS 0x0000000087f00000, 0x0000000087f00000| Untracked 
| 128|0x0000000088000000, 0x0000000088000000, 0x0000000088100000|  0%| F|  |TAMS 0x0000000088000000, 0x0000000088000000| Untracked 
| 129|0x0000000088100000, 0x0000000088100000, 0x0000000088200000|  0%| F|  |TAMS 0x0000000088100000, 0x0000000088100000| Untracked 
| 130|0x0000000088200000, 0x0000000088200000, 0x0000000088300000|  0%| F|  |TAMS 0x0000000088200000, 0x0000000088200000| Untracked 
| 131|0x0000000088300000, 0x0000000088300000, 0x0000000088400000|  0%| F|  |TAMS 0x0000000088300000, 0x0000000088300000| Untracked 
| 132|0x0000000088400000, 0x0000000088400000, 0x0000000088500000|  0%| F|  |TAMS 0x0000000088400000, 0x0000000088400000| Untracked 
| 133|0x0000000088500000, 0x0000000088500000, 0x0000000088600000|  0%| F|  |TAMS 0x0000000088500000, 0x0000000088500000| Untracked 
| 134|0x0000000088600000, 0x0000000088600000, 0x0000000088700000|  0%| F|  |TAMS 0x0000000088600000, 0x0000000088600000| Untracked 
| 135|0x0000000088700000, 0x0000000088700000, 0x0000000088800000|  0%| F|  |TAMS 0x0000000088700000, 0x0000000088700000| Untracked 
| 136|0x0000000088800000, 0x0000000088800000, 0x0000000088900000|  0%| F|  |TAMS 0x0000000088800000, 0x0000000088800000| Untracked 
| 137|0x0000000088900000, 0x0000000088900000, 0x0000000088a00000|  0%| F|  |TAMS 0x0000000088900000, 0x0000000088900000| Untracked 
| 138|0x0000000088a00000, 0x0000000088a00000, 0x0000000088b00000|  0%| F|  |TAMS 0x0000000088a00000, 0x0000000088a00000| Untracked 
| 139|0x0000000088b00000, 0x0000000088b00000, 0x0000000088c00000|  0%| F|  |TAMS 0x0000000088b00000, 0x0000000088b00000| Untracked 
| 140|0x0000000088c00000, 0x0000000088c00000, 0x0000000088d00000|  0%| F|  |TAMS 0x0000000088c00000, 0x0000000088c00000| Untracked 
| 141|0x0000000088d00000, 0x0000000088d00000, 0x0000000088e00000|  0%| F|  |TAMS 0x0000000088d00000, 0x0000000088d00000| Untracked 
| 142|0x0000000088e00000, 0x0000000088e00000, 0x0000000088f00000|  0%| F|  |TAMS 0x0000000088e00000, 0x0000000088e00000| Untracked 
| 143|0x0000000088f00000, 0x0000000088f00000, 0x0000000089000000|  0%| F|  |TAMS 0x0000000088f00000, 0x0000000088f00000| Untracked 
| 144|0x0000000089000000, 0x0000000089000000, 0x0000000089100000|  0%| F|  |TAMS 0x0000000089000000, 0x0000000089000000| Untracked 
| 145|0x0000000089100000, 0x0000000089100000, 0x0000000089200000|  0%| F|  |TAMS 0x0000000089100000, 0x0000000089100000| Untracked 
| 146|0x0000000089200000, 0x0000000089200000, 0x0000000089300000|  0%| F|  |TAMS 0x0000000089200000, 0x0000000089200000| Untracked 
| 147|0x0000000089300000, 0x0000000089300000, 0x0000000089400000|  0%| F|  |TAMS 0x0000000089300000, 0x0000000089300000| Untracked 
| 148|0x0000000089400000, 0x0000000089400000, 0x0000000089500000|  0%| F|  |TAMS 0x0000000089400000, 0x0000000089400000| Untracked 
| 149|0x0000000089500000, 0x0000000089500000, 0x0000000089600000|  0%| F|  |TAMS 0x0000000089500000, 0x0000000089500000| Untracked 
| 150|0x0000000089600000, 0x0000000089600000, 0x0000000089700000|  0%| F|  |TAMS 0x0000000089600000, 0x0000000089600000| Untracked 
| 151|0x0000000089700000, 0x0000000089700000, 0x0000000089800000|  0%| F|  |TAMS 0x0000000089700000, 0x0000000089700000| Untracked 
| 152|0x0000000089800000, 0x0000000089800000, 0x0000000089900000|  0%| F|  |TAMS 0x0000000089800000, 0x0000000089800000| Untracked 
| 153|0x0000000089900000, 0x0000000089900000, 0x0000000089a00000|  0%| F|  |TAMS 0x0000000089900000, 0x0000000089900000| Untracked 
| 154|0x0000000089a00000, 0x0000000089a00000, 0x0000000089b00000|  0%| F|  |TAMS 0x0000000089a00000, 0x0000000089a00000| Untracked 
| 155|0x0000000089b00000, 0x0000000089b00000, 0x0000000089c00000|  0%| F|  |TAMS 0x0000000089b00000, 0x0000000089b00000| Untracked 
| 156|0x0000000089c00000, 0x0000000089c00000, 0x0000000089d00000|  0%| F|  |TAMS 0x0000000089c00000, 0x0000000089c00000| Untracked 
| 157|0x0000000089d00000, 0x0000000089d00000, 0x0000000089e00000|  0%| F|  |TAMS 0x0000000089d00000, 0x0000000089d00000| Untracked 
| 158|0x0000000089e00000, 0x0000000089e00000, 0x0000000089f00000|  0%| F|  |TAMS 0x0000000089e00000, 0x0000000089e00000| Untracked 
| 159|0x0000000089f00000, 0x0000000089f00000, 0x000000008a000000|  0%| F|  |TAMS 0x0000000089f00000, 0x0000000089f00000| Untracked 
| 160|0x000000008a000000, 0x000000008a000000, 0x000000008a100000|  0%| F|  |TAMS 0x000000008a000000, 0x000000008a000000| Untracked 
| 161|0x000000008a100000, 0x000000008a100000, 0x000000008a200000|  0%| F|  |TAMS 0x000000008a100000, 0x000000008a100000| Untracked 
| 162|0x000000008a200000, 0x000000008a200000, 0x000000008a300000|  0%| F|  |TAMS 0x000000008a200000, 0x000000008a200000| Untracked 
| 163|0x000000008a300000, 0x000000008a300000, 0x000000008a400000|  0%| F|  |TAMS 0x000000008a300000, 0x000000008a300000| Untracked 
| 164|0x000000008a400000, 0x000000008a400000, 0x000000008a500000|  0%| F|  |TAMS 0x000000008a400000, 0x000000008a400000| Untracked 
| 165|0x000000008a500000, 0x000000008a500000, 0x000000008a600000|  0%| F|  |TAMS 0x000000008a500000, 0x000000008a500000| Untracked 
| 166|0x000000008a600000, 0x000000008a600000, 0x000000008a700000|  0%| F|  |TAMS 0x000000008a600000, 0x000000008a600000| Untracked 
| 167|0x000000008a700000, 0x000000008a700000, 0x000000008a800000|  0%| F|  |TAMS 0x000000008a700000, 0x000000008a700000| Untracked 
| 168|0x000000008a800000, 0x000000008a800000, 0x000000008a900000|  0%| F|  |TAMS 0x000000008a800000, 0x000000008a800000| Untracked 
| 169|0x000000008a900000, 0x000000008a900000, 0x000000008aa00000|  0%| F|  |TAMS 0x000000008a900000, 0x000000008a900000| Untracked 
| 170|0x000000008aa00000, 0x000000008aa00000, 0x000000008ab00000|  0%| F|  |TAMS 0x000000008aa00000, 0x000000008aa00000| Untracked 
| 171|0x000000008ab00000, 0x000000008ab00000, 0x000000008ac00000|  0%| F|  |TAMS 0x000000008ab00000, 0x000000008ab00000| Untracked 
| 172|0x000000008ac00000, 0x000000008ac00000, 0x000000008ad00000|  0%| F|  |TAMS 0x000000008ac00000, 0x000000008ac00000| Untracked 
| 173|0x000000008ad00000, 0x000000008ad00000, 0x000000008ae00000|  0%| F|  |TAMS 0x000000008ad00000, 0x000000008ad00000| Untracked 
| 174|0x000000008ae00000, 0x000000008ae00000, 0x000000008af00000|  0%| F|  |TAMS 0x000000008ae00000, 0x000000008ae00000| Untracked 
| 175|0x000000008af00000, 0x000000008af00000, 0x000000008b000000|  0%| F|  |TAMS 0x000000008af00000, 0x000000008af00000| Untracked 
| 176|0x000000008b000000, 0x000000008b000000, 0x000000008b100000|  0%| F|  |TAMS 0x000000008b000000, 0x000000008b000000| Untracked 
| 177|0x000000008b100000, 0x000000008b100000, 0x000000008b200000|  0%| F|  |TAMS 0x000000008b100000, 0x000000008b100000| Untracked 
| 178|0x000000008b200000, 0x000000008b200000, 0x000000008b300000|  0%| F|  |TAMS 0x000000008b200000, 0x000000008b200000| Untracked 
| 179|0x000000008b300000, 0x000000008b300000, 0x000000008b400000|  0%| F|  |TAMS 0x000000008b300000, 0x000000008b300000| Untracked 
| 180|0x000000008b400000, 0x000000008b400000, 0x000000008b500000|  0%| F|  |TAMS 0x000000008b400000, 0x000000008b400000| Untracked 
| 181|0x000000008b500000, 0x000000008b500000, 0x000000008b600000|  0%| F|  |TAMS 0x000000008b500000, 0x000000008b500000| Untracked 
| 182|0x000000008b600000, 0x000000008b600000, 0x000000008b700000|  0%| F|  |TAMS 0x000000008b600000, 0x000000008b600000| Untracked 
| 183|0x000000008b700000, 0x000000008b700000, 0x000000008b800000|  0%| F|  |TAMS 0x000000008b700000, 0x000000008b700000| Untracked 
| 184|0x000000008b800000, 0x000000008b800000, 0x000000008b900000|  0%| F|  |TAMS 0x000000008b800000, 0x000000008b800000| Untracked 
| 185|0x000000008b900000, 0x000000008b900000, 0x000000008ba00000|  0%| F|  |TAMS 0x000000008b900000, 0x000000008b900000| Untracked 
| 186|0x000000008ba00000, 0x000000008ba00000, 0x000000008bb00000|  0%| F|  |TAMS 0x000000008ba00000, 0x000000008ba00000| Untracked 
| 187|0x000000008bb00000, 0x000000008bb00000, 0x000000008bc00000|  0%| F|  |TAMS 0x000000008bb00000, 0x000000008bb00000| Untracked 
| 188|0x000000008bc00000, 0x000000008bc00000, 0x000000008bd00000|  0%| F|  |TAMS 0x000000008bc00000, 0x000000008bc00000| Untracked 
| 189|0x000000008bd00000, 0x000000008bd00000, 0x000000008be00000|  0%| F|  |TAMS 0x000000008bd00000, 0x000000008bd00000| Untracked 
| 190|0x000000008be00000, 0x000000008be00000, 0x000000008bf00000|  0%| F|  |TAMS 0x000000008be00000, 0x000000008be00000| Untracked 
| 191|0x000000008bf00000, 0x000000008bf00000, 0x000000008c000000|  0%| F|  |TAMS 0x000000008bf00000, 0x000000008bf00000| Untracked 
| 192|0x000000008c000000, 0x000000008c000000, 0x000000008c100000|  0%| F|  |TAMS 0x000000008c000000, 0x000000008c000000| Untracked 
| 193|0x000000008c100000, 0x000000008c100000, 0x000000008c200000|  0%| F|  |TAMS 0x000000008c100000, 0x000000008c100000| Untracked 
| 194|0x000000008c200000, 0x000000008c200000, 0x000000008c300000|  0%| F|  |TAMS 0x000000008c200000, 0x000000008c200000| Untracked 
| 195|0x000000008c300000, 0x000000008c300000, 0x000000008c400000|  0%| F|  |TAMS 0x000000008c300000, 0x000000008c300000| Untracked 
| 196|0x000000008c400000, 0x000000008c400000, 0x000000008c500000|  0%| F|  |TAMS 0x000000008c400000, 0x000000008c400000| Untracked 
| 197|0x000000008c500000, 0x000000008c500000, 0x000000008c600000|  0%| F|  |TAMS 0x000000008c500000, 0x000000008c500000| Untracked 
| 198|0x000000008c600000, 0x000000008c600000, 0x000000008c700000|  0%| F|  |TAMS 0x000000008c600000, 0x000000008c600000| Untracked 
| 199|0x000000008c700000, 0x000000008c700000, 0x000000008c800000|  0%| F|  |TAMS 0x000000008c700000, 0x000000008c700000| Untracked 
| 200|0x000000008c800000, 0x000000008c8d7280, 0x000000008c900000| 84%| S|CS|TAMS 0x000000008c800000, 0x000000008c800000| Complete 
| 201|0x000000008c900000, 0x000000008c900000, 0x000000008ca00000|  0%| F|  |TAMS 0x000000008c900000, 0x000000008c900000| Untracked 
| 202|0x000000008ca00000, 0x000000008ca00000, 0x000000008cb00000|  0%| F|  |TAMS 0x000000008ca00000, 0x000000008ca00000| Untracked 
| 203|0x000000008cb00000, 0x000000008cb00000, 0x000000008cc00000|  0%| F|  |TAMS 0x000000008cb00000, 0x000000008cb00000| Untracked 
| 204|0x000000008cc00000, 0x000000008cc00000, 0x000000008cd00000|  0%| F|  |TAMS 0x000000008cc00000, 0x000000008cc00000| Untracked 
| 205|0x000000008cd00000, 0x000000008cd00000, 0x000000008ce00000|  0%| F|  |TAMS 0x000000008cd00000, 0x000000008cd00000| Untracked 
| 206|0x000000008ce00000, 0x000000008ce00000, 0x000000008cf00000|  0%| F|  |TAMS 0x000000008ce00000, 0x000000008ce00000| Untracked 
| 207|0x000000008cf00000, 0x000000008cf00000, 0x000000008d000000|  0%| F|  |TAMS 0x000000008cf00000, 0x000000008cf00000| Untracked 
| 208|0x000000008d000000, 0x000000008d000000, 0x000000008d100000|  0%| F|  |TAMS 0x000000008d000000, 0x000000008d000000| Untracked 
| 209|0x000000008d100000, 0x000000008d100000, 0x000000008d200000|  0%| F|  |TAMS 0x000000008d100000, 0x000000008d100000| Untracked 
| 210|0x000000008d200000, 0x000000008d200000, 0x000000008d300000|  0%| F|  |TAMS 0x000000008d200000, 0x000000008d200000| Untracked 
| 211|0x000000008d300000, 0x000000008d300000, 0x000000008d400000|  0%| F|  |TAMS 0x000000008d300000, 0x000000008d300000| Untracked 
| 212|0x000000008d400000, 0x000000008d400000, 0x000000008d500000|  0%| F|  |TAMS 0x000000008d400000, 0x000000008d400000| Untracked 
| 213|0x000000008d500000, 0x000000008d500000, 0x000000008d600000|  0%| F|  |TAMS 0x000000008d500000, 0x000000008d500000| Untracked 
| 214|0x000000008d600000, 0x000000008d600000, 0x000000008d700000|  0%| F|  |TAMS 0x000000008d600000, 0x000000008d600000| Untracked 
| 215|0x000000008d700000, 0x000000008d700000, 0x000000008d800000|  0%| F|  |TAMS 0x000000008d700000, 0x000000008d700000| Untracked 
| 216|0x000000008d800000, 0x000000008d800000, 0x000000008d900000|  0%| F|  |TAMS 0x000000008d800000, 0x000000008d800000| Untracked 
| 217|0x000000008d900000, 0x000000008d900000, 0x000000008da00000|  0%| F|  |TAMS 0x000000008d900000, 0x000000008d900000| Untracked 
| 218|0x000000008da00000, 0x000000008da00000, 0x000000008db00000|  0%| F|  |TAMS 0x000000008da00000, 0x000000008da00000| Untracked 
| 219|0x000000008db00000, 0x000000008db00000, 0x000000008dc00000|  0%| F|  |TAMS 0x000000008db00000, 0x000000008db00000| Untracked 
| 220|0x000000008dc00000, 0x000000008dc00000, 0x000000008dd00000|  0%| F|  |TAMS 0x000000008dc00000, 0x000000008dc00000| Untracked 
| 221|0x000000008dd00000, 0x000000008dd00000, 0x000000008de00000|  0%| F|  |TAMS 0x000000008dd00000, 0x000000008dd00000| Untracked 
| 222|0x000000008de00000, 0x000000008de00000, 0x000000008df00000|  0%| F|  |TAMS 0x000000008de00000, 0x000000008de00000| Untracked 
| 223|0x000000008df00000, 0x000000008df00000, 0x000000008e000000|  0%| F|  |TAMS 0x000000008df00000, 0x000000008df00000| Untracked 
| 224|0x000000008e000000, 0x000000008e000000, 0x000000008e100000|  0%| F|  |TAMS 0x000000008e000000, 0x000000008e000000| Untracked 
| 225|0x000000008e100000, 0x000000008e100000, 0x000000008e200000|  0%| F|  |TAMS 0x000000008e100000, 0x000000008e100000| Untracked 
| 226|0x000000008e200000, 0x000000008e200000, 0x000000008e300000|  0%| F|  |TAMS 0x000000008e200000, 0x000000008e200000| Untracked 
| 227|0x000000008e300000, 0x000000008e300000, 0x000000008e400000|  0%| F|  |TAMS 0x000000008e300000, 0x000000008e300000| Untracked 
| 228|0x000000008e400000, 0x000000008e400000, 0x000000008e500000|  0%| F|  |TAMS 0x000000008e400000, 0x000000008e400000| Untracked 
| 229|0x000000008e500000, 0x000000008e500000, 0x000000008e600000|  0%| F|  |TAMS 0x000000008e500000, 0x000000008e500000| Untracked 
| 230|0x000000008e600000, 0x000000008e600000, 0x000000008e700000|  0%| F|  |TAMS 0x000000008e600000, 0x000000008e600000| Untracked 
| 231|0x000000008e700000, 0x000000008e700000, 0x000000008e800000|  0%| F|  |TAMS 0x000000008e700000, 0x000000008e700000| Untracked 
| 232|0x000000008e800000, 0x000000008e800000, 0x000000008e900000|  0%| F|  |TAMS 0x000000008e800000, 0x000000008e800000| Untracked 
| 233|0x000000008e900000, 0x000000008e900000, 0x000000008ea00000|  0%| F|  |TAMS 0x000000008e900000, 0x000000008e900000| Untracked 
| 234|0x000000008ea00000, 0x000000008ea00000, 0x000000008eb00000|  0%| F|  |TAMS 0x000000008ea00000, 0x000000008ea00000| Untracked 
| 235|0x000000008eb00000, 0x000000008eb00000, 0x000000008ec00000|  0%| F|  |TAMS 0x000000008eb00000, 0x000000008eb00000| Untracked 
| 236|0x000000008ec00000, 0x000000008ec00000, 0x000000008ed00000|  0%| F|  |TAMS 0x000000008ec00000, 0x000000008ec00000| Untracked 
| 237|0x000000008ed00000, 0x000000008ed00000, 0x000000008ee00000|  0%| F|  |TAMS 0x000000008ed00000, 0x000000008ed00000| Untracked 
| 238|0x000000008ee00000, 0x000000008ee00000, 0x000000008ef00000|  0%| F|  |TAMS 0x000000008ee00000, 0x000000008ee00000| Untracked 
| 239|0x000000008ef00000, 0x000000008ef00000, 0x000000008f000000|  0%| F|  |TAMS 0x000000008ef00000, 0x000000008ef00000| Untracked 
| 240|0x000000008f000000, 0x000000008f000000, 0x000000008f100000|  0%| F|  |TAMS 0x000000008f000000, 0x000000008f000000| Untracked 
| 241|0x000000008f100000, 0x000000008f100000, 0x000000008f200000|  0%| F|  |TAMS 0x000000008f100000, 0x000000008f100000| Untracked 
| 242|0x000000008f200000, 0x000000008f200000, 0x000000008f300000|  0%| F|  |TAMS 0x000000008f200000, 0x000000008f200000| Untracked 
| 243|0x000000008f300000, 0x000000008f300000, 0x000000008f400000|  0%| F|  |TAMS 0x000000008f300000, 0x000000008f300000| Untracked 
| 244|0x000000008f400000, 0x000000008f400000, 0x000000008f500000|  0%| F|  |TAMS 0x000000008f400000, 0x000000008f400000| Untracked 
| 245|0x000000008f500000, 0x000000008f500000, 0x000000008f600000|  0%| F|  |TAMS 0x000000008f500000, 0x000000008f500000| Untracked 
| 246|0x000000008f600000, 0x000000008f600000, 0x000000008f700000|  0%| F|  |TAMS 0x000000008f600000, 0x000000008f600000| Untracked 
| 247|0x000000008f700000, 0x000000008f700000, 0x000000008f800000|  0%| F|  |TAMS 0x000000008f700000, 0x000000008f700000| Untracked 
| 248|0x000000008f800000, 0x000000008f800000, 0x000000008f900000|  0%| F|  |TAMS 0x000000008f800000, 0x000000008f800000| Untracked 
| 249|0x000000008f900000, 0x000000008f900000, 0x000000008fa00000|  0%| F|  |TAMS 0x000000008f900000, 0x000000008f900000| Untracked 
| 250|0x000000008fa00000, 0x000000008fa00000, 0x000000008fb00000|  0%| F|  |TAMS 0x000000008fa00000, 0x000000008fa00000| Untracked 
| 251|0x000000008fb00000, 0x000000008fb00000, 0x000000008fc00000|  0%| F|  |TAMS 0x000000008fb00000, 0x000000008fb00000| Untracked 
|2047|0x00000000fff00000, 0x0000000100000000, 0x0000000100000000|100%| O|  |TAMS 0x0000000100000000, 0x00000000fff00000| Untracked 

Card table byte_map: [0x0000028ef11e0000,0x0000028ef15e0000] _byte_map_base: 0x0000028ef0de0000

Marking Bits (Prev, Next): (CMBitMap*) 0x0000028ede408520, (CMBitMap*) 0x0000028ede408560
 Prev Bits: [0x0000028ef19e0000, 0x0000028ef39e0000)
 Next Bits: [0x0000028ef39e0000, 0x0000028ef59e0000)

Polling page: 0x0000028edc390000

Metaspace:

Usage:
  Non-class:    105.73 MB used.
      Class:     15.79 MB used.
       Both:    121.52 MB used.

Virtual space:
  Non-class space:      128.00 MB reserved,     106.06 MB ( 83%) committed,  2 nodes.
      Class space:        1.00 GB reserved,      16.12 MB (  2%) committed,  1 nodes.
             Both:        1.12 GB reserved,     122.19 MB ( 11%) committed. 

Chunk freelists:
   Non-Class:  5.59 MB
       Class:  15.87 MB
        Both:  21.47 MB

MaxMetaspaceSize: unlimited
CompressedClassSpaceSize: 1.00 GB
Initial GC threshold: 21.00 MB
Current GC threshold: 203.69 MB
CDS: off
MetaspaceReclaimPolicy: balanced
 - commit_granule_bytes: 65536.
 - commit_granule_words: 8192.
 - virtual_space_node_default_size: 8388608.
 - enlarge_chunks_in_place: 1.
 - new_chunks_are_fully_committed: 0.
 - uncommit_free_chunks: 1.
 - use_allocation_guard: 0.
 - handle_deallocations: 1.


Internal statistics:

num_allocs_failed_limit: 9.
num_arena_births: 788.
num_arena_deaths: 0.
num_vsnodes_births: 3.
num_vsnodes_deaths: 0.
num_space_committed: 1953.
num_space_uncommitted: 0.
num_chunks_returned_to_freelist: 9.
num_chunks_taken_from_freelist: 4872.
num_chunk_merges: 9.
num_chunk_splits: 3831.
num_chunks_enlarged: 3187.
num_inconsistent_stats: 0.

CodeHeap 'non-profiled nmethods': size=120000Kb used=5619Kb max_used=5619Kb free=114380Kb
 bounds [0x0000028ee9350000, 0x0000028ee98d0000, 0x0000028ef0880000]
CodeHeap 'profiled nmethods': size=120000Kb used=20504Kb max_used=20504Kb free=99495Kb
 bounds [0x0000028ee1880000, 0x0000028ee2c90000, 0x0000028ee8db0000]
CodeHeap 'non-nmethods': size=5760Kb used=1824Kb max_used=1870Kb free=3935Kb
 bounds [0x0000028ee8db0000, 0x0000028ee9020000, 0x0000028ee9350000]
 total_blobs=10942 nmethods=10004 adapters=849
 compilation: enabled
              stopped_count=0, restarted_count=0
 full_count=0

Compilation events (20 events):
Event: 12.501 Thread 0x0000028ef8869430 11366       3       org.jetbrains.kotlin.load.java.structure.impl.classFiles.BinaryJavaAnnotation::<init> (43 bytes)
Event: 12.501 Thread 0x0000028ef8869430 nmethod 11366 0x0000028ee2c84690 code [0x0000028ee2c84860, 0x0000028ee2c84d68]
Event: 12.501 Thread 0x0000028ef8869430 11367       3       org.jetbrains.kotlin.load.java.structure.impl.classFiles.BinaryJavaAnnotation$classifierResolutionResult$2::<init> (16 bytes)
Event: 12.501 Thread 0x0000028ef8869430 nmethod 11367 0x0000028ee2c84f10 code [0x0000028ee2c850c0, 0x0000028ee2c85358]
Event: 12.501 Thread 0x0000028ef8869430 11369       3       org.jetbrains.kotlin.load.java.lazy.ContextKt::child (65 bytes)
Event: 12.501 Thread 0x0000028ef8869430 nmethod 11369 0x0000028ee2c85490 code [0x0000028ee2c85640, 0x0000028ee2c858f8]
Event: 12.501 Thread 0x0000028ef8869430 11368       3       org.jetbrains.kotlin.com.intellij.psi.impl.file.PsiPackageBase::getQualifiedName (13 bytes)
Event: 12.502 Thread 0x0000028ef8869430 nmethod 11368 0x0000028ee2c85a90 code [0x0000028ee2c85c40, 0x0000028ee2c85dc8]
Event: 12.502 Thread 0x0000028ef8869430 11370       1       org.jetbrains.kotlin.resolve.calls.model.MutableResolvedCallAtom::getExtensionReceiverArgument (5 bytes)
Event: 12.502 Thread 0x0000028ef8869430 nmethod 11370 0x0000028ee98cc310 code [0x0000028ee98cc4a0, 0x0000028ee98cc578]
Event: 12.502 Thread 0x0000028ef8869430 11371       1       org.jetbrains.kotlin.resolve.calls.inference.model.MutableConstraintStorage::getPostponedTypeVariables (5 bytes)
Event: 12.502 Thread 0x0000028eff5d4040 nmethod 11276 0x0000028ee98c4890 code [0x0000028ee98c4ca0, 0x0000028ee98c8d00]
Event: 12.502 Thread 0x0000028ef8869430 nmethod 11371 0x0000028ee98cc610 code [0x0000028ee98cc7a0, 0x0000028ee98cc878]
Event: 12.502 Thread 0x0000028ef8869430 11372       1       org.jetbrains.kotlin.types.TypeCheckerState::getSupertypesDeque (5 bytes)
Event: 12.502 Thread 0x0000028ef8869430 nmethod 11372 0x0000028ee98cc910 code [0x0000028ee98ccaa0, 0x0000028ee98ccb78]
Event: 12.502 Thread 0x0000028ef8869430 11374       3       org.jetbrains.kotlin.types.TypeCheckerState::customIsSubtypeOf (14 bytes)
Event: 12.502 Thread 0x0000028eff5d4040 11358   !   4       org.jetbrains.kotlin.metadata.jvm.JvmProtoBuf$StringTableTypes$Record::<init> (759 bytes)
Event: 12.503 Thread 0x0000028ef8869430 nmethod 11374 0x0000028ee2c85e90 code [0x0000028ee2c86120, 0x0000028ee2c86b18]
Event: 12.503 Thread 0x0000028ef8869430 11373       1       org.jetbrains.kotlin.types.TypeCheckerState::getSupertypesSet (5 bytes)
Event: 12.503 Thread 0x0000028ef8869430 nmethod 11373 0x0000028ee98ccc10 code [0x0000028ee98ccda0, 0x0000028ee98cce78]

GC Heap History (20 events):
Event: 7.923 GC heap after
{Heap after GC invocations=37 (full 0):
 garbage-first heap   total 162816K, used 70782K [0x0000000080000000, 0x0000000100000000)
  region size 1024K, 1 young (1024K), 1 survivors (1024K)
 Metaspace       used 102160K, committed 102656K, reserved 1179648K
  class space    used 13090K, committed 13312K, reserved 1048576K
}
Event: 8.633 GC heap before
{Heap before GC invocations=37 (full 0):
 garbage-first heap   total 162816K, used 134270K [0x0000000080000000, 0x0000000100000000)
  region size 1024K, 62 young (63488K), 1 survivors (1024K)
 Metaspace       used 105394K, committed 105856K, reserved 1179648K
  class space    used 13578K, committed 13760K, reserved 1048576K
}
Event: 8.637 GC heap after
{Heap after GC invocations=38 (full 0):
 garbage-first heap   total 162816K, used 75603K [0x0000000080000000, 0x0000000100000000)
  region size 1024K, 6 young (6144K), 6 survivors (6144K)
 Metaspace       used 105394K, committed 105856K, reserved 1179648K
  class space    used 13578K, committed 13760K, reserved 1048576K
}
Event: 9.351 GC heap before
{Heap before GC invocations=38 (full 0):
 garbage-first heap   total 162816K, used 132947K [0x0000000080000000, 0x0000000100000000)
  region size 1024K, 62 young (63488K), 6 survivors (6144K)
 Metaspace       used 108023K, committed 108480K, reserved 1179648K
  class space    used 13890K, committed 14080K, reserved 1048576K
}
Event: 9.354 GC heap after
{Heap after GC invocations=39 (full 0):
 garbage-first heap   total 162816K, used 72689K [0x0000000080000000, 0x0000000100000000)
  region size 1024K, 1 young (1024K), 1 survivors (1024K)
 Metaspace       used 108023K, committed 108480K, reserved 1179648K
  class space    used 13890K, committed 14080K, reserved 1048576K
}
Event: 10.531 GC heap before
{Heap before GC invocations=39 (full 0):
 garbage-first heap   total 162816K, used 133105K [0x0000000080000000, 0x0000000100000000)
  region size 1024K, 61 young (62464K), 1 survivors (1024K)
 Metaspace       used 117603K, committed 118208K, reserved 1179648K
  class space    used 15173K, committed 15424K, reserved 1048576K
}
Event: 10.536 GC heap after
{Heap after GC invocations=40 (full 0):
 garbage-first heap   total 162816K, used 77772K [0x0000000080000000, 0x0000000100000000)
  region size 1024K, 6 young (6144K), 6 survivors (6144K)
 Metaspace       used 117603K, committed 118208K, reserved 1179648K
  class space    used 15173K, committed 15424K, reserved 1048576K
}
Event: 11.478 GC heap before
{Heap before GC invocations=40 (full 0):
 garbage-first heap   total 162816K, used 133068K [0x0000000080000000, 0x0000000100000000)
  region size 1024K, 60 young (61440K), 6 survivors (6144K)
 Metaspace       used 123322K, committed 123968K, reserved 1179648K
  class space    used 16064K, committed 16384K, reserved 1048576K
}
Event: 11.485 GC heap after
{Heap after GC invocations=41 (full 0):
 garbage-first heap   total 162816K, used 79234K [0x0000000080000000, 0x0000000100000000)
  region size 1024K, 4 young (4096K), 4 survivors (4096K)
 Metaspace       used 123322K, committed 123968K, reserved 1179648K
  class space    used 16064K, committed 16384K, reserved 1048576K
}
Event: 11.971 GC heap before
{Heap before GC invocations=41 (full 0):
 garbage-first heap   total 162816K, used 104834K [0x0000000080000000, 0x0000000100000000)
  region size 1024K, 30 young (30720K), 4 survivors (4096K)
 Metaspace       used 124303K, committed 124928K, reserved 1179648K
  class space    used 16169K, committed 16448K, reserved 1048576K
}
Event: 11.980 GC heap after
{Heap after GC invocations=42 (full 0):
 garbage-first heap   total 162816K, used 81849K [0x0000000080000000, 0x0000000100000000)
  region size 1024K, 7 young (7168K), 7 survivors (7168K)
 Metaspace       used 124303K, committed 124928K, reserved 1179648K
  class space    used 16169K, committed 16448K, reserved 1048576K
}
Event: 12.287 GC heap before
{Heap before GC invocations=43 (full 0):
 garbage-first heap   total 162816K, used 139193K [0x0000000080000000, 0x0000000100000000)
  region size 1024K, 57 young (58368K), 7 survivors (7168K)
 Metaspace       used 124360K, committed 124992K, reserved 1179648K
  class space    used 16169K, committed 16448K, reserved 1048576K
}
Event: 12.295 GC heap after
{Heap after GC invocations=44 (full 0):
 garbage-first heap   total 162816K, used 97736K [0x0000000080000000, 0x0000000100000000)
  region size 1024K, 8 young (8192K), 8 survivors (8192K)
 Metaspace       used 124360K, committed 124992K, reserved 1179648K
  class space    used 16169K, committed 16448K, reserved 1048576K
}
Event: 12.299 GC heap before
{Heap before GC invocations=44 (full 0):
 garbage-first heap   total 162816K, used 98760K [0x0000000080000000, 0x0000000100000000)
  region size 1024K, 9 young (9216K), 8 survivors (8192K)
 Metaspace       used 124364K, committed 124992K, reserved 1179648K
  class space    used 16169K, committed 16448K, reserved 1048576K
}
Event: 12.306 GC heap after
{Heap after GC invocations=45 (full 0):
 garbage-first heap   total 162816K, used 94783K [0x0000000080000000, 0x0000000100000000)
  region size 1024K, 2 young (2048K), 2 survivors (2048K)
 Metaspace       used 124364K, committed 124992K, reserved 1179648K
  class space    used 16169K, committed 16448K, reserved 1048576K
}
Event: 12.366 GC heap before
{Heap before GC invocations=45 (full 0):
 garbage-first heap   total 162816K, used 100927K [0x0000000080000000, 0x0000000100000000)
  region size 1024K, 9 young (9216K), 2 survivors (2048K)
 Metaspace       used 124415K, committed 125120K, reserved 1179648K
  class space    used 16170K, committed 16512K, reserved 1048576K
}
Event: 12.369 GC heap after
{Heap after GC invocations=46 (full 0):
 garbage-first heap   total 162816K, used 95378K [0x0000000080000000, 0x0000000100000000)
  region size 1024K, 2 young (2048K), 2 survivors (2048K)
 Metaspace       used 124415K, committed 125120K, reserved 1179648K
  class space    used 16170K, committed 16512K, reserved 1048576K
}
Event: 12.489 GC heap before
{Heap before GC invocations=47 (full 0):
 garbage-first heap   total 199680K, used 132242K [0x0000000080000000, 0x0000000100000000)
  region size 1024K, 37 young (37888K), 2 survivors (2048K)
 Metaspace       used 124430K, committed 125120K, reserved 1179648K
  class space    used 16171K, committed 16512K, reserved 1048576K
}
Event: 12.492 GC heap after
{Heap after GC invocations=48 (full 0):
 garbage-first heap   total 199680K, used 97087K [0x0000000080000000, 0x0000000100000000)
  region size 1024K, 4 young (4096K), 4 survivors (4096K)
 Metaspace       used 124430K, committed 125120K, reserved 1179648K
  class space    used 16171K, committed 16512K, reserved 1048576K
}
Event: 12.503 GC heap before
{Heap before GC invocations=48 (full 0):
 garbage-first heap   total 199680K, used 102207K [0x0000000080000000, 0x0000000100000000)
  region size 1024K, 9 young (9216K), 4 survivors (4096K)
 Metaspace       used 124441K, committed 125120K, reserved 1179648K
  class space    used 16171K, committed 16512K, reserved 1048576K
}

Dll operation events (3 events):
Event: 0.007 Loaded shared library C:\Program Files\Android\Android Studio\jbr\bin\java.dll
Event: 0.092 Loaded shared library C:\Program Files\Android\Android Studio\jbr\bin\zip.dll
Event: 0.270 Loaded shared library C:\Program Files\Android\Android Studio\jbr\bin\verify.dll

Deoptimization events (20 events):
Event: 12.238 Thread 0x0000028efe7bd380 Uncommon trap: trap_request=0xffffffc6 fr.pc=0x0000028ee93c2ac4 relative=0x00000000000004c4
Event: 12.238 Thread 0x0000028efe7bd380 Uncommon trap: reason=bimorphic_or_optimized_type_check action=maybe_recompile pc=0x0000028ee93c2ac4 method=org.jetbrains.kotlin.com.intellij.openapi.vfs.VirtualFile.findChild(Ljava/lang/String;)Lorg/jetbrains/kotlin/com/intellij/openapi/vfs/VirtualFile; 
Event: 12.238 Thread 0x0000028efe7bd380 DEOPT PACKING pc=0x0000028ee93c2ac4 sp=0x000000ba44bf5080
Event: 12.238 Thread 0x0000028efe7bd380 DEOPT UNPACKING pc=0x0000028ee8e069a3 sp=0x000000ba44bf5038 mode 2
Event: 12.238 Thread 0x0000028efe7bd380 Uncommon trap: trap_request=0xffffffc6 fr.pc=0x0000028ee93c2ac4 relative=0x00000000000004c4
Event: 12.238 Thread 0x0000028efe7bd380 Uncommon trap: reason=bimorphic_or_optimized_type_check action=maybe_recompile pc=0x0000028ee93c2ac4 method=org.jetbrains.kotlin.com.intellij.openapi.vfs.VirtualFile.findChild(Ljava/lang/String;)Lorg/jetbrains/kotlin/com/intellij/openapi/vfs/VirtualFile; 
Event: 12.238 Thread 0x0000028efe7bd380 DEOPT PACKING pc=0x0000028ee93c2ac4 sp=0x000000ba44bf5080
Event: 12.238 Thread 0x0000028efe7bd380 DEOPT UNPACKING pc=0x0000028ee8e069a3 sp=0x000000ba44bf5038 mode 2
Event: 12.239 Thread 0x0000028efe7bd380 Uncommon trap: trap_request=0xffffffc6 fr.pc=0x0000028ee93c2ac4 relative=0x00000000000004c4
Event: 12.239 Thread 0x0000028efe7bd380 Uncommon trap: reason=bimorphic_or_optimized_type_check action=maybe_recompile pc=0x0000028ee93c2ac4 method=org.jetbrains.kotlin.com.intellij.openapi.vfs.VirtualFile.findChild(Ljava/lang/String;)Lorg/jetbrains/kotlin/com/intellij/openapi/vfs/VirtualFile; 
Event: 12.239 Thread 0x0000028efe7bd380 DEOPT PACKING pc=0x0000028ee93c2ac4 sp=0x000000ba44bf5080
Event: 12.239 Thread 0x0000028efe7bd380 DEOPT UNPACKING pc=0x0000028ee8e069a3 sp=0x000000ba44bf5038 mode 2
Event: 12.259 Thread 0x0000028efe7bd380 Uncommon trap: trap_request=0xffffffc6 fr.pc=0x0000028ee93c2ac4 relative=0x00000000000004c4
Event: 12.259 Thread 0x0000028efe7bd380 Uncommon trap: reason=bimorphic_or_optimized_type_check action=maybe_recompile pc=0x0000028ee93c2ac4 method=org.jetbrains.kotlin.com.intellij.openapi.vfs.VirtualFile.findChild(Ljava/lang/String;)Lorg/jetbrains/kotlin/com/intellij/openapi/vfs/VirtualFile; 
Event: 12.259 Thread 0x0000028efe7bd380 DEOPT PACKING pc=0x0000028ee93c2ac4 sp=0x000000ba44bf5080
Event: 12.259 Thread 0x0000028efe7bd380 DEOPT UNPACKING pc=0x0000028ee8e069a3 sp=0x000000ba44bf5038 mode 2
Event: 12.270 Thread 0x0000028efe7bd380 Uncommon trap: trap_request=0xffffffc6 fr.pc=0x0000028ee97c30b0 relative=0x0000000000007f30
Event: 12.270 Thread 0x0000028efe7bd380 Uncommon trap: reason=bimorphic_or_optimized_type_check action=maybe_recompile pc=0x0000028ee97c30b0 method=org.jetbrains.kotlin.com.intellij.openapi.vfs.VirtualFile.findChild(Ljava/lang/String;)Lorg/jetbrains/kotlin/com/intellij/openapi/vfs/VirtualFile; 
Event: 12.270 Thread 0x0000028efe7bd380 DEOPT PACKING pc=0x0000028ee97c30b0 sp=0x000000ba44bf3a00
Event: 12.270 Thread 0x0000028efe7bd380 DEOPT UNPACKING pc=0x0000028ee8e069a3 sp=0x000000ba44bf37c0 mode 2

Classes unloaded (0 events):
No events

Classes redefined (0 events):
No events

Internal exceptions (20 events):
Event: 11.267 Thread 0x0000028efe7bd380 Exception <a 'java/lang/NoSuchMethodError'{0x00000000874f3608}: static Lorg/gradle/api/internal/catalog/DependencyModel;.<clinit>()V> (0x00000000874f3608) 
thrown [s\src\hotspot\share\prims\jni.cpp, line 1108]
Event: 11.268 Thread 0x0000028efe7bd380 Exception <a 'java/lang/NoSuchMethodError'{0x00000000874f6d58}: static Lorg/gradle/api/internal/catalog/AbstractContextAwareModel;.<clinit>()V> (0x00000000874f6d58) 
thrown [s\src\hotspot\share\prims\jni.cpp, line 1108]
Event: 11.269 Thread 0x0000028efe7bd380 Exception <a 'java/lang/NoSuchMethodError'{0x000000008730ef20}: static Lorg/gradle/api/internal/artifacts/dependencies/AbstractVersionConstraint;.<clinit>()V> (0x000000008730ef20) 
thrown [s\src\hotspot\share\prims\jni.cpp, line 1108]
Event: 11.276 Thread 0x0000028efe7bd380 Exception <a 'java/lang/NoSuchMethodError'{0x00000000873b9aa8}: static Lorg/gradle/api/internal/catalog/PluginModel;.<clinit>()V> (0x00000000873b9aa8) 
thrown [s\src\hotspot\share\prims\jni.cpp, line 1108]
Event: 11.277 Thread 0x0000028efe7bd380 Exception <a 'java/lang/NoSuchMethodError'{0x00000000873cee38}: static Lorg/gradle/api/internal/catalog/VersionModel;.<clinit>()V> (0x00000000873cee38) 
thrown [s\src\hotspot\share\prims\jni.cpp, line 1108]
Event: 11.280 Thread 0x0000028efe7bd380 Exception <a 'java/lang/NoSuchMethodError'{0x00000000873f30e8}: 'void java.lang.invoke.DirectMethodHandle$Holder.invokeSpecial(java.lang.Object, java.lang.Object, java.lang.Object, int)'> (0x00000000873f30e8) 
thrown [s\src\hotspot\share\interpreter\linkResolver.cpp, line 771]
Event: 11.349 Thread 0x0000028efe7bd380 Exception <a 'java/lang/NoSuchMethodError'{0x0000000086fd9cd8}: 'int java.lang.invoke.DirectMethodHandle$Holder.invokeSpecialIFC(java.lang.Object, java.lang.Object, java.lang.Object)'> (0x0000000086fd9cd8) 
thrown [s\src\hotspot\share\interpreter\linkResolver.cpp, line 771]
Event: 11.402 Thread 0x0000028efe7bd380 Exception <a 'java/lang/NoSuchMethodError'{0x0000000086bacf20}: 'java.lang.Object java.lang.invoke.DirectMethodHandle$Holder.invokeSpecial(java.lang.Object, java.lang.Object, java.lang.Object, java.lang.Object, java.lang.Object, long)'> (0x0000000086bacf20) 
thrown [s\src\hotspot\share\interpreter\linkResolver.cpp, line 771]
Event: 11.404 Thread 0x0000028efe7bd380 Exception <a 'java/lang/NoSuchMethodError'{0x0000000086bcea38}: 'void java.lang.invoke.DirectMethodHandle$Holder.invokeStatic(java.lang.Object, java.lang.Object, java.lang.Object, int, java.lang.Object)'> (0x0000000086bcea38) 
thrown [s\src\hotspot\share\interpreter\linkResolver.cpp, line 771]
Event: 11.839 Thread 0x0000028efe7bd380 Exception <a 'java/lang/NoSuchMethodError'{0x000000008890f598}: 'long java.lang.invoke.DirectMethodHandle$Holder.invokeVirtual(java.lang.Object, java.lang.Object)'> (0x000000008890f598) 
thrown [s\src\hotspot\share\interpreter\linkResolver.cpp, line 771]
Event: 11.842 Thread 0x0000028efe7bc960 Exception <a 'java/lang/NoSuchMethodError'{0x0000000088989c08}: static Lorg/gradle/internal/build/event/types/DefaultOperationFinishedProgressEvent;.<clinit>()V> (0x0000000088989c08) 
thrown [s\src\hotspot\share\prims\jni.cpp, line 1108]
Event: 11.844 Thread 0x0000028efe7bc960 Exception <a 'java/lang/NoSuchMethodError'{0x00000000889b44e0}: static Lorg/gradle/internal/build/event/types/DefaultProjectConfigurationSuccessResult;.<clinit>()V> (0x00000000889b44e0) 
thrown [s\src\hotspot\share\prims\jni.cpp, line 1108]
Event: 11.844 Thread 0x0000028efe7bc960 Exception <a 'java/lang/NoSuchMethodError'{0x00000000889b8ec0}: static Lorg/gradle/internal/build/event/types/AbstractProjectConfigurationResult;.<clinit>()V> (0x00000000889b8ec0) 
thrown [s\src\hotspot\share\prims\jni.cpp, line 1108]
Event: 11.844 Thread 0x0000028efe7bc960 Exception <a 'java/lang/NoSuchMethodError'{0x00000000889ba608}: static Lorg/gradle/internal/build/event/types/AbstractOperationResult;.<clinit>()V> (0x00000000889ba608) 
thrown [s\src\hotspot\share\prims\jni.cpp, line 1108]
Event: 11.844 Thread 0x0000028efe7bc960 Exception <a 'java/lang/NoSuchMethodError'{0x00000000889bba58}: static Lorg/gradle/internal/build/event/types/AbstractResult;.<clinit>()V> (0x00000000889bba58) 
thrown [s\src\hotspot\share\prims\jni.cpp, line 1108]
Event: 11.845 Thread 0x0000028efe7bc960 Exception <a 'java/lang/NoSuchMethodError'{0x00000000889d4980}: static Lorg/gradle/internal/build/event/types/DefaultPluginApplicationResult;.<clinit>()V> (0x00000000889d4980) 
thrown [s\src\hotspot\share\prims\jni.cpp, line 1108]
Event: 11.846 Thread 0x0000028efe7bc960 Exception <a 'java/lang/NoSuchMethodError'{0x00000000889e1338}: static Lorg/gradle/internal/build/event/types/DefaultBinaryPluginIdentifier;.<clinit>()V> (0x00000000889e1338) 
thrown [s\src\hotspot\share\prims\jni.cpp, line 1108]
Event: 11.848 Thread 0x0000028efe7bc960 Exception <a 'java/lang/NoSuchMethodError'{0x00000000889fb288}: static Lorg/gradle/internal/build/event/types/DefaultScriptPluginIdentifier;.<clinit>()V> (0x00000000889fb288) 
thrown [s\src\hotspot\share\prims\jni.cpp, line 1108]
Event: 11.959 Thread 0x0000028efe7bd380 Exception <a 'sun/nio/fs/WindowsException'{0x00000000884be238}> (0x00000000884be238) 
thrown [s\src\hotspot\share\prims\jni.cpp, line 517]
Event: 11.960 Thread 0x0000028efe7bd380 Exception <a 'sun/nio/fs/WindowsException'{0x00000000884bfff0}> (0x00000000884bfff0) 
thrown [s\src\hotspot\share\prims\jni.cpp, line 517]

VM Operations (20 events):
Event: 11.980 Executing VM operation: G1TryInitiateConcMark done
Event: 12.010 Executing VM operation: G1PauseRemark
Event: 12.015 Executing VM operation: G1PauseRemark done
Event: 12.036 Executing VM operation: G1PauseCleanup
Event: 12.036 Executing VM operation: G1PauseCleanup done
Event: 12.287 Executing VM operation: G1CollectForAllocation
Event: 12.295 Executing VM operation: G1CollectForAllocation done
Event: 12.299 Executing VM operation: G1CollectForAllocation
Event: 12.306 Executing VM operation: G1CollectForAllocation done
Event: 12.318 Executing VM operation: HandshakeAllThreads
Event: 12.318 Executing VM operation: HandshakeAllThreads done
Event: 12.366 Executing VM operation: G1TryInitiateConcMark
Event: 12.369 Executing VM operation: G1TryInitiateConcMark done
Event: 12.417 Executing VM operation: G1PauseRemark
Event: 12.421 Executing VM operation: G1PauseRemark done
Event: 12.440 Executing VM operation: G1PauseCleanup
Event: 12.441 Executing VM operation: G1PauseCleanup done
Event: 12.489 Executing VM operation: G1CollectForAllocation
Event: 12.492 Executing VM operation: G1CollectForAllocation done
Event: 12.503 Executing VM operation: G1CollectForAllocation

Events (20 events):
Event: 12.328 Thread 0x0000028ef8869e30 flushing nmethod 0x0000028ee2159b10
Event: 12.328 Thread 0x0000028ef8869e30 flushing nmethod 0x0000028ee2166d90
Event: 12.328 Thread 0x0000028ef8869e30 flushing nmethod 0x0000028ee218bd10
Event: 12.328 Thread 0x0000028ef8869e30 flushing nmethod 0x0000028ee2225990
Event: 12.329 Thread 0x0000028ef8869e30 flushing nmethod 0x0000028ee23f4290
Event: 12.329 Thread 0x0000028ef8869e30 flushing nmethod 0x0000028ee2423310
Event: 12.329 Thread 0x0000028ef8869e30 flushing nmethod 0x0000028ee243d610
Event: 12.329 Thread 0x0000028ef8869e30 flushing nmethod 0x0000028ee2477990
Event: 12.329 Thread 0x0000028ef8869e30 flushing nmethod 0x0000028ee24bc510
Event: 12.330 Thread 0x0000028ef8869e30 flushing nmethod 0x0000028ee250cc10
Event: 12.332 Thread 0x0000028ef8869e30 flushing nmethod 0x0000028ee2794910
Event: 12.332 Thread 0x0000028ef8869e30 flushing nmethod 0x0000028ee2817590
Event: 12.333 Thread 0x0000028ef8869e30 flushing nmethod 0x0000028ee28a5590
Event: 12.333 Thread 0x0000028ef8869e30 flushing nmethod 0x0000028ee28b3990
Event: 12.333 Thread 0x0000028ef8869e30 flushing nmethod 0x0000028ee28b4210
Event: 12.333 Thread 0x0000028ef8869e30 flushing nmethod 0x0000028ee28b4510
Event: 12.333 Thread 0x0000028ef8869e30 flushing nmethod 0x0000028ee28bb110
Event: 12.333 Thread 0x0000028ef8869e30 flushing nmethod 0x0000028ee28bbf90
Event: 12.333 Thread 0x0000028ef8869e30 flushing nmethod 0x0000028ee28c0d90
Event: 12.333 Thread 0x0000028ef8869e30 flushing nmethod 0x0000028ee28fbc10


Dynamic libraries:
0x00007ff7bb080000 - 0x00007ff7bb08a000 	C:\Program Files\Android\Android Studio\jbr\bin\java.exe
0x00007ff9bc4d0000 - 0x00007ff9bc6e6000 	C:\WINDOWS\SYSTEM32\ntdll.dll
0x00007ff9ba490000 - 0x00007ff9ba554000 	C:\WINDOWS\System32\KERNEL32.DLL
0x00007ff9b9db0000 - 0x00007ff9ba157000 	C:\WINDOWS\System32\KERNELBASE.dll
0x00007ff9b9a80000 - 0x00007ff9b9b91000 	C:\WINDOWS\System32\ucrtbase.dll
0x00007ff97f5c0000 - 0x00007ff97f5d7000 	C:\Program Files\Android\Android Studio\jbr\bin\jli.dll
0x00007ff9af770000 - 0x00007ff9af78b000 	C:\Program Files\Android\Android Studio\jbr\bin\VCRUNTIME140.dll
0x00007ff9bb3e0000 - 0x00007ff9bb58e000 	C:\WINDOWS\System32\USER32.dll
0x00007ff9b9ba0000 - 0x00007ff9b9bc6000 	C:\WINDOWS\System32\win32u.dll
0x00007ff99b720000 - 0x00007ff99b9b3000 	C:\WINDOWS\WinSxS\amd64_microsoft.windows.common-controls_6595b64144ccf1df_6.0.22621.3235_none_270f74e173860f98\COMCTL32.dll
0x00007ff9bb1c0000 - 0x00007ff9bb267000 	C:\WINDOWS\System32\msvcrt.dll
0x00007ff9bb190000 - 0x00007ff9bb1b9000 	C:\WINDOWS\System32\GDI32.dll
0x00007ff9b97f0000 - 0x00007ff9b9909000 	C:\WINDOWS\System32\gdi32full.dll
0x00007ff9ba160000 - 0x00007ff9ba1fa000 	C:\WINDOWS\System32\msvcp_win.dll
0x00007ff9bc450000 - 0x00007ff9bc481000 	C:\WINDOWS\System32\IMM32.DLL
0x00007ff9b46f0000 - 0x00007ff9b46fc000 	C:\Program Files\Android\Android Studio\jbr\bin\vcruntime140_1.dll
0x00007ff9af650000 - 0x00007ff9af6dd000 	C:\Program Files\Android\Android Studio\jbr\bin\msvcp140.dll
0x00007ff8fc850000 - 0x00007ff8fd4d3000 	C:\Program Files\Android\Android Studio\jbr\bin\server\jvm.dll
0x00007ff9bb320000 - 0x00007ff9bb3d2000 	C:\WINDOWS\System32\ADVAPI32.dll
0x00007ff9bad20000 - 0x00007ff9badc8000 	C:\WINDOWS\System32\sechost.dll
0x00007ff9b9a50000 - 0x00007ff9b9a78000 	C:\WINDOWS\System32\bcrypt.dll
0x00007ff9badd0000 - 0x00007ff9baee5000 	C:\WINDOWS\System32\RPCRT4.dll
0x00007ff994110000 - 0x00007ff994119000 	C:\WINDOWS\SYSTEM32\WSOCK32.dll
0x00007ff9bb0a0000 - 0x00007ff9bb111000 	C:\WINDOWS\System32\WS2_32.dll
0x00007ff9b96c0000 - 0x00007ff9b970d000 	C:\WINDOWS\SYSTEM32\POWRPROF.dll
0x00007ff9b0a70000 - 0x00007ff9b0aa4000 	C:\WINDOWS\SYSTEM32\WINMM.dll
0x00007ff9a2810000 - 0x00007ff9a281a000 	C:\WINDOWS\SYSTEM32\VERSION.dll
0x00007ff9b95f0000 - 0x00007ff9b9603000 	C:\WINDOWS\SYSTEM32\UMPDC.dll
0x00007ff9b87f0000 - 0x00007ff9b8808000 	C:\WINDOWS\SYSTEM32\kernel.appcore.dll
0x00007ff9b6600000 - 0x00007ff9b660a000 	C:\Program Files\Android\Android Studio\jbr\bin\jimage.dll
0x00007ff9b7000000 - 0x00007ff9b7233000 	C:\WINDOWS\SYSTEM32\DBGHELP.DLL
0x00007ff9ba560000 - 0x00007ff9ba8e8000 	C:\WINDOWS\System32\combase.dll
0x00007ff9ba350000 - 0x00007ff9ba427000 	C:\WINDOWS\System32\OLEAUT32.dll
0x00007ff996d00000 - 0x00007ff996d32000 	C:\WINDOWS\SYSTEM32\dbgcore.DLL
0x00007ff9b9910000 - 0x00007ff9b9989000 	C:\WINDOWS\System32\bcryptPrimitives.dll
0x00007ff97f920000 - 0x00007ff97f92e000 	C:\Program Files\Android\Android Studio\jbr\bin\instrument.dll
0x00007ff9b65d0000 - 0x00007ff9b65f5000 	C:\Program Files\Android\Android Studio\jbr\bin\java.dll
0x00007ff9b6590000 - 0x00007ff9b65a8000 	C:\Program Files\Android\Android Studio\jbr\bin\zip.dll
0x00007ff9bbba0000 - 0x00007ff9bc3fc000 	C:\WINDOWS\System32\SHELL32.dll
0x00007ff9b7700000 - 0x00007ff9b7ff9000 	C:\WINDOWS\SYSTEM32\windows.storage.dll
0x00007ff9b75c0000 - 0x00007ff9b76fe000 	C:\WINDOWS\SYSTEM32\wintypes.dll
0x00007ff9ba200000 - 0x00007ff9ba2f3000 	C:\WINDOWS\System32\SHCORE.dll
0x00007ff9baab0000 - 0x00007ff9bab0e000 	C:\WINDOWS\System32\shlwapi.dll
0x00007ff9b9720000 - 0x00007ff9b9741000 	C:\WINDOWS\SYSTEM32\profapi.dll
0x00007ff9b65b0000 - 0x00007ff9b65c9000 	C:\Program Files\Android\Android Studio\jbr\bin\net.dll
0x00007ff9b32a0000 - 0x00007ff9b33d6000 	C:\WINDOWS\SYSTEM32\WINHTTP.dll
0x00007ff9b8c60000 - 0x00007ff9b8cc9000 	C:\WINDOWS\system32\mswsock.dll
0x00007ff9b42b0000 - 0x00007ff9b42c6000 	C:\Program Files\Android\Android Studio\jbr\bin\nio.dll
0x00007ff9838b0000 - 0x00007ff9838c0000 	C:\Program Files\Android\Android Studio\jbr\bin\verify.dll
0x00007ff96bd50000 - 0x00007ff96bd77000 	C:\Users\user\.gradle\native\c067742578af261105cb4f569cf0c3c89f3d7b1fecec35dd04571415982c5e48\windows-amd64\native-platform.dll
0x00007ff967cc0000 - 0x00007ff967e04000 	C:\Users\user\.gradle\native\38dada09dfb8b06ba9b0570ebf7e218e3eb74d4ef43ca46872605cf95ebc2f47\windows-amd64\native-platform-file-events.dll
0x00007ff9b42a0000 - 0x00007ff9b42a9000 	C:\Program Files\Android\Android Studio\jbr\bin\management.dll
0x00007ff993a30000 - 0x00007ff993a3b000 	C:\Program Files\Android\Android Studio\jbr\bin\management_ext.dll
0x00007ff9ba340000 - 0x00007ff9ba348000 	C:\WINDOWS\System32\PSAPI.DLL
0x00007ff9b8ea0000 - 0x00007ff9b8ebb000 	C:\WINDOWS\SYSTEM32\CRYPTSP.dll
0x00007ff9b8750000 - 0x00007ff9b8785000 	C:\WINDOWS\system32\rsaenh.dll
0x00007ff9b8d20000 - 0x00007ff9b8d48000 	C:\WINDOWS\SYSTEM32\USERENV.dll
0x00007ff9b8e90000 - 0x00007ff9b8e9c000 	C:\WINDOWS\SYSTEM32\CRYPTBASE.dll
0x00007ff9b82a0000 - 0x00007ff9b82cd000 	C:\WINDOWS\SYSTEM32\IPHLPAPI.DLL
0x00007ff9bb270000 - 0x00007ff9bb279000 	C:\WINDOWS\System32\NSI.dll
0x00007ff9b3160000 - 0x00007ff9b3179000 	C:\WINDOWS\SYSTEM32\dhcpcsvc6.DLL
0x00007ff9b2f60000 - 0x00007ff9b2f7f000 	C:\WINDOWS\SYSTEM32\dhcpcsvc.DLL
0x00007ff9b8320000 - 0x00007ff9b8419000 	C:\WINDOWS\SYSTEM32\DNSAPI.dll
0x00007ff983190000 - 0x00007ff983198000 	C:\WINDOWS\system32\wshunix.dll

dbghelp: loaded successfully - version: 4.0.5 - missing functions: none
symbol engine: initialized successfully - sym options: 0x614 - pdb path: .;C:\Program Files\Android\Android Studio\jbr\bin;C:\WINDOWS\SYSTEM32;C:\WINDOWS\WinSxS\amd64_microsoft.windows.common-controls_6595b64144ccf1df_6.0.22621.3235_none_270f74e173860f98;C:\Program Files\Android\Android Studio\jbr\bin\server;C:\Users\user\.gradle\native\c067742578af261105cb4f569cf0c3c89f3d7b1fecec35dd04571415982c5e48\windows-amd64;C:\Users\user\.gradle\native\38dada09dfb8b06ba9b0570ebf7e218e3eb74d4ef43ca46872605cf95ebc2f47\windows-amd64

VM Arguments:
jvm_args: --add-opens=java.base/java.util=ALL-UNNAMED --add-opens=java.base/java.lang=ALL-UNNAMED --add-opens=java.base/java.lang.invoke=ALL-UNNAMED --add-opens=java.prefs/java.util.prefs=ALL-UNNAMED --add-opens=java.base/java.nio.charset=ALL-UNNAMED --add-opens=java.base/java.net=ALL-UNNAMED --add-opens=java.base/java.util.concurrent.atomic=ALL-UNNAMED -Xmx2048m -Dfile.encoding=UTF-8 -Duser.country=KR -Duser.language=ko -Duser.variant -javaagent:C:\Users\user\.gradle\wrapper\dists\gradle-8.4-bin\1w5dpkrfk8irigvoxmyhowfim\gradle-8.4\lib\agents\gradle-instrumentation-agent-8.4.jar 
java_command: org.gradle.launcher.daemon.bootstrap.GradleDaemon 8.4
java_class_path (initial): C:\Users\user\.gradle\wrapper\dists\gradle-8.4-bin\1w5dpkrfk8irigvoxmyhowfim\gradle-8.4\lib\gradle-launcher-8.4.jar
Launcher Type: SUN_STANDARD

[Global flags]
     intx CICompilerCount                          = 4                                         {product} {ergonomic}
     uint ConcGCThreads                            = 3                                         {product} {ergonomic}
     uint G1ConcRefinementThreads                  = 10                                        {product} {ergonomic}
   size_t G1HeapRegionSize                         = 1048576                                   {product} {ergonomic}
    uintx GCDrainStackTargetSize                   = 64                                        {product} {ergonomic}
   size_t InitialHeapSize                          = 264241152                                 {product} {ergonomic}
   size_t MarkStackSize                            = 4194304                                   {product} {ergonomic}
   size_t MaxHeapSize                              = 2147483648                                {product} {command line}
   size_t MaxNewSize                               = 1287651328                                {product} {ergonomic}
   size_t MinHeapDeltaBytes                        = 1048576                                   {product} {ergonomic}
   size_t MinHeapSize                              = 8388608                                   {product} {ergonomic}
    uintx NonNMethodCodeHeapSize                   = 5839372                                {pd product} {ergonomic}
    uintx NonProfiledCodeHeapSize                  = 122909434                              {pd product} {ergonomic}
    uintx ProfiledCodeHeapSize                     = 122909434                              {pd product} {ergonomic}
    uintx ReservedCodeCacheSize                    = 251658240                              {pd product} {ergonomic}
     bool SegmentedCodeCache                       = true                                      {product} {ergonomic}
   size_t SoftMaxHeapSize                          = 2147483648                             {manageable} {ergonomic}
     bool UseCompressedClassPointers               = true                           {product lp64_product} {ergonomic}
     bool UseCompressedOops                        = true                           {product lp64_product} {ergonomic}
     bool UseG1GC                                  = true                                      {product} {ergonomic}
     bool UseLargePagesIndividualAllocation        = false                                  {pd product} {ergonomic}

Logging:
Log output configuration:
 #0: stdout all=warning uptime,level,tags
 #1: stderr all=off uptime,level,tags

Environment Variables:
JAVA_HOME=D:\Program file\Java\
PATH=C:\app\user\product\18.0.0\dbhomeXE\bin;C:\Program Files\Common Files\Oracle\Java\javapath;C:\Python312\Scripts\;C:\Python312\;D:\Program file\Java\bin;C:\WINDOWS\system32;C:\WINDOWS;C:\WINDOWS\System32\Wbem;C:\WINDOWS\System32\WindowsPowerShell\v1.0\;C:\WINDOWS\System32\OpenSSH\;C:\Program Files\Microsoft SQL Server\150\Tools\Binn\;C:\Program Files\Microsoft SQL Server\Client SDK\ODBC\170\Tools\Binn\;C:\Program Files\Bandizip\;C:\Program Files\MySQL\MySQL Server 8.0\bin;C:\Program Files\dotnet\;C:\Program Files\nodejs\;C:\ProgramData\chocolatey\bin;C:\Program Files\MySQL\MySQL Shell 8.0\bin\;C:\Users\user\Anaconda3;C:\Users\user\Anaconda3\Library\mingw-w64\bin;C:\Users\user\Anaconda3\Library\usr\bin;C:\Users\user\Anaconda3\Library\bin;C:\Users\user\Anaconda3\Scripts;C:\Users\user\AppData\Local\Microsoft\WindowsApps;D:\Program file\IntelliJ IDEA Community Edition 2022.3.3\bin;;C:\Users\user\AppData\Local\Programs\Microsoft VS Code\bin;C:\Users\user\.dotnet\tools;C:\Users\user\AppData\Roaming\npm
USERNAME=user
OS=Windows_NT
PROCESSOR_IDENTIFIER=Intel64 Family 6 Model 154 Stepping 4, GenuineIntel
TMP=C:\Users\user\AppData\Local\Temp
TEMP=C:\Users\user\AppData\Local\Temp



Periodic native trim disabled

JNI global refs:
JNI global refs: 30, weak refs: 5

JNI global refs memory usage: 843, weak refs: 841

OOME stack traces (most recent first):
Classloader memory used:
Loader org.gradle.internal.classloader.VisitableURLClassLoader                         : 10858K
Loader bootstrap                                                                       : 2524K
Loader org.gradle.initialization.MixInLegacyTypesClassLoader                           : 1043K
Loader jdk.internal.loader.ClassLoaders$AppClassLoader                                 : 963K
Loader jdk.internal.loader.ClassLoaders$PlatformClassLoader                            : 91144B
Loader jdk.internal.jrtfs.JrtFileSystemProvider$JrtFsLoader                            : 42248B
Loader jdk.internal.reflect.DelegatingClassLoader                                      : 23050B
Loader org.gradle.internal.classloader.VisitableURLClassLoader                         : 7734B
Loader org.gradle.internal.classloader.VisitableURLClassLoader$InstrumentingVisitableURLClassLoader: 4771B

Classes loaded by more than one classloader:
Class Program                                                                         : loaded 3 times (x 70B)
Class org.gradle.internal.classpath.ClassPath                                         : loaded 2 times (x 68B)
Class org.gradle.api.internal.classpath.DefaultModuleRegistry                         : loaded 2 times (x 84B)
Class Settings_gradle$1$1                                                             : loaded 2 times (x 72B)
Class jdk.internal.jimage.BasicImageReader$1                                          : loaded 2 times (x 75B)
Class org.gradle.api.Action                                                           : loaded 2 times (x 68B)
Class jdk.internal.jimage.ImageBufferCache$1                                          : loaded 2 times (x 78B)
Class jdk.internal.jimage.ImageBufferCache$2                                          : loaded 2 times (x 89B)
Class org.gradle.api.internal.DefaultClassPathProvider                                : loaded 2 times (x 74B)
Class org.gradle.internal.installation.GradleInstallation$1                           : loaded 2 times (x 73B)
Class jdk.internal.jrtfs.SystemImage$1                                                : loaded 2 times (x 76B)
Class jdk.internal.jrtfs.SystemImage$2                                                : loaded 2 times (x 74B)
Class org.gradle.internal.classloader.FilteringClassLoader                            : loaded 2 times (x 103B)
Class jdk.internal.jimage.ImageReader$Resource                                        : loaded 2 times (x 82B)
Class jdk.internal.jrtfs.SystemImage                                                  : loaded 2 times (x 72B)
Class org.gradle.internal.classpath.DefaultClassPath$ImmutableUniqueList$Builder      : loaded 2 times (x 73B)
Class jdk.internal.jrtfs.JrtDirectoryStream$1                                         : loaded 2 times (x 81B)
Class org.gradle.internal.classloader.ClassLoaderVisitor                              : loaded 2 times (x 74B)
Class org.gradle.internal.service.DefaultServiceLocator                               : loaded 2 times (x 81B)
Class org.gradle.internal.service.UnknownServiceException                             : loaded 2 times (x 81B)
Class org.gradle.internal.classloader.DefaultClassLoaderFactory                       : loaded 2 times (x 80B)
Class jdk.internal.jimage.ImageReader$SharedImageReader                               : loaded 2 times (x 93B)
Class jdk.internal.jimage.decompressor.ZipDecompressorFactory                         : loaded 2 times (x 72B)
Class org.gradle.internal.classloader.VisitableURLClassLoader$Spec                    : loaded 2 times (x 72B)
Class org.gradle.api.GradleException                                                  : loaded 2 times (x 80B)
Class org.gradle.api.internal.classpath.ModuleRegistry                                : loaded 2 times (x 68B)
Class org.gradle.api.internal.ClassPathProvider                                       : loaded 2 times (x 68B)
Class org.gradle.internal.classloader.ClasspathUtil$1                                 : loaded 2 times (x 74B)
Class org.gradle.internal.classloader.ClassLoaderFactory                              : loaded 2 times (x 68B)
Class jdk.internal.jimage.ImageHeader                                                 : loaded 2 times (x 69B)
Class org.gradle.api.internal.classpath.ManifestUtil                                  : loaded 2 times (x 69B)
Class org.gradle.api.specs.Spec                                                       : loaded 2 times (x 68B)
Class org.gradle.internal.IoActions                                                   : loaded 2 times (x 69B)
Class jdk.internal.jimage.decompressor.StringSharingDecompressorFactory               : loaded 2 times (x 72B)
Class org.gradle.api.internal.classpath.EffectiveClassPath                            : loaded 2 times (x 88B)
Class jdk.internal.jimage.ImageReader$LinkNode                                        : loaded 2 times (x 82B)
Class org.gradle.internal.installation.CurrentGradleInstallation                      : loaded 2 times (x 71B)
Class org.gradle.internal.agents.InstrumentingClassLoader                             : loaded 2 times (x 68B)
Class org.gradle.internal.installation.CurrentGradleInstallationLocator               : loaded 2 times (x 69B)
Class org.gradle.api.internal.classpath.Module                                        : loaded 2 times (x 68B)
Class org.gradle.internal.service.CachingServiceLocator                               : loaded 2 times (x 80B)
Class org.gradle.internal.classpath.DefaultClassPath                                  : loaded 2 times (x 88B)
Class jdk.internal.jimage.BasicImageReader                                            : loaded 2 times (x 93B)
Class jdk.internal.jimage.ImageLocation                                               : loaded 2 times (x 88B)
Class jdk.internal.jimage.ImageReader$Node                                            : loaded 2 times (x 82B)
Class jdk.internal.jimage.decompressor.CompressedResourceHeader                       : loaded 2 times (x 69B)
Class jdk.internal.jrtfs.JrtPath                                                      : loaded 2 times (x 116B)
Class jdk.internal.jimage.ImageStrings                                                : loaded 2 times (x 68B)
Class jdk.internal.jrtfs.JrtFileAttributes                                            : loaded 2 times (x 81B)
Class org.gradle.internal.classloader.SystemClassLoaderSpec                           : loaded 2 times (x 69B)
Class jdk.internal.jimage.decompressor.ResourceDecompressorRepository                 : loaded 2 times (x 69B)
Class org.gradle.api.UncheckedIOException                                             : loaded 2 times (x 80B)
Class jdk.internal.jimage.decompressor.ResourceDecompressor$StringsProvider           : loaded 2 times (x 68B)
Class org.gradle.internal.installation.GradleInstallation                             : loaded 2 times (x 73B)
Class jdk.internal.jimage.decompressor.Decompressor                                   : loaded 2 times (x 70B)
Class jdk.internal.jrtfs.JrtFileSystem                                                : loaded 2 times (x 100B)
Class jdk.internal.jrtfs.JrtFileSystemProvider                                        : loaded 2 times (x 97B)
Class org.gradle.internal.classloader.ClasspathUtil                                   : loaded 2 times (x 69B)
Class jdk.internal.jrtfs.JrtDirectoryStream                                           : loaded 2 times (x 87B)
Class jdk.internal.jimage.decompressor.ResourceDecompressor                           : loaded 2 times (x 68B)
Class org.gradle.api.internal.DefaultClassPathRegistry                                : loaded 2 times (x 74B)
Class org.gradle.api.internal.classpath.DefaultModuleRegistry$DefaultModule           : loaded 2 times (x 84B)
Class org.gradle.api.internal.classpath.UnknownModuleException                        : loaded 2 times (x 80B)
Class org.gradle.internal.service.ServiceLookupException                              : loaded 2 times (x 80B)
Class jdk.internal.jimage.ImageStringsReader                                          : loaded 2 times (x 78B)
Class org.gradle.cache.GlobalCache                                                    : loaded 2 times (x 68B)
Class jdk.internal.jimage.decompressor.ResourceDecompressorFactory                    : loaded 2 times (x 72B)
Class [Lorg.gradle.api.internal.ClassPathProvider;                                    : loaded 2 times (x 67B)
Class jdk.internal.jimage.ImageReader$SharedImageReader$LocationVisitor               : loaded 2 times (x 68B)
Class org.gradle.util.internal.GUtil                                                  : loaded 2 times (x 69B)
Class jdk.internal.jimage.decompressor.ZipDecompressor                                : loaded 2 times (x 73B)
Class org.gradle.internal.classloader.ClassLoaderSpec                                 : loaded 2 times (x 69B)
Class org.gradle.internal.classloader.VisitableURLClassLoader                         : loaded 2 times (x 115B)
Class org.gradle.internal.Cast                                                        : loaded 2 times (x 69B)
Class org.gradle.api.internal.ClassPathRegistry                                       : loaded 2 times (x 68B)
Class org.gradle.internal.classloader.VisitableURLClassLoader$InstrumentingVisitableURLClassLoader: loaded 2 times (x 121B)
Class org.gradle.internal.classloader.ClassLoaderHierarchy                            : loaded 2 times (x 68B)
Class jdk.internal.jimage.ImageReader                                                 : loaded 2 times (x 73B)
Class org.gradle.internal.InternalTransformer                                         : loaded 2 times (x 68B)
Class org.gradle.internal.service.ServiceLocator                                      : loaded 2 times (x 68B)
Class Settings_gradle$1                                                               : loaded 2 times (x 72B)
Class org.gradle.internal.classpath.DefaultClassPath$ImmutableUniqueList              : loaded 2 times (x 159B)
Class jdk.internal.jimage.ImageBufferCache                                            : loaded 2 times (x 69B)
Class org.gradle.internal.classpath.TransformedClassPath                              : loaded 2 times (x 94B)
Class Settings_gradle                                                                 : loaded 2 times (x 126B)
Class jdk.internal.jimage.ImageReader$Directory                                       : loaded 2 times (x 82B)


---------------  S Y S T E M  ---------------

OS:
 Windows 11 , 64 bit Build 22621 (10.0.22621.3374)
OS uptime: 0 days 0:30 hours
Hyper-V role detected

CPU: total 12 (initial active 12) (6 cores per cpu, 2 threads per core) family 6 model 154 stepping 4 microcode 0x41e, cx8, cmov, fxsr, ht, mmx, 3dnowpref, sse, sse2, sse3, ssse3, sse4.1, sse4.2, popcnt, lzcnt, tsc, tscinvbit, avx, avx2, aes, erms, clmul, bmi1, bmi2, adx, sha, fma, vzeroupper, clflush, clflushopt, clwb, hv
Processor Information for processor 0
  Max Mhz: 1300, Current Mhz: 1300, Mhz Limit: 1300
Processor Information for processor 1
  Max Mhz: 1300, Current Mhz: 1300, Mhz Limit: 1300
Processor Information for processor 2
  Max Mhz: 1300, Current Mhz: 1300, Mhz Limit: 1300
Processor Information for processor 3
  Max Mhz: 1300, Current Mhz: 1300, Mhz Limit: 1300
Processor Information for processor 4
  Max Mhz: 1300, Current Mhz: 900, Mhz Limit: 897
Processor Information for processor 5
  Max Mhz: 1300, Current Mhz: 900, Mhz Limit: 897
Processor Information for processor 6
  Max Mhz: 1300, Current Mhz: 900, Mhz Limit: 897
Processor Information for processor 7
  Max Mhz: 1300, Current Mhz: 900, Mhz Limit: 897
Processor Information for processor 8
  Max Mhz: 1300, Current Mhz: 900, Mhz Limit: 897
Processor Information for processor 9
  Max Mhz: 1300, Current Mhz: 900, Mhz Limit: 897
Processor Information for processor 10
  Max Mhz: 1300, Current Mhz: 900, Mhz Limit: 897
Processor Information for processor 11
  Max Mhz: 1300, Current Mhz: 900, Mhz Limit: 897

Memory: 4k page, system-wide physical 16083M (849M free)
TotalPageFile size 18131M (AvailPageFile size 187M)
current process WorkingSet (physical memory assigned to process): 481M, peak: 483M
current process commit charge ("private bytes"): 594M, peak: 798M

vm_info: OpenJDK 64-Bit Server VM (17.0.9+0--11185874) for windows-amd64 JRE (17.0.9+0--11185874), built on Dec  6 2023 18:57:44 by "androidbuild" with MS VC++ 16.10 / 16.11 (VS2019)

END.
