#
# There is insufficient memory for the Java Runtime Environment to continue.
# Native memory allocation (mmap) failed to map 3145728 bytes for G1 virtual space
# Possible reasons:
#   The system is out of physical RAM or swap space
#   The process is running with CompressedOops enabled, and the Java Heap may be blocking the growth of the native heap
# Possible solutions:
#   Reduce memory load on the system
#   Increase physical memory or swap space
#   Check if swap backing store is full
#   Decrease Java heap size (-Xmx/-Xms)
#   Decrease number of Java threads
#   Decrease Java thread stack sizes (-Xss)
#   Set larger code cache with -XX:ReservedCodeCacheSize=
#   JVM is running with Unscaled Compressed Oops mode in which the Java heap is
#     placed in the first 4GB address space. The Java Heap base address is the
#     maximum limit for the native heap growth. Please use -XX:HeapBaseMinAddress
#     to set the Java Heap base and to place the Java Heap above 4GB virtual address.
# This output file may be truncated or incomplete.
#
#  Out of Memory Error (os_windows.cpp:3825), pid=8664, tid=27644
#
# JRE version: OpenJDK Runtime Environment (17.0.9) (build 17.0.9+0--11185874)
# Java VM: OpenJDK 64-Bit Server VM (17.0.9+0--11185874, mixed mode, tiered, compressed oops, compressed class ptrs, g1 gc, windows-amd64)
# No core dump will be written. Minidumps are not enabled by default on client versions of Windows
#

---------------  S U M M A R Y ------------

Command Line: --add-opens=java.base/java.util=ALL-UNNAMED --add-opens=java.base/java.lang=ALL-UNNAMED --add-opens=java.base/java.lang.invoke=ALL-UNNAMED --add-opens=java.prefs/java.util.prefs=ALL-UNNAMED --add-opens=java.base/java.nio.charset=ALL-UNNAMED --add-opens=java.base/java.net=ALL-UNNAMED --add-opens=java.base/java.util.concurrent.atomic=ALL-UNNAMED -Xmx2048m -Dfile.encoding=UTF-8 -Duser.country=KR -Duser.language=ko -Duser.variant -javaagent:C:\Users\user\.gradle\wrapper\dists\gradle-8.4-bin\1w5dpkrfk8irigvoxmyhowfim\gradle-8.4\lib\agents\gradle-instrumentation-agent-8.4.jar org.gradle.launcher.daemon.bootstrap.GradleDaemon 8.4

Host: 12th Gen Intel(R) Core(TM) i5-1235U, 12 cores, 15G,  Windows 11 , 64 bit Build 22621 (10.0.22621.3527)
Time: Thu May 30 15:31:32 2024  Windows 11 , 64 bit Build 22621 (10.0.22621.3527) elapsed time: 10.761485 seconds (0d 0h 0m 10s)

---------------  T H R E A D  ---------------

Current thread (0x0000020747011000):  VMThread "VM Thread" [stack: 0x000000ec76e00000,0x000000ec76f00000] [id=27644]

Stack: [0x000000ec76e00000,0x000000ec76f00000]
Native frames: (J=compiled Java code, j=interpreted, Vv=VM code, C=native code)
V  [jvm.dll+0x6886e9]
V  [jvm.dll+0x841e4a]
V  [jvm.dll+0x843a8e]
V  [jvm.dll+0x8440f3]
V  [jvm.dll+0x24c14f]
V  [jvm.dll+0x685499]
V  [jvm.dll+0x679c2a]
V  [jvm.dll+0x30cf9b]
V  [jvm.dll+0x314446]
V  [jvm.dll+0x36425e]
V  [jvm.dll+0x36448f]
V  [jvm.dll+0x2e2d68]
V  [jvm.dll+0x2e5e56]
V  [jvm.dll+0x2f066a]
V  [jvm.dll+0x325610]
V  [jvm.dll+0x8487eb]
V  [jvm.dll+0x849531]
V  [jvm.dll+0x849a4d]
V  [jvm.dll+0x849e24]
V  [jvm.dll+0x849ef0]
V  [jvm.dll+0x7f06aa]
V  [jvm.dll+0x687565]
C  [ucrtbase.dll+0x29333]
C  [KERNEL32.DLL+0x1257d]
C  [ntdll.dll+0x5aa48]

VM_Operation (0x000000ec76aff850): G1PauseRemark, mode: safepoint, requested by thread 0x0000020726be9620


---------------  P R O C E S S  ---------------

Threads class SMR info:
_java_thread_list=0x0000020747411f60, length=59, elements={
0x0000020726b7b7f0, 0x00000207470598d0, 0x000002074705aa70, 0x00000207470dde40,
0x00000207470de710, 0x00000207470e10f0, 0x00000207470e2250, 0x00000207470e3790,
0x00000207470e8680, 0x00000207470f4000, 0x00000207471d1920, 0x0000020747302170,
0x00000207491926c0, 0x0000020747393ad0, 0x0000020748148640, 0x0000020748b6d950,
0x0000020748df24f0, 0x00000207486f8520, 0x0000020748d73480, 0x0000020748b9c900,
0x0000020748b9aaa0, 0x0000020748b9afb0, 0x0000020748b9d830, 0x0000020748b9dd40,
0x0000020748b9b9d0, 0x0000020748b9d320, 0x0000020748b9b4c0, 0x0000020748b9e250,
0x0000020748b9c3f0, 0x0000020748b9bee0, 0x0000020749f866b0, 0x0000020749f88f30,
0x0000020749f86bc0, 0x0000020749f861a0, 0x0000020749f89440, 0x0000020749f88000,
0x0000020749f89950, 0x0000020749f870d0, 0x0000020749f875e0, 0x0000020749f87af0,
0x0000020749f88510, 0x0000020749f88a20, 0x000002074a77a2d0, 0x000002074a777a50,
0x000002074a777540, 0x000002074a777f60, 0x000002074a77da80, 0x000002074a77c640,
0x000002074a77a7e0, 0x000002074a777030, 0x000002074a77e9b0, 0x000002074a77d060,
0x000002074a77d570, 0x000002074a77acf0, 0x000002074a778470, 0x000002074a77b200,
0x000002074a77b710, 0x000002074a778980, 0x000002074a7798b0
}

Java Threads: ( => current thread )
  0x0000020726b7b7f0 JavaThread "main" [_thread_blocked, id=3744, stack(0x000000ec76800000,0x000000ec76900000)]
  0x00000207470598d0 JavaThread "Reference Handler" daemon [_thread_blocked, id=27524, stack(0x000000ec76f00000,0x000000ec77000000)]
  0x000002074705aa70 JavaThread "Finalizer" daemon [_thread_blocked, id=8716, stack(0x000000ec77000000,0x000000ec77100000)]
  0x00000207470dde40 JavaThread "Signal Dispatcher" daemon [_thread_blocked, id=13116, stack(0x000000ec77100000,0x000000ec77200000)]
  0x00000207470de710 JavaThread "Attach Listener" daemon [_thread_blocked, id=19600, stack(0x000000ec77200000,0x000000ec77300000)]
  0x00000207470e10f0 JavaThread "Service Thread" daemon [_thread_blocked, id=25876, stack(0x000000ec77300000,0x000000ec77400000)]
  0x00000207470e2250 JavaThread "Monitor Deflation Thread" daemon [_thread_blocked, id=21008, stack(0x000000ec77400000,0x000000ec77500000)]
  0x00000207470e3790 JavaThread "C2 CompilerThread0" daemon [_thread_blocked, id=4084, stack(0x000000ec77500000,0x000000ec77600000)]
  0x00000207470e8680 JavaThread "C1 CompilerThread0" daemon [_thread_blocked, id=26108, stack(0x000000ec77600000,0x000000ec77700000)]
  0x00000207470f4000 JavaThread "Sweeper thread" daemon [_thread_blocked, id=24200, stack(0x000000ec77700000,0x000000ec77800000)]
  0x00000207471d1920 JavaThread "Common-Cleaner" daemon [_thread_blocked, id=26780, stack(0x000000ec77800000,0x000000ec77900000)]
  0x0000020747302170 JavaThread "Notification Thread" daemon [_thread_blocked, id=19704, stack(0x000000ec77900000,0x000000ec77a00000)]
  0x00000207491926c0 JavaThread "Daemon health stats" [_thread_blocked, id=1108, stack(0x000000ec78200000,0x000000ec78300000)]
  0x0000020747393ad0 JavaThread "Incoming local TCP Connector on port 56241" [_thread_in_native, id=12172, stack(0x000000ec77b00000,0x000000ec77c00000)]
  0x0000020748148640 JavaThread "Daemon periodic checks" [_thread_blocked, id=2432, stack(0x000000ec77c00000,0x000000ec77d00000)]
  0x0000020748b6d950 JavaThread "Daemon" [_thread_blocked, id=7248, stack(0x000000ec78300000,0x000000ec78400000)]
  0x0000020748df24f0 JavaThread "Handler for socket connection from /127.0.0.1:56241 to /127.0.0.1:56242" [_thread_in_native, id=10856, stack(0x000000ec78400000,0x000000ec78500000)]
  0x00000207486f8520 JavaThread "Cancel handler" [_thread_blocked, id=11888, stack(0x000000ec78500000,0x000000ec78600000)]
  0x0000020748d73480 JavaThread "Daemon worker" [_thread_blocked, id=19320, stack(0x000000ec78600000,0x000000ec78700000)]
  0x0000020748b9c900 JavaThread "Asynchronous log dispatcher for DefaultDaemonConnection: socket connection from /127.0.0.1:56241 to /127.0.0.1:56242" [_thread_blocked, id=15384, stack(0x000000ec78700000,0x000000ec78800000)]
  0x0000020748b9aaa0 JavaThread "Stdin handler" [_thread_blocked, id=11828, stack(0x000000ec78800000,0x000000ec78900000)]
  0x0000020748b9afb0 JavaThread "Daemon client event forwarder" [_thread_blocked, id=15480, stack(0x000000ec78900000,0x000000ec78a00000)]
  0x0000020748b9d830 JavaThread "Cache worker for journal cache (C:\Users\user\.gradle\caches\journal-1)" [_thread_blocked, id=23940, stack(0x000000ec79100000,0x000000ec79200000)]
  0x0000020748b9dd40 JavaThread "File lock request listener" [_thread_in_native, id=25680, stack(0x000000ec79200000,0x000000ec79300000)]
  0x0000020748b9b9d0 JavaThread "Cache worker for file hash cache (C:\Users\user\.gradle\caches\8.4\fileHashes)" [_thread_blocked, id=1136, stack(0x000000ec79300000,0x000000ec79400000)]
  0x0000020748b9d320 JavaThread "File watcher server" daemon [_thread_blocked, id=18128, stack(0x000000ec79400000,0x000000ec79500000)]
  0x0000020748b9b4c0 JavaThread "File watcher consumer" daemon [_thread_blocked, id=23140, stack(0x000000ec79500000,0x000000ec79600000)]
  0x0000020748b9e250 JavaThread "jar transforms" [_thread_blocked, id=9756, stack(0x000000ec79600000,0x000000ec79700000)]
  0x0000020748b9c3f0 JavaThread "jar transforms Thread 2" [_thread_blocked, id=12824, stack(0x000000ec79700000,0x000000ec79800000)]
  0x0000020748b9bee0 JavaThread "jar transforms Thread 3" [_thread_blocked, id=14760, stack(0x000000ec79800000,0x000000ec79900000)]
  0x0000020749f866b0 JavaThread "jar transforms Thread 4" [_thread_blocked, id=26576, stack(0x000000ec79900000,0x000000ec79a00000)]
  0x0000020749f88f30 JavaThread "jar transforms Thread 5" [_thread_blocked, id=21804, stack(0x000000ec79a00000,0x000000ec79b00000)]
  0x0000020749f86bc0 JavaThread "jar transforms Thread 6" [_thread_blocked, id=24772, stack(0x000000ec79b00000,0x000000ec79c00000)]
  0x0000020749f861a0 JavaThread "jar transforms Thread 7" [_thread_blocked, id=26752, stack(0x000000ec79c00000,0x000000ec79d00000)]
  0x0000020749f89440 JavaThread "jar transforms Thread 8" [_thread_blocked, id=27164, stack(0x000000ec79d00000,0x000000ec79e00000)]
  0x0000020749f88000 JavaThread "jar transforms Thread 9" [_thread_blocked, id=19792, stack(0x000000ec79e00000,0x000000ec79f00000)]
  0x0000020749f89950 JavaThread "jar transforms Thread 10" [_thread_blocked, id=16432, stack(0x000000ec79f00000,0x000000ec7a000000)]
  0x0000020749f870d0 JavaThread "jar transforms Thread 11" [_thread_blocked, id=16524, stack(0x000000ec7a000000,0x000000ec7a100000)]
  0x0000020749f875e0 JavaThread "jar transforms Thread 12" [_thread_blocked, id=12776, stack(0x000000ec7a100000,0x000000ec7a200000)]
  0x0000020749f87af0 JavaThread "Cache worker for checksums cache (D:\Androids\Memo\.gradle\8.4\checksums)" [_thread_blocked, id=19924, stack(0x000000ec7a300000,0x000000ec7a400000)]
  0x0000020749f88510 JavaThread "Cache worker for file hash cache (D:\Androids\Memo\.gradle\8.4\fileHashes)" [_thread_blocked, id=5552, stack(0x000000ec7a400000,0x000000ec7a500000)]
  0x0000020749f88a20 JavaThread "Cache worker for cache directory md-supplier (C:\Users\user\.gradle\caches\8.4\md-supplier)" [_thread_blocked, id=4220, stack(0x000000ec7a500000,0x000000ec7a600000)]
  0x000002074a77a2d0 JavaThread "Cache worker for file content cache (C:\Users\user\.gradle\caches\8.4\fileContent)" [_thread_blocked, id=7264, stack(0x000000ec7a600000,0x000000ec7a700000)]
  0x000002074a777a50 JavaThread "Cache worker for cache directory md-rule (C:\Users\user\.gradle\caches\8.4\md-rule)" [_thread_blocked, id=27804, stack(0x000000ec7a700000,0x000000ec7a800000)]
  0x000002074a777540 JavaThread "Cache worker for execution history cache (C:\Users\user\.gradle\caches\8.4\executionHistory)" [_thread_blocked, id=28056, stack(0x000000ec7a800000,0x000000ec7a900000)]
  0x000002074a777f60 JavaThread "Cache worker for kotlin-dsl (C:\Users\user\.gradle\caches\8.4\kotlin-dsl)" [_thread_blocked, id=5548, stack(0x000000ec7a200000,0x000000ec7a300000)]
  0x000002074a77da80 JavaThread "Cache worker for dependencies-accessors (D:\Androids\Memo\.gradle\8.4\dependencies-accessors)" [_thread_blocked, id=13668, stack(0x000000ec7a900000,0x000000ec7aa00000)]
  0x000002074a77c640 JavaThread "Cache worker for Build Output Cleanup Cache (D:\Androids\Memo\.gradle\buildOutputCleanup)" [_thread_blocked, id=7768, stack(0x000000ec7aa00000,0x000000ec7ab00000)]
  0x000002074a77a7e0 JavaThread "Unconstrained build operations" [_thread_blocked, id=22060, stack(0x000000ec7ab00000,0x000000ec7ac00000)]
  0x000002074a777030 JavaThread "Unconstrained build operations Thread 2" [_thread_blocked, id=20948, stack(0x000000ec7ac00000,0x000000ec7ad00000)]
  0x000002074a77e9b0 JavaThread "Unconstrained build operations Thread 3" [_thread_blocked, id=25488, stack(0x000000ec7ad00000,0x000000ec7ae00000)]
  0x000002074a77d060 JavaThread "Unconstrained build operations Thread 4" [_thread_blocked, id=4964, stack(0x000000ec7ae00000,0x000000ec7af00000)]
  0x000002074a77d570 JavaThread "Unconstrained build operations Thread 5" [_thread_blocked, id=23980, stack(0x000000ec7af00000,0x000000ec7b000000)]
  0x000002074a77acf0 JavaThread "Unconstrained build operations Thread 6" [_thread_blocked, id=21720, stack(0x000000ec7b000000,0x000000ec7b100000)]
  0x000002074a778470 JavaThread "Unconstrained build operations Thread 7" [_thread_blocked, id=1240, stack(0x000000ec7b100000,0x000000ec7b200000)]
  0x000002074a77b200 JavaThread "Unconstrained build operations Thread 8" [_thread_blocked, id=3352, stack(0x000000ec7b200000,0x000000ec7b300000)]
  0x000002074a77b710 JavaThread "Unconstrained build operations Thread 9" [_thread_blocked, id=22148, stack(0x000000ec7b300000,0x000000ec7b400000)]
  0x000002074a778980 JavaThread "Unconstrained build operations Thread 10" [_thread_blocked, id=17412, stack(0x000000ec7b400000,0x000000ec7b500000)]
  0x000002074a7798b0 JavaThread "Unconstrained build operations Thread 11" [_thread_blocked, id=27040, stack(0x000000ec7b500000,0x000000ec7b600000)]

Other Threads:
=>0x0000020747011000 VMThread "VM Thread" [stack: 0x000000ec76e00000,0x000000ec76f00000] [id=27644]
  0x0000020726b7c670 WatcherThread [stack: 0x000000ec77a00000,0x000000ec77b00000] [id=24936]
  0x0000020726bd7ec0 GCTaskThread "GC Thread#0" [stack: 0x000000ec76900000,0x000000ec76a00000] [id=22392]
  0x0000020747f760d0 GCTaskThread "GC Thread#1" [stack: 0x000000ec77d00000,0x000000ec77e00000] [id=26532]
  0x0000020747f277d0 GCTaskThread "GC Thread#2" [stack: 0x000000ec77e00000,0x000000ec77f00000] [id=15052]
  0x0000020747f27a90 GCTaskThread "GC Thread#3" [stack: 0x000000ec77f00000,0x000000ec78000000] [id=17036]
  0x0000020747f27d50 GCTaskThread "GC Thread#4" [stack: 0x000000ec78000000,0x000000ec78100000] [id=12892]
  0x0000020747748b20 GCTaskThread "GC Thread#5" [stack: 0x000000ec78100000,0x000000ec78200000] [id=23224]
  0x000002074846f100 GCTaskThread "GC Thread#6" [stack: 0x000000ec78a00000,0x000000ec78b00000] [id=23232]
  0x0000020748238800 GCTaskThread "GC Thread#7" [stack: 0x000000ec78b00000,0x000000ec78c00000] [id=23816]
  0x0000020749202030 GCTaskThread "GC Thread#8" [stack: 0x000000ec78c00000,0x000000ec78d00000] [id=13664]
  0x0000020748b8a540 GCTaskThread "GC Thread#9" [stack: 0x000000ec78d00000,0x000000ec78e00000] [id=23080]
  0x0000020726be9620 ConcurrentGCThread "G1 Main Marker" [stack: 0x000000ec76a00000,0x000000ec76b00000] [id=26868]
  0x0000020726bea7e0 ConcurrentGCThread "G1 Conc#0" [stack: 0x000000ec76b00000,0x000000ec76c00000] [id=3340]
  0x0000020748b88270 ConcurrentGCThread "G1 Conc#1" [stack: 0x000000ec78e00000,0x000000ec78f00000] [id=18592]
  0x00000207491903c0 ConcurrentGCThread "G1 Conc#2" [stack: 0x000000ec78f00000,0x000000ec79000000] [id=12196]
  0x0000020726c2ec30 ConcurrentGCThread "G1 Refine#0" [stack: 0x000000ec76c00000,0x000000ec76d00000] [id=27592]
  0x0000020742c90930 ConcurrentGCThread "G1 Service" [stack: 0x000000ec76d00000,0x000000ec76e00000] [id=27396]

Threads with active compile tasks:

VM state: at safepoint (normal execution)

VM Mutex/Monitor currently owned by a thread:  ([mutex/lock_event])
[0x0000020726b776d0] Threads_lock - owner thread: 0x0000020747011000
[0x0000020726b78c30] Heap_lock - owner thread: 0x0000020726be9620

Heap address: 0x0000000080000000, size: 2048 MB, Compressed Oops mode: 32-bit

CDS archive(s) not mapped
Compressed class space mapped at: 0x0000000100000000-0x0000000140000000, reserved size: 1073741824
Narrow klass base: 0x0000000000000000, Narrow klass shift: 3, Narrow klass range: 0x140000000

GC Precious Log:
 CPUs: 12 total, 12 available
 Memory: 16083M
 Large Page Support: Disabled
 NUMA Support: Disabled
 Compressed Oops: Enabled (32-bit)
 Heap Region Size: 1M
 Heap Min Capacity: 8M
 Heap Initial Capacity: 252M
 Heap Max Capacity: 2G
 Pre-touch: Disabled
 Parallel Workers: 10
 Concurrent Workers: 3
 Concurrent Refinement Workers: 10
 Periodic GC: Disabled

Heap:
 garbage-first heap   total 111616K, used 66847K [0x0000000080000000, 0x0000000100000000)
  region size 1024K, 3 young (3072K), 2 survivors (2048K)
 Metaspace       used 60323K, committed 60992K, reserved 1114112K
  class space    used 8233K, committed 8576K, reserved 1048576K

Heap Regions: E=young(eden), S=young(survivor), O=old, HS=humongous(starts), HC=humongous(continues), CS=collection set, F=free, OA=open archive, CA=closed archive, TAMS=top-at-mark-start (previous, next)
|   0|0x0000000080000000, 0x0000000080100000, 0x0000000080100000|100%|HS|  |TAMS 0x0000000080100000, 0x0000000080000000| Complete 
|   1|0x0000000080100000, 0x0000000080200000, 0x0000000080200000|100%|HC|  |TAMS 0x0000000080200000, 0x0000000080100000| Complete 
|   2|0x0000000080200000, 0x0000000080300000, 0x0000000080300000|100%|HC|  |TAMS 0x0000000080300000, 0x0000000080200000| Complete 
|   3|0x0000000080300000, 0x0000000080400000, 0x0000000080400000|100%|HC|  |TAMS 0x0000000080400000, 0x0000000080300000| Complete 
|   4|0x0000000080400000, 0x0000000080500000, 0x0000000080500000|100%| O|  |TAMS 0x0000000080500000, 0x0000000080400000| Untracked 
|   5|0x0000000080500000, 0x0000000080600000, 0x0000000080600000|100%| O|  |TAMS 0x0000000080600000, 0x0000000080500000| Untracked 
|   6|0x0000000080600000, 0x0000000080700000, 0x0000000080700000|100%| O|  |TAMS 0x0000000080700000, 0x0000000080600000| Untracked 
|   7|0x0000000080700000, 0x0000000080800000, 0x0000000080800000|100%| O|  |TAMS 0x0000000080800000, 0x0000000080700000| Updating 
|   8|0x0000000080800000, 0x0000000080900000, 0x0000000080900000|100%| O|  |TAMS 0x0000000080900000, 0x0000000080800000| Untracked 
|   9|0x0000000080900000, 0x0000000080a00000, 0x0000000080a00000|100%| O|  |TAMS 0x0000000080a00000, 0x0000000080900000| Untracked 
|  10|0x0000000080a00000, 0x0000000080b00000, 0x0000000080b00000|100%| O|  |TAMS 0x0000000080b00000, 0x0000000080a00000| Untracked 
|  11|0x0000000080b00000, 0x0000000080c00000, 0x0000000080c00000|100%| O|  |TAMS 0x0000000080c00000, 0x0000000080b00000| Untracked 
|  12|0x0000000080c00000, 0x0000000080d00000, 0x0000000080d00000|100%| O|  |TAMS 0x0000000080d00000, 0x0000000080c00000| Untracked 
|  13|0x0000000080d00000, 0x0000000080e00000, 0x0000000080e00000|100%| O|  |TAMS 0x0000000080e00000, 0x0000000080d00000| Untracked 
|  14|0x0000000080e00000, 0x0000000080f00000, 0x0000000080f00000|100%| O|  |TAMS 0x0000000080f00000, 0x0000000080e00000| Untracked 
|  15|0x0000000080f00000, 0x0000000081000000, 0x0000000081000000|100%| O|  |TAMS 0x0000000081000000, 0x0000000080f00000| Untracked 
|  16|0x0000000081000000, 0x0000000081100000, 0x0000000081100000|100%| O|  |TAMS 0x0000000081100000, 0x0000000081000000| Untracked 
|  17|0x0000000081100000, 0x0000000081200000, 0x0000000081200000|100%| O|  |TAMS 0x0000000081200000, 0x0000000081100000| Untracked 
|  18|0x0000000081200000, 0x0000000081300000, 0x0000000081300000|100%| O|  |TAMS 0x0000000081300000, 0x0000000081200000| Untracked 
|  19|0x0000000081300000, 0x0000000081400000, 0x0000000081400000|100%| O|  |TAMS 0x0000000081400000, 0x0000000081300000| Untracked 
|  20|0x0000000081400000, 0x0000000081500000, 0x0000000081500000|100%| O|  |TAMS 0x0000000081500000, 0x0000000081400000| Updating 
|  21|0x0000000081500000, 0x0000000081600000, 0x0000000081600000|100%| O|  |TAMS 0x0000000081600000, 0x0000000081500000| Updating 
|  22|0x0000000081600000, 0x0000000081700000, 0x0000000081700000|100%|HS|  |TAMS 0x0000000081700000, 0x0000000081600000| Complete 
|  23|0x0000000081700000, 0x0000000081800000, 0x0000000081800000|100%|HC|  |TAMS 0x0000000081800000, 0x0000000081700000| Complete 
|  24|0x0000000081800000, 0x0000000081900000, 0x0000000081900000|100%|HS|  |TAMS 0x0000000081900000, 0x0000000081800000| Complete 
|  25|0x0000000081900000, 0x0000000081a00000, 0x0000000081a00000|100%|HC|  |TAMS 0x0000000081a00000, 0x0000000081900000| Complete 
|  26|0x0000000081a00000, 0x0000000081b00000, 0x0000000081b00000|100%|HC|  |TAMS 0x0000000081b00000, 0x0000000081a00000| Complete 
|  27|0x0000000081b00000, 0x0000000081c00000, 0x0000000081c00000|100%|HS|  |TAMS 0x0000000081c00000, 0x0000000081b00000| Complete 
|  28|0x0000000081c00000, 0x0000000081d00000, 0x0000000081d00000|100%|HC|  |TAMS 0x0000000081d00000, 0x0000000081c00000| Complete 
|  29|0x0000000081d00000, 0x0000000081e00000, 0x0000000081e00000|100%|HC|  |TAMS 0x0000000081e00000, 0x0000000081d00000| Complete 
|  30|0x0000000081e00000, 0x0000000081f00000, 0x0000000081f00000|100%|HS|  |TAMS 0x0000000081f00000, 0x0000000081e00000| Complete 
|  31|0x0000000081f00000, 0x0000000082000000, 0x0000000082000000|100%|HC|  |TAMS 0x0000000082000000, 0x0000000081f00000| Complete 
|  32|0x0000000082000000, 0x0000000082100000, 0x0000000082100000|100%|HC|  |TAMS 0x0000000082100000, 0x0000000082000000| Complete 
|  33|0x0000000082100000, 0x0000000082200000, 0x0000000082200000|100%| O|  |TAMS 0x0000000082200000, 0x0000000082100000| Updating 
|  34|0x0000000082200000, 0x0000000082300000, 0x0000000082300000|100%| O|  |TAMS 0x0000000082300000, 0x0000000082200000| Untracked 
|  35|0x0000000082300000, 0x0000000082400000, 0x0000000082400000|100%| O|  |TAMS 0x0000000082400000, 0x0000000082300000| Untracked 
|  36|0x0000000082400000, 0x0000000082500000, 0x0000000082500000|100%| O|  |TAMS 0x0000000082500000, 0x0000000082400000| Untracked 
|  37|0x0000000082500000, 0x0000000082600000, 0x0000000082600000|100%| O|  |TAMS 0x0000000082600000, 0x0000000082500000| Updating 
|  38|0x0000000082600000, 0x0000000082700000, 0x0000000082700000|100%| O|  |TAMS 0x0000000082700000, 0x0000000082600000| Updating 
|  39|0x0000000082700000, 0x0000000082800000, 0x0000000082800000|100%|HS|  |TAMS 0x0000000082800000, 0x0000000082700000| Complete 
|  40|0x0000000082800000, 0x0000000082900000, 0x0000000082900000|100%|HC|  |TAMS 0x0000000082900000, 0x0000000082800000| Complete 
|  41|0x0000000082900000, 0x0000000082a00000, 0x0000000082a00000|100%|HC|  |TAMS 0x0000000082a00000, 0x0000000082900000| Complete 
|  42|0x0000000082a00000, 0x0000000082b00000, 0x0000000082b00000|100%| O|  |TAMS 0x0000000082b00000, 0x0000000082a00000| Untracked 
|  43|0x0000000082b00000, 0x0000000082c00000, 0x0000000082c00000|100%| O|  |TAMS 0x0000000082c00000, 0x0000000082b00000| Untracked 
|  44|0x0000000082c00000, 0x0000000082d00000, 0x0000000082d00000|100%| O|  |TAMS 0x0000000082d00000, 0x0000000082c00000| Untracked 
|  45|0x0000000082d00000, 0x0000000082e00000, 0x0000000082e00000|100%| O|  |TAMS 0x0000000082e00000, 0x0000000082d00000| Untracked 
|  46|0x0000000082e00000, 0x0000000082f00000, 0x0000000082f00000|100%| O|  |TAMS 0x0000000082f00000, 0x0000000082e00000| Untracked 
|  47|0x0000000082f00000, 0x0000000083000000, 0x0000000083000000|100%| O|  |TAMS 0x0000000083000000, 0x0000000082f00000| Untracked 
|  48|0x0000000083000000, 0x0000000083100000, 0x0000000083100000|100%| O|  |TAMS 0x0000000083100000, 0x0000000083000000| Untracked 
|  49|0x0000000083100000, 0x0000000083200000, 0x0000000083200000|100%| O|  |TAMS 0x0000000083200000, 0x0000000083100000| Untracked 
|  50|0x0000000083200000, 0x0000000083300000, 0x0000000083300000|100%| O|  |TAMS 0x0000000083300000, 0x0000000083200000| Untracked 
|  51|0x0000000083300000, 0x0000000083400000, 0x0000000083400000|100%| O|  |TAMS 0x0000000083400000, 0x0000000083300000| Untracked 
|  52|0x0000000083400000, 0x0000000083500000, 0x0000000083500000|100%| O|  |TAMS 0x0000000083500000, 0x0000000083400000| Untracked 
|  53|0x0000000083500000, 0x0000000083600000, 0x0000000083600000|100%| O|  |TAMS 0x0000000083600000, 0x0000000083500000| Untracked 
|  54|0x0000000083600000, 0x0000000083700000, 0x0000000083700000|100%| O|  |TAMS 0x0000000083700000, 0x0000000083600000| Untracked 
|  55|0x0000000083700000, 0x0000000083800000, 0x0000000083800000|100%| O|  |TAMS 0x0000000083800000, 0x0000000083700000| Untracked 
|  56|0x0000000083800000, 0x0000000083900000, 0x0000000083900000|100%| O|  |TAMS 0x0000000083900000, 0x0000000083800000| Untracked 
|  57|0x0000000083900000, 0x0000000083a00000, 0x0000000083a00000|100%| O|  |TAMS 0x0000000083a00000, 0x0000000083900000| Untracked 
|  58|0x0000000083a00000, 0x0000000083b00000, 0x0000000083b00000|100%| O|  |TAMS 0x0000000083b00000, 0x0000000083a00000| Untracked 
|  59|0x0000000083b00000, 0x0000000083ba3c00, 0x0000000083c00000| 63%| O|  |TAMS 0x0000000083ba3c00, 0x0000000083b00000| Updating 
|  60|0x0000000083c00000, 0x0000000083d00000, 0x0000000083d00000|100%|HS|  |TAMS 0x0000000083d00000, 0x0000000083c00000| Complete 
|  61|0x0000000083d00000, 0x0000000083e00000, 0x0000000083e00000|100%|HS|  |TAMS 0x0000000083e00000, 0x0000000083d00000| Complete 
|  62|0x0000000083e00000, 0x0000000083f00000, 0x0000000083f00000|100%|HS|  |TAMS 0x0000000083f00000, 0x0000000083e00000| Complete 
|  63|0x0000000083f00000, 0x0000000084000000, 0x0000000084000000|100%|HS|  |TAMS 0x0000000083f00000, 0x0000000083f00000| Complete 
|  64|0x0000000084000000, 0x0000000084000000, 0x0000000084100000|  0%| F|  |TAMS 0x0000000084000000, 0x0000000084000000| Untracked 
|  65|0x0000000084100000, 0x0000000084100000, 0x0000000084200000|  0%| F|  |TAMS 0x0000000084100000, 0x0000000084100000| Untracked 
|  66|0x0000000084200000, 0x0000000084200000, 0x0000000084300000|  0%| F|  |TAMS 0x0000000084200000, 0x0000000084200000| Untracked 
|  67|0x0000000084300000, 0x0000000084300000, 0x0000000084400000|  0%| F|  |TAMS 0x0000000084300000, 0x0000000084300000| Untracked 
|  68|0x0000000084400000, 0x0000000084400000, 0x0000000084500000|  0%| F|  |TAMS 0x0000000084400000, 0x0000000084400000| Untracked 
|  69|0x0000000084500000, 0x0000000084500000, 0x0000000084600000|  0%| F|  |TAMS 0x0000000084500000, 0x0000000084500000| Untracked 
|  70|0x0000000084600000, 0x0000000084600000, 0x0000000084700000|  0%| F|  |TAMS 0x0000000084600000, 0x0000000084600000| Untracked 
|  71|0x0000000084700000, 0x0000000084700000, 0x0000000084800000|  0%| F|  |TAMS 0x0000000084700000, 0x0000000084700000| Untracked 
|  72|0x0000000084800000, 0x0000000084800000, 0x0000000084900000|  0%| F|  |TAMS 0x0000000084800000, 0x0000000084800000| Untracked 
|  73|0x0000000084900000, 0x0000000084900000, 0x0000000084a00000|  0%| F|  |TAMS 0x0000000084900000, 0x0000000084900000| Untracked 
|  74|0x0000000084a00000, 0x0000000084a00000, 0x0000000084b00000|  0%| F|  |TAMS 0x0000000084a00000, 0x0000000084a00000| Untracked 
|  75|0x0000000084b00000, 0x0000000084b00000, 0x0000000084c00000|  0%| F|  |TAMS 0x0000000084b00000, 0x0000000084b00000| Untracked 
|  76|0x0000000084c00000, 0x0000000084c00000, 0x0000000084d00000|  0%| F|  |TAMS 0x0000000084c00000, 0x0000000084c00000| Untracked 
|  77|0x0000000084d00000, 0x0000000084d00000, 0x0000000084e00000|  0%| F|  |TAMS 0x0000000084d00000, 0x0000000084d00000| Untracked 
|  78|0x0000000084e00000, 0x0000000084e00000, 0x0000000084f00000|  0%| F|  |TAMS 0x0000000084e00000, 0x0000000084e00000| Untracked 
|  79|0x0000000084f00000, 0x0000000084f00000, 0x0000000085000000|  0%| F|  |TAMS 0x0000000084f00000, 0x0000000084f00000| Untracked 
|  80|0x0000000085000000, 0x0000000085000000, 0x0000000085100000|  0%| F|  |TAMS 0x0000000085000000, 0x0000000085000000| Untracked 
|  81|0x0000000085100000, 0x0000000085100000, 0x0000000085200000|  0%| F|  |TAMS 0x0000000085100000, 0x0000000085100000| Untracked 
|  82|0x0000000085200000, 0x0000000085200000, 0x0000000085300000|  0%| F|  |TAMS 0x0000000085200000, 0x0000000085200000| Untracked 
|  83|0x0000000085300000, 0x0000000085300000, 0x0000000085400000|  0%| F|  |TAMS 0x0000000085300000, 0x0000000085300000| Untracked 
|  84|0x0000000085400000, 0x0000000085400000, 0x0000000085500000|  0%| F|  |TAMS 0x0000000085400000, 0x0000000085400000| Untracked 
|  85|0x0000000085500000, 0x0000000085500000, 0x0000000085600000|  0%| F|  |TAMS 0x0000000085500000, 0x0000000085500000| Untracked 
|  86|0x0000000085600000, 0x0000000085600000, 0x0000000085700000|  0%| F|  |TAMS 0x0000000085600000, 0x0000000085600000| Untracked 
|  87|0x0000000085700000, 0x0000000085700000, 0x0000000085800000|  0%| F|  |TAMS 0x0000000085700000, 0x0000000085700000| Untracked 
|  88|0x0000000085800000, 0x0000000085800000, 0x0000000085900000|  0%| F|  |TAMS 0x0000000085800000, 0x0000000085800000| Untracked 
|  89|0x0000000085900000, 0x0000000085900000, 0x0000000085a00000|  0%| F|  |TAMS 0x0000000085900000, 0x0000000085900000| Untracked 
|  90|0x0000000085a00000, 0x0000000085a00000, 0x0000000085b00000|  0%| F|  |TAMS 0x0000000085a00000, 0x0000000085a00000| Untracked 
|  91|0x0000000085b00000, 0x0000000085b00000, 0x0000000085c00000|  0%| F|  |TAMS 0x0000000085b00000, 0x0000000085b00000| Untracked 
|  92|0x0000000085c00000, 0x0000000085c00000, 0x0000000085d00000|  0%| F|  |TAMS 0x0000000085c00000, 0x0000000085c00000| Untracked 
|  93|0x0000000085d00000, 0x0000000085d00000, 0x0000000085e00000|  0%| F|  |TAMS 0x0000000085d00000, 0x0000000085d00000| Untracked 
|  94|0x0000000085e00000, 0x0000000085e00000, 0x0000000085f00000|  0%| F|  |TAMS 0x0000000085e00000, 0x0000000085e00000| Untracked 
|  95|0x0000000085f00000, 0x0000000085f00000, 0x0000000086000000|  0%| F|  |TAMS 0x0000000085f00000, 0x0000000085f00000| Untracked 
|  96|0x0000000086000000, 0x0000000086000000, 0x0000000086100000|  0%| F|  |TAMS 0x0000000086000000, 0x0000000086000000| Untracked 
|  97|0x0000000086100000, 0x0000000086100000, 0x0000000086200000|  0%| F|  |TAMS 0x0000000086100000, 0x0000000086100000| Untracked 
|  98|0x0000000086200000, 0x0000000086200000, 0x0000000086300000|  0%| F|  |TAMS 0x0000000086200000, 0x0000000086200000| Untracked 
| 196|0x000000008c400000, 0x000000008c400000, 0x000000008c500000|  0%| F|  |TAMS 0x000000008c400000, 0x000000008c400000| Untracked 
| 197|0x000000008c500000, 0x000000008c500000, 0x000000008c600000|  0%| F|  |TAMS 0x000000008c500000, 0x000000008c500000| Untracked 
| 198|0x000000008c600000, 0x000000008c600000, 0x000000008c700000|  0%| F|  |TAMS 0x000000008c600000, 0x000000008c600000| Untracked 
| 199|0x000000008c700000, 0x000000008c700000, 0x000000008c800000|  0%| F|  |TAMS 0x000000008c700000, 0x000000008c700000| Untracked 
| 200|0x000000008c800000, 0x000000008c800000, 0x000000008c900000|  0%| F|  |TAMS 0x000000008c800000, 0x000000008c800000| Untracked 
| 201|0x000000008c900000, 0x000000008c9a41c8, 0x000000008ca00000| 64%| S|CS|TAMS 0x000000008c900000, 0x000000008c900000| Complete 
| 202|0x000000008ca00000, 0x000000008cb00000, 0x000000008cb00000|100%| S|CS|TAMS 0x000000008ca00000, 0x000000008ca00000| Complete 
| 203|0x000000008cb00000, 0x000000008cb00000, 0x000000008cc00000|  0%| F|  |TAMS 0x000000008cb00000, 0x000000008cb00000| Untracked 
| 204|0x000000008cc00000, 0x000000008cc00000, 0x000000008cd00000|  0%| F|  |TAMS 0x000000008cc00000, 0x000000008cc00000| Untracked 
| 251|0x000000008fb00000, 0x000000008fbd3db8, 0x000000008fc00000| 82%| E|  |TAMS 0x000000008fb00000, 0x000000008fb00000| Complete 

Card table byte_map: [0x000002073b8c0000,0x000002073bcc0000] _byte_map_base: 0x000002073b4c0000

Marking Bits (Prev, Next): (CMBitMap*) 0x0000020726bd84e0, (CMBitMap*) 0x0000020726bd8520
 Prev Bits: [0x000002073c0c0000, 0x000002073e0c0000)
 Next Bits: [0x000002073e0c0000, 0x00000207400c0000)

Polling page: 0x00000207268e0000

Metaspace:

Usage:
  Non-class:     50.87 MB used.
      Class:      8.04 MB used.
       Both:     58.91 MB used.

Virtual space:
  Non-class space:       64.00 MB reserved,      51.19 MB ( 80%) committed,  1 nodes.
      Class space:        1.00 GB reserved,       8.38 MB ( <1%) committed,  1 nodes.
             Both:        1.06 GB reserved,      59.56 MB (  5%) committed. 

Chunk freelists:
   Non-Class:  12.50 MB
       Class:  7.69 MB
        Both:  20.19 MB

MaxMetaspaceSize: unlimited
CompressedClassSpaceSize: 1.00 GB
Initial GC threshold: 21.00 MB
Current GC threshold: 99.19 MB
CDS: off
MetaspaceReclaimPolicy: balanced
 - commit_granule_bytes: 65536.
 - commit_granule_words: 8192.
 - virtual_space_node_default_size: 8388608.
 - enlarge_chunks_in_place: 1.
 - new_chunks_are_fully_committed: 0.
 - uncommit_free_chunks: 1.
 - use_allocation_guard: 0.
 - handle_deallocations: 1.


Internal statistics:

num_allocs_failed_limit: 3.
num_arena_births: 756.
num_arena_deaths: 0.
num_vsnodes_births: 2.
num_vsnodes_deaths: 0.
num_space_committed: 953.
num_space_uncommitted: 0.
num_chunks_returned_to_freelist: 3.
num_chunks_taken_from_freelist: 2896.
num_chunk_merges: 3.
num_chunk_splits: 1858.
num_chunks_enlarged: 1199.
num_inconsistent_stats: 0.

CodeHeap 'non-profiled nmethods': size=120000Kb used=3142Kb max_used=3142Kb free=116857Kb
 bounds [0x00000207332f0000, 0x0000020733610000, 0x000002073a820000]
CodeHeap 'profiled nmethods': size=120000Kb used=11038Kb max_used=11038Kb free=108962Kb
 bounds [0x000002072b820000, 0x000002072c2f0000, 0x0000020732d50000]
CodeHeap 'non-nmethods': size=5760Kb used=2326Kb max_used=2376Kb free=3433Kb
 bounds [0x0000020732d50000, 0x0000020732fc0000, 0x00000207332f0000]
 total_blobs=6706 nmethods=5862 adapters=756
 compilation: enabled
              stopped_count=0, restarted_count=0
 full_count=0

Compilation events (20 events):
Event: 10.697 Thread 0x00000207470e8680 6564       3       jdk.internal.reflect.ConstantPool::getIntAt (10 bytes)
Event: 10.697 Thread 0x00000207470e8680 nmethod 6564 0x000002072c2e1c10 code [0x000002072c2e1da0, 0x000002072c2e1ee8]
Event: 10.710 Thread 0x00000207470e8680 6566       3       java.util.jar.JarFile::runtimeVersion (4 bytes)
Event: 10.710 Thread 0x00000207470e8680 nmethod 6566 0x000002072bf3a910 code [0x000002072bf3aaa0, 0x000002072bf3ab98]
Event: 10.718 Thread 0x00000207470e8680 6567       3       sun.nio.fs.WindowsFileSystemProvider::readAttributes (63 bytes)
Event: 10.719 Thread 0x00000207470e8680 nmethod 6567 0x000002072c2e1f90 code [0x000002072c2e21a0, 0x000002072c2e27b8]
Event: 10.719 Thread 0x00000207470e8680 6568       3       jdk.internal.loader.URLClassPath$3::run (172 bytes)
Event: 10.720 Thread 0x00000207470e8680 nmethod 6568 0x000002072c2e2990 code [0x000002072c2e2cc0, 0x000002072c2e3e68]
Event: 10.720 Thread 0x00000207470e8680 6569       3       jdk.internal.loader.URLClassPath$Loader::<init> (10 bytes)
Event: 10.721 Thread 0x00000207470e8680 nmethod 6569 0x000002072c2e4510 code [0x000002072c2e46a0, 0x000002072c2e4858]
Event: 10.727 Thread 0x00000207470e8680 6570   !   3       jdk.internal.loader.URLClassPath$JarLoader$1::run (175 bytes)
Event: 10.728 Thread 0x00000207470e8680 nmethod 6570 0x000002072c2e4910 code [0x000002072c2e4b40, 0x000002072c2e5298]
Event: 10.728 Thread 0x00000207470e8680 6571       3       jdk.internal.loader.URLClassPath$JarLoader::getJarFile (102 bytes)
Event: 10.728 Thread 0x00000207470e8680 nmethod 6571 0x000002072c2e5710 code [0x000002072c2e59e0, 0x000002072c2e66a8]
Event: 10.728 Thread 0x00000207470e8680 6572       3       jdk.internal.loader.URLClassPath$JarLoader::isOptimizable (10 bytes)
Event: 10.729 Thread 0x00000207470e8680 nmethod 6572 0x000002072c2e6b90 code [0x000002072c2e6d40, 0x000002072c2e6ea8]
Event: 10.729 Thread 0x00000207470e8680 6573       3       jdk.internal.loader.FileURLMapper::<init> (10 bytes)
Event: 10.729 Thread 0x00000207470e8680 nmethod 6573 0x000002072c2e6f90 code [0x000002072c2e7120, 0x000002072c2e72d8]
Event: 10.729 Thread 0x00000207470e8680 6574       3       jdk.internal.loader.FileURLMapper::exists (19 bytes)
Event: 10.729 Thread 0x00000207470e8680 nmethod 6574 0x000002072c2e7390 code [0x000002072c2e75a0, 0x000002072c2e7bc8]

GC Heap History (20 events):
Event: 7.174 GC heap before
{Heap before GC invocations=14 (full 0):
 garbage-first heap   total 101376K, used 62465K [0x0000000080000000, 0x0000000100000000)
  region size 1024K, 20 young (20480K), 3 survivors (3072K)
 Metaspace       used 48582K, committed 49088K, reserved 1114112K
  class space    used 6478K, committed 6720K, reserved 1048576K
}
Event: 7.176 GC heap after
{Heap after GC invocations=15 (full 0):
 garbage-first heap   total 101376K, used 49312K [0x0000000080000000, 0x0000000100000000)
  region size 1024K, 5 young (5120K), 5 survivors (5120K)
 Metaspace       used 48582K, committed 49088K, reserved 1114112K
  class space    used 6478K, committed 6720K, reserved 1048576K
}
Event: 7.245 GC heap before
{Heap before GC invocations=15 (full 0):
 garbage-first heap   total 101376K, used 55456K [0x0000000080000000, 0x0000000100000000)
  region size 1024K, 10 young (10240K), 5 survivors (5120K)
 Metaspace       used 48919K, committed 49408K, reserved 1114112K
  class space    used 6503K, committed 6720K, reserved 1048576K
}
Event: 7.248 GC heap after
{Heap after GC invocations=16 (full 0):
 garbage-first heap   total 101376K, used 53679K [0x0000000080000000, 0x0000000100000000)
  region size 1024K, 4 young (4096K), 4 survivors (4096K)
 Metaspace       used 48919K, committed 49408K, reserved 1114112K
  class space    used 6503K, committed 6720K, reserved 1048576K
}
Event: 8.048 GC heap before
{Heap before GC invocations=17 (full 0):
 garbage-first heap   total 101376K, used 79279K [0x0000000080000000, 0x0000000100000000)
  region size 1024K, 27 young (27648K), 4 survivors (4096K)
 Metaspace       used 51290K, committed 51840K, reserved 1114112K
  class space    used 6757K, committed 6976K, reserved 1048576K
}
Event: 8.051 GC heap after
{Heap after GC invocations=18 (full 0):
 garbage-first heap   total 101376K, used 54452K [0x0000000080000000, 0x0000000100000000)
  region size 1024K, 3 young (3072K), 3 survivors (3072K)
 Metaspace       used 51290K, committed 51840K, reserved 1114112K
  class space    used 6757K, committed 6976K, reserved 1048576K
}
Event: 8.520 GC heap before
{Heap before GC invocations=18 (full 0):
 garbage-first heap   total 101376K, used 78004K [0x0000000080000000, 0x0000000100000000)
  region size 1024K, 27 young (27648K), 3 survivors (3072K)
 Metaspace       used 53507K, committed 54080K, reserved 1114112K
  class space    used 7154K, committed 7360K, reserved 1048576K
}
Event: 8.523 GC heap after
{Heap after GC invocations=19 (full 0):
 garbage-first heap   total 101376K, used 55558K [0x0000000080000000, 0x0000000100000000)
  region size 1024K, 4 young (4096K), 4 survivors (4096K)
 Metaspace       used 53507K, committed 54080K, reserved 1114112K
  class space    used 7154K, committed 7360K, reserved 1048576K
}
Event: 9.056 GC heap before
{Heap before GC invocations=20 (full 0):
 garbage-first heap   total 101376K, used 80134K [0x0000000080000000, 0x0000000100000000)
  region size 1024K, 29 young (29696K), 4 survivors (4096K)
 Metaspace       used 56552K, committed 57152K, reserved 1114112K
  class space    used 7661K, committed 7936K, reserved 1048576K
}
Event: 9.060 GC heap after
{Heap after GC invocations=21 (full 0):
 garbage-first heap   total 101376K, used 57419K [0x0000000080000000, 0x0000000100000000)
  region size 1024K, 4 young (4096K), 4 survivors (4096K)
 Metaspace       used 56552K, committed 57152K, reserved 1114112K
  class space    used 7661K, committed 7936K, reserved 1048576K
}
Event: 9.921 GC heap before
{Heap before GC invocations=21 (full 0):
 garbage-first heap   total 101376K, used 81995K [0x0000000080000000, 0x0000000100000000)
  region size 1024K, 28 young (28672K), 4 survivors (4096K)
 Metaspace       used 59216K, committed 59840K, reserved 1114112K
  class space    used 8099K, committed 8384K, reserved 1048576K
}
Event: 9.925 GC heap after
{Heap after GC invocations=22 (full 0):
 garbage-first heap   total 101376K, used 58626K [0x0000000080000000, 0x0000000100000000)
  region size 1024K, 4 young (4096K), 4 survivors (4096K)
 Metaspace       used 59216K, committed 59840K, reserved 1114112K
  class space    used 8099K, committed 8384K, reserved 1048576K
}
Event: 10.550 GC heap before
{Heap before GC invocations=23 (full 0):
 garbage-first heap   total 102400K, used 81154K [0x0000000080000000, 0x0000000100000000)
  region size 1024K, 27 young (27648K), 4 survivors (4096K)
 Metaspace       used 60207K, committed 60864K, reserved 1114112K
  class space    used 8222K, committed 8512K, reserved 1048576K
}
Event: 10.554 GC heap after
{Heap after GC invocations=24 (full 0):
 garbage-first heap   total 102400K, used 61213K [0x0000000080000000, 0x0000000100000000)
  region size 1024K, 4 young (4096K), 4 survivors (4096K)
 Metaspace       used 60207K, committed 60864K, reserved 1114112K
  class space    used 8222K, committed 8512K, reserved 1048576K
}
Event: 10.629 GC heap before
{Heap before GC invocations=24 (full 0):
 garbage-first heap   total 102400K, used 63261K [0x0000000080000000, 0x0000000100000000)
  region size 1024K, 7 young (7168K), 4 survivors (4096K)
 Metaspace       used 60267K, committed 60928K, reserved 1114112K
  class space    used 8225K, committed 8512K, reserved 1048576K
}
Event: 10.631 GC heap after
{Heap after GC invocations=25 (full 0):
 garbage-first heap   total 102400K, used 61679K [0x0000000080000000, 0x0000000100000000)
  region size 1024K, 1 young (1024K), 1 survivors (1024K)
 Metaspace       used 60267K, committed 60928K, reserved 1114112K
  class space    used 8225K, committed 8512K, reserved 1048576K
}
Event: 10.683 GC heap before
{Heap before GC invocations=26 (full 0):
 garbage-first heap   total 109568K, used 64751K [0x0000000080000000, 0x0000000100000000)
  region size 1024K, 3 young (3072K), 1 survivors (1024K)
 Metaspace       used 60288K, committed 60928K, reserved 1114112K
  class space    used 8230K, committed 8512K, reserved 1048576K
}
Event: 10.684 GC heap after
{Heap after GC invocations=27 (full 0):
 garbage-first heap   total 109568K, used 64096K [0x0000000080000000, 0x0000000100000000)
  region size 1024K, 1 young (1024K), 1 survivors (1024K)
 Metaspace       used 60288K, committed 60928K, reserved 1114112K
  class space    used 8230K, committed 8512K, reserved 1048576K
}
Event: 10.721 GC heap before
{Heap before GC invocations=28 (full 0):
 garbage-first heap   total 111616K, used 65120K [0x0000000080000000, 0x0000000100000000)
  region size 1024K, 3 young (3072K), 1 survivors (1024K)
 Metaspace       used 60316K, committed 60992K, reserved 1114112K
  class space    used 8233K, committed 8576K, reserved 1048576K
}
Event: 10.722 GC heap after
{Heap after GC invocations=29 (full 0):
 garbage-first heap   total 111616K, used 65823K [0x0000000080000000, 0x0000000100000000)
  region size 1024K, 2 young (2048K), 2 survivors (2048K)
 Metaspace       used 60316K, committed 60992K, reserved 1114112K
  class space    used 8233K, committed 8576K, reserved 1048576K
}

Dll operation events (3 events):
Event: 0.015 Loaded shared library C:\Program Files\Android\Android Studio\jbr\bin\java.dll
Event: 0.165 Loaded shared library C:\Program Files\Android\Android Studio\jbr\bin\zip.dll
Event: 0.504 Loaded shared library C:\Program Files\Android\Android Studio\jbr\bin\verify.dll

Deoptimization events (20 events):
Event: 10.539 Thread 0x0000020748d73480 DEOPT PACKING pc=0x000002073345dd50 sp=0x000000ec786f7be0
Event: 10.539 Thread 0x0000020748d73480 DEOPT UNPACKING pc=0x0000020732da69a3 sp=0x000000ec786f7b60 mode 2
Event: 10.619 Thread 0x0000020748d73480 Uncommon trap: trap_request=0xfffffff4 fr.pc=0x00000207334a2c24 relative=0x0000000000000744
Event: 10.619 Thread 0x0000020748d73480 Uncommon trap: reason=null_check action=make_not_entrant pc=0x00000207334a2c24 method=org.gradle.util.internal.SimpleMapInterner.intern(Ljava/lang/Object;)Ljava/lang/Object; @ 2 c2
Event: 10.619 Thread 0x0000020748d73480 DEOPT PACKING pc=0x00000207334a2c24 sp=0x000000ec786f89f0
Event: 10.619 Thread 0x0000020748d73480 DEOPT UNPACKING pc=0x0000020732da69a3 sp=0x000000ec786f89b8 mode 2
Event: 10.626 Thread 0x0000020748d73480 Uncommon trap: trap_request=0xffffffc6 fr.pc=0x0000020733462000 relative=0x0000000000000240
Event: 10.626 Thread 0x0000020748d73480 Uncommon trap: reason=bimorphic_or_optimized_type_check action=maybe_recompile pc=0x0000020733462000 method=com.google.common.base.CharMatcher.indexIn(Ljava/lang/CharSequence;I)I @ 31 c2
Event: 10.626 Thread 0x0000020748d73480 DEOPT PACKING pc=0x0000020733462000 sp=0x000000ec786f8c80
Event: 10.626 Thread 0x0000020748d73480 DEOPT UNPACKING pc=0x0000020732da69a3 sp=0x000000ec786f8c28 mode 2
Event: 10.674 Thread 0x0000020748d73480 Uncommon trap: trap_request=0xffffffc6 fr.pc=0x000002073349b520 relative=0x0000000000000060
Event: 10.675 Thread 0x0000020748d73480 Uncommon trap: reason=bimorphic_or_optimized_type_check action=maybe_recompile pc=0x000002073349b520 method=com.google.common.collect.ImmutableList.copyOf(Ljava/util/Collection;)Lcom/google/common/collect/ImmutableList; @ 16 c2
Event: 10.675 Thread 0x0000020748d73480 DEOPT PACKING pc=0x000002073349b520 sp=0x000000ec786f8310
Event: 10.675 Thread 0x0000020748d73480 DEOPT UNPACKING pc=0x0000020732da69a3 sp=0x000000ec786f82b8 mode 2
Event: 10.675 Thread 0x0000020748d73480 Uncommon trap: trap_request=0xffffffc6 fr.pc=0x000002073349b520 relative=0x0000000000000060
Event: 10.675 Thread 0x0000020748d73480 Uncommon trap: reason=bimorphic_or_optimized_type_check action=maybe_recompile pc=0x000002073349b520 method=com.google.common.collect.ImmutableList.copyOf(Ljava/util/Collection;)Lcom/google/common/collect/ImmutableList; @ 16 c2
Event: 10.675 Thread 0x0000020748d73480 DEOPT PACKING pc=0x000002073349b520 sp=0x000000ec786f7f70
Event: 10.675 Thread 0x0000020748d73480 DEOPT UNPACKING pc=0x0000020732da69a3 sp=0x000000ec786f7f18 mode 2
Event: 10.679 Thread 0x0000020748d73480 DEOPT PACKING pc=0x000002072bad4a4e sp=0x000000ec786f72c0
Event: 10.679 Thread 0x0000020748d73480 DEOPT UNPACKING pc=0x0000020732da7143 sp=0x000000ec786f6788 mode 0

Classes unloaded (0 events):
No events

Classes redefined (0 events):
No events

Internal exceptions (20 events):
Event: 9.010 Thread 0x0000020748d73480 Exception <a 'java/lang/ClassNotFoundException'{0x0000000084dd94d0}: org/gradle/api/internal/project/DefaultProjectBeanInfo> (0x0000000084dd94d0) 
thrown [s\src\hotspot\share\classfile\systemDictionary.cpp, line 256]
Event: 9.011 Thread 0x0000020748d73480 Exception <a 'java/lang/ClassNotFoundException'{0x0000000084de6230}: org/gradle/api/internal/project/DefaultProjectCustomizer> (0x0000000084de6230) 
thrown [s\src\hotspot\share\classfile\systemDictionary.cpp, line 256]
Event: 9.015 Thread 0x0000020748d73480 Exception <a 'java/lang/ClassNotFoundException'{0x0000000084c90270}: org/gradle/api/internal/project/DefaultProject_DecoratedCustomizer> (0x0000000084c90270) 
thrown [s\src\hotspot\share\classfile\systemDictionary.cpp, line 256]
Event: 9.244 Thread 0x0000020748d73480 Exception <a 'java/lang/NoSuchMethodError'{0x000000008c639290}: 'long java.lang.invoke.DirectMethodHandle$Holder.invokeStatic(java.lang.Object, long)'> (0x000000008c639290) 
thrown [s\src\hotspot\share\interpreter\linkResolver.cpp, line 771]
Event: 9.610 Thread 0x0000020748d73480 Exception <a 'java/lang/NoSuchMethodError'{0x00000000853a5df8}: 'java.lang.Object java.lang.invoke.DirectMethodHandle$Holder.newInvokeSpecial(java.lang.Object, java.lang.Object, java.lang.Object, java.lang.Object, int)'> (0x00000000853a5df8) 
thrown [s\src\hotspot\share\interpreter\linkResolver.cpp, line 771]
Event: 9.611 Thread 0x0000020748d73480 Exception <a 'java/lang/NoSuchMethodError'{0x00000000853ab0d8}: 'java.lang.Object java.lang.invoke.DirectMethodHandle$Holder.invokeSpecial(java.lang.Object, java.lang.Object, java.lang.Object, java.lang.Object, java.lang.Object, int)'> (0x00000000853ab0d8) 
thrown [s\src\hotspot\share\interpreter\linkResolver.cpp, line 771]
Event: 9.612 Thread 0x0000020748d73480 Exception <a 'java/lang/NoSuchMethodError'{0x00000000853afd68}: 'java.lang.Object java.lang.invoke.Invokers$Holder.linkToTargetMethod(java.lang.Object, java.lang.Object, java.lang.Object, int, java.lang.Object)'> (0x00000000853afd68) 
thrown [s\src\hotspot\share\interpreter\linkResolver.cpp, line 771]
Event: 9.624 Thread 0x0000020748d73480 Exception <a 'java/lang/NoSuchMethodError'{0x0000000085233fd8}: static Lorg/gradle/api/internal/catalog/DefaultVersionCatalog;.<clinit>()V> (0x0000000085233fd8) 
thrown [s\src\hotspot\share\prims\jni.cpp, line 1108]
Event: 9.634 Thread 0x0000020748d73480 Exception <a 'java/lang/NoSuchMethodError'{0x00000000852857e0}: static [Ljava/lang/Object;.<clinit>()V> (0x00000000852857e0) 
thrown [s\src\hotspot\share\prims\jni.cpp, line 1108]
Event: 9.635 Thread 0x0000020748d73480 Exception <a 'java/lang/NoSuchMethodError'{0x00000000852b9908}: static Lorg/gradle/api/internal/catalog/DependencyModel;.<clinit>()V> (0x00000000852b9908) 
thrown [s\src\hotspot\share\prims\jni.cpp, line 1108]
Event: 9.635 Thread 0x0000020748d73480 Exception <a 'java/lang/NoSuchMethodError'{0x00000000852bd300}: static Lorg/gradle/api/internal/catalog/AbstractContextAwareModel;.<clinit>()V> (0x00000000852bd300) 
thrown [s\src\hotspot\share\prims\jni.cpp, line 1108]
Event: 9.636 Thread 0x0000020748d73480 Exception <a 'java/lang/NoSuchMethodError'{0x00000000852d6c50}: static Lorg/gradle/api/internal/artifacts/dependencies/AbstractVersionConstraint;.<clinit>()V> (0x00000000852d6c50) 
thrown [s\src\hotspot\share\prims\jni.cpp, line 1108]
Event: 9.649 Thread 0x0000020748d73480 Exception <a 'java/lang/NoSuchMethodError'{0x0000000085189d00}: static Lorg/gradle/api/internal/catalog/PluginModel;.<clinit>()V> (0x0000000085189d00) 
thrown [s\src\hotspot\share\prims\jni.cpp, line 1108]
Event: 9.650 Thread 0x0000020748d73480 Exception <a 'java/lang/NoSuchMethodError'{0x00000000851a1070}: static Lorg/gradle/api/internal/catalog/VersionModel;.<clinit>()V> (0x00000000851a1070) 
thrown [s\src\hotspot\share\prims\jni.cpp, line 1108]
Event: 9.830 Thread 0x0000020748d73480 Exception <a 'java/lang/NoSuchMethodError'{0x0000000084d15dd0}: 'int java.lang.invoke.DirectMethodHandle$Holder.invokeSpecialIFC(java.lang.Object, java.lang.Object, java.lang.Object)'> (0x0000000084d15dd0) 
thrown [s\src\hotspot\share\interpreter\linkResolver.cpp, line 771]
Event: 9.951 Thread 0x0000020748d73480 Exception <a 'java/lang/NoSuchMethodError'{0x000000008fbcbd18}: 'java.lang.Object java.lang.invoke.DirectMethodHandle$Holder.newInvokeSpecial(java.lang.Object, java.lang.Object, java.lang.Object, java.lang.Object, java.lang.Object, int)'> (0x000000008fbcbd18) 
thrown [s\src\hotspot\share\interpreter\linkResolver.cpp, line 771]
Event: 9.952 Thread 0x0000020748d73480 Exception <a 'java/lang/NoSuchMethodError'{0x000000008fbd13d0}: 'java.lang.Object java.lang.invoke.DirectMethodHandle$Holder.invokeSpecial(java.lang.Object, java.lang.Object, java.lang.Object, java.lang.Object, java.lang.Object, java.lang.Object, int)'> (0x000000008fbd13d0) 
thrown [s\src\hotspot\share\interpreter\linkResolver.cpp, line 771]
Event: 9.962 Thread 0x0000020748d73480 Exception <a 'java/lang/NoSuchMethodError'{0x000000008cc09780}: 'java.lang.Object java.lang.invoke.DirectMethodHandle$Holder.invokeSpecial(java.lang.Object, java.lang.Object, java.lang.Object, java.lang.Object, java.lang.Object, long)'> (0x000000008cc09780) 
thrown [s\src\hotspot\share\interpreter\linkResolver.cpp, line 771]
Event: 9.963 Thread 0x0000020748d73480 Exception <a 'java/lang/NoSuchMethodError'{0x000000008cc2b3e0}: 'void java.lang.invoke.DirectMethodHandle$Holder.invokeStatic(java.lang.Object, java.lang.Object, java.lang.Object, int, java.lang.Object)'> (0x000000008cc2b3e0) 
thrown [s\src\hotspot\share\interpreter\linkResolver.cpp, line 771]
Event: 10.619 Thread 0x0000020748d73480 Implicit null exception at 0x00000207334a250f to 0x00000207334a2c14

VM Operations (20 events):
Event: 10.281 Executing VM operation: HandshakeAllThreads done
Event: 10.294 Executing VM operation: ICBufferFull
Event: 10.294 Executing VM operation: ICBufferFull done
Event: 10.550 Executing VM operation: G1CollectForAllocation
Event: 10.554 Executing VM operation: G1CollectForAllocation done
Event: 10.629 Executing VM operation: G1TryInitiateConcMark
Event: 10.631 Executing VM operation: G1TryInitiateConcMark done
Event: 10.651 Executing VM operation: G1PauseRemark
Event: 10.654 Executing VM operation: G1PauseRemark done
Event: 10.666 Executing VM operation: G1PauseCleanup
Event: 10.666 Executing VM operation: G1PauseCleanup done
Event: 10.682 Executing VM operation: G1TryInitiateConcMark
Event: 10.684 Executing VM operation: G1TryInitiateConcMark done
Event: 10.705 Executing VM operation: G1PauseRemark
Event: 10.708 Executing VM operation: G1PauseRemark done
Event: 10.720 Executing VM operation: G1PauseCleanup
Event: 10.720 Executing VM operation: G1PauseCleanup done
Event: 10.721 Executing VM operation: G1TryInitiateConcMark
Event: 10.722 Executing VM operation: G1TryInitiateConcMark done
Event: 10.745 Executing VM operation: G1PauseRemark

Events (20 events):
Event: 9.657 loading class sun/reflect/ReflectionFactory$1
Event: 9.657 loading class sun/reflect/ReflectionFactory$1 done
Event: 9.989 loading class java/util/LinkedList$LLSpliterator
Event: 9.990 loading class java/util/LinkedList$LLSpliterator done
Event: 10.219 loading class java/util/Collections$ReverseComparator
Event: 10.219 loading class java/util/Collections$ReverseComparator done
Event: 10.219 loading class java/util/Collections$ReverseComparator2
Event: 10.219 loading class java/util/Collections$ReverseComparator2 done
Event: 10.343 Thread 0x000002074a77a7e0 Thread added: 0x000002074a77a7e0
Event: 10.343 Thread 0x000002074a777030 Thread added: 0x000002074a777030
Event: 10.343 Thread 0x000002074a77e9b0 Thread added: 0x000002074a77e9b0
Event: 10.343 Thread 0x000002074a77d060 Thread added: 0x000002074a77d060
Event: 10.343 Thread 0x000002074a77d570 Thread added: 0x000002074a77d570
Event: 10.343 Thread 0x000002074a77acf0 Thread added: 0x000002074a77acf0
Event: 10.344 Thread 0x000002074a778470 Thread added: 0x000002074a778470
Event: 10.344 Thread 0x000002074a77b200 Thread added: 0x000002074a77b200
Event: 10.344 Thread 0x000002074a77b710 Thread added: 0x000002074a77b710
Event: 10.344 Thread 0x000002074a778980 Thread added: 0x000002074a778980
Event: 10.344 Thread 0x000002074a7798b0 Thread added: 0x000002074a7798b0
Event: 10.718 Thread 0x0000020749815740 Thread exited: 0x0000020749815740


Dynamic libraries:
0x00007ff77d0e0000 - 0x00007ff77d0ea000 	C:\Program Files\Android\Android Studio\jbr\bin\java.exe
0x00007ff91bd90000 - 0x00007ff91bfa7000 	C:\WINDOWS\SYSTEM32\ntdll.dll
0x00007ff91acb0000 - 0x00007ff91ad74000 	C:\WINDOWS\System32\KERNEL32.DLL
0x00007ff9194a0000 - 0x00007ff919847000 	C:\WINDOWS\System32\KERNELBASE.dll
0x00007ff919880000 - 0x00007ff919991000 	C:\WINDOWS\System32\ucrtbase.dll
0x00007ff902f00000 - 0x00007ff902f1b000 	C:\Program Files\Android\Android Studio\jbr\bin\VCRUNTIME140.dll
0x00007ff904d00000 - 0x00007ff904d17000 	C:\Program Files\Android\Android Studio\jbr\bin\jli.dll
0x00007ff91bba0000 - 0x00007ff91bd4e000 	C:\WINDOWS\System32\USER32.dll
0x00007ff919350000 - 0x00007ff919376000 	C:\WINDOWS\System32\win32u.dll
0x00007ff91a310000 - 0x00007ff91a339000 	C:\WINDOWS\System32\GDI32.dll
0x00007ff9199a0000 - 0x00007ff919ab9000 	C:\WINDOWS\System32\gdi32full.dll
0x00007ff919400000 - 0x00007ff91949a000 	C:\WINDOWS\System32\msvcp_win.dll
0x00007ff8fee10000 - 0x00007ff8ff0a3000 	C:\WINDOWS\WinSxS\amd64_microsoft.windows.common-controls_6595b64144ccf1df_6.0.22621.3527_none_270e469b73872a76\COMCTL32.dll
0x00007ff91b270000 - 0x00007ff91b317000 	C:\WINDOWS\System32\msvcrt.dll
0x00007ff91b210000 - 0x00007ff91b241000 	C:\WINDOWS\System32\IMM32.DLL
0x00007ff90ef30000 - 0x00007ff90ef3c000 	C:\Program Files\Android\Android Studio\jbr\bin\vcruntime140_1.dll
0x00007ff8d2e30000 - 0x00007ff8d2ebd000 	C:\Program Files\Android\Android Studio\jbr\bin\msvcp140.dll
0x00007ff8aec30000 - 0x00007ff8af8b3000 	C:\Program Files\Android\Android Studio\jbr\bin\server\jvm.dll
0x00007ff91a880000 - 0x00007ff91a932000 	C:\WINDOWS\System32\ADVAPI32.dll
0x00007ff91a940000 - 0x00007ff91a9e8000 	C:\WINDOWS\System32\sechost.dll
0x00007ff919850000 - 0x00007ff919878000 	C:\WINDOWS\System32\bcrypt.dll
0x00007ff91a750000 - 0x00007ff91a865000 	C:\WINDOWS\System32\RPCRT4.dll
0x00007ff90ffa0000 - 0x00007ff90ffd4000 	C:\WINDOWS\SYSTEM32\WINMM.dll
0x00007ff8fad30000 - 0x00007ff8fad3a000 	C:\WINDOWS\SYSTEM32\VERSION.dll
0x00007ff918a10000 - 0x00007ff918a5d000 	C:\WINDOWS\SYSTEM32\POWRPROF.dll
0x00007ff8f4770000 - 0x00007ff8f4779000 	C:\WINDOWS\SYSTEM32\WSOCK32.dll
0x00007ff91ad80000 - 0x00007ff91adf1000 	C:\WINDOWS\System32\WS2_32.dll
0x00007ff918980000 - 0x00007ff918993000 	C:\WINDOWS\SYSTEM32\UMPDC.dll
0x00007ff918090000 - 0x00007ff9180a8000 	C:\WINDOWS\SYSTEM32\kernel.appcore.dll
0x00007ff915d60000 - 0x00007ff915d6a000 	C:\Program Files\Android\Android Studio\jbr\bin\jimage.dll
0x00007ff916080000 - 0x00007ff9162b2000 	C:\WINDOWS\SYSTEM32\DBGHELP.DLL
0x00007ff91a3c0000 - 0x00007ff91a748000 	C:\WINDOWS\System32\combase.dll
0x00007ff91a210000 - 0x00007ff91a2e7000 	C:\WINDOWS\System32\OLEAUT32.dll
0x00007ff8f0720000 - 0x00007ff8f0752000 	C:\WINDOWS\SYSTEM32\dbgcore.DLL
0x00007ff919380000 - 0x00007ff9193f9000 	C:\WINDOWS\System32\bcryptPrimitives.dll
0x00007ff90f2d0000 - 0x00007ff90f2de000 	C:\Program Files\Android\Android Studio\jbr\bin\instrument.dll
0x00007ff90f040000 - 0x00007ff90f065000 	C:\Program Files\Android\Android Studio\jbr\bin\java.dll
0x00007ff910d80000 - 0x00007ff910d98000 	C:\Program Files\Android\Android Studio\jbr\bin\zip.dll
0x00007ff91b340000 - 0x00007ff91bb9c000 	C:\WINDOWS\System32\SHELL32.dll
0x00007ff916fa0000 - 0x00007ff917896000 	C:\WINDOWS\SYSTEM32\windows.storage.dll
0x00007ff916e60000 - 0x00007ff916f9e000 	C:\WINDOWS\SYSTEM32\wintypes.dll
0x00007ff91aec0000 - 0x00007ff91afb5000 	C:\WINDOWS\System32\SHCORE.dll
0x00007ff91ae00000 - 0x00007ff91ae5e000 	C:\WINDOWS\System32\shlwapi.dll
0x00007ff918fe0000 - 0x00007ff919001000 	C:\WINDOWS\SYSTEM32\profapi.dll
0x00007ff90ec10000 - 0x00007ff90ec29000 	C:\Program Files\Android\Android Studio\jbr\bin\net.dll
0x00007ff912a80000 - 0x00007ff912bb6000 	C:\WINDOWS\SYSTEM32\WINHTTP.dll
0x00007ff918500000 - 0x00007ff918569000 	C:\WINDOWS\system32\mswsock.dll
0x00007ff90dd70000 - 0x00007ff90dd86000 	C:\Program Files\Android\Android Studio\jbr\bin\nio.dll
0x00007ff90f300000 - 0x00007ff90f310000 	C:\Program Files\Android\Android Studio\jbr\bin\verify.dll
0x00007ff8dd050000 - 0x00007ff8dd077000 	C:\Users\user\.gradle\native\c067742578af261105cb4f569cf0c3c89f3d7b1fecec35dd04571415982c5e48\windows-amd64\native-platform.dll
0x00007ff8cdb70000 - 0x00007ff8cdcb4000 	C:\Users\user\.gradle\native\38dada09dfb8b06ba9b0570ebf7e218e3eb74d4ef43ca46872605cf95ebc2f47\windows-amd64\native-platform-file-events.dll
0x00007ff915d50000 - 0x00007ff915d59000 	C:\Program Files\Android\Android Studio\jbr\bin\management.dll
0x00007ff90f5c0000 - 0x00007ff90f5cb000 	C:\Program Files\Android\Android Studio\jbr\bin\management_ext.dll
0x00007ff91b200000 - 0x00007ff91b208000 	C:\WINDOWS\System32\PSAPI.DLL
0x00007ff918700000 - 0x00007ff91871b000 	C:\WINDOWS\SYSTEM32\CRYPTSP.dll
0x00007ff917ff0000 - 0x00007ff918025000 	C:\WINDOWS\system32\rsaenh.dll
0x00007ff9185a0000 - 0x00007ff9185c8000 	C:\WINDOWS\SYSTEM32\USERENV.dll
0x00007ff918720000 - 0x00007ff91872c000 	C:\WINDOWS\SYSTEM32\CRYPTBASE.dll
0x00007ff917b40000 - 0x00007ff917b6d000 	C:\WINDOWS\SYSTEM32\IPHLPAPI.DLL
0x00007ff91a870000 - 0x00007ff91a879000 	C:\WINDOWS\System32\NSI.dll
0x00007ff9123c0000 - 0x00007ff9123d9000 	C:\WINDOWS\SYSTEM32\dhcpcsvc6.DLL
0x00007ff911fd0000 - 0x00007ff911fef000 	C:\WINDOWS\SYSTEM32\dhcpcsvc.DLL
0x00007ff917bc0000 - 0x00007ff917cb8000 	C:\WINDOWS\SYSTEM32\DNSAPI.dll
0x00007ff8df490000 - 0x00007ff8df498000 	C:\WINDOWS\system32\wshunix.dll

dbghelp: loaded successfully - version: 4.0.5 - missing functions: none
symbol engine: initialized successfully - sym options: 0x614 - pdb path: .;C:\Program Files\Android\Android Studio\jbr\bin;C:\WINDOWS\SYSTEM32;C:\WINDOWS\WinSxS\amd64_microsoft.windows.common-controls_6595b64144ccf1df_6.0.22621.3527_none_270e469b73872a76;C:\Program Files\Android\Android Studio\jbr\bin\server;C:\Users\user\.gradle\native\c067742578af261105cb4f569cf0c3c89f3d7b1fecec35dd04571415982c5e48\windows-amd64;C:\Users\user\.gradle\native\38dada09dfb8b06ba9b0570ebf7e218e3eb74d4ef43ca46872605cf95ebc2f47\windows-amd64

VM Arguments:
jvm_args: --add-opens=java.base/java.util=ALL-UNNAMED --add-opens=java.base/java.lang=ALL-UNNAMED --add-opens=java.base/java.lang.invoke=ALL-UNNAMED --add-opens=java.prefs/java.util.prefs=ALL-UNNAMED --add-opens=java.base/java.nio.charset=ALL-UNNAMED --add-opens=java.base/java.net=ALL-UNNAMED --add-opens=java.base/java.util.concurrent.atomic=ALL-UNNAMED -Xmx2048m -Dfile.encoding=UTF-8 -Duser.country=KR -Duser.language=ko -Duser.variant -javaagent:C:\Users\user\.gradle\wrapper\dists\gradle-8.4-bin\1w5dpkrfk8irigvoxmyhowfim\gradle-8.4\lib\agents\gradle-instrumentation-agent-8.4.jar 
java_command: org.gradle.launcher.daemon.bootstrap.GradleDaemon 8.4
java_class_path (initial): C:\Users\user\.gradle\wrapper\dists\gradle-8.4-bin\1w5dpkrfk8irigvoxmyhowfim\gradle-8.4\lib\gradle-launcher-8.4.jar
Launcher Type: SUN_STANDARD

[Global flags]
     intx CICompilerCount                          = 4                                         {product} {ergonomic}
     uint ConcGCThreads                            = 3                                         {product} {ergonomic}
     uint G1ConcRefinementThreads                  = 10                                        {product} {ergonomic}
   size_t G1HeapRegionSize                         = 1048576                                   {product} {ergonomic}
    uintx GCDrainStackTargetSize                   = 64                                        {product} {ergonomic}
   size_t InitialHeapSize                          = 264241152                                 {product} {ergonomic}
   size_t MarkStackSize                            = 4194304                                   {product} {ergonomic}
   size_t MaxHeapSize                              = 2147483648                                {product} {command line}
   size_t MaxNewSize                               = 1287651328                                {product} {ergonomic}
   size_t MinHeapDeltaBytes                        = 1048576                                   {product} {ergonomic}
   size_t MinHeapSize                              = 8388608                                   {product} {ergonomic}
    uintx NonNMethodCodeHeapSize                   = 5839372                                {pd product} {ergonomic}
    uintx NonProfiledCodeHeapSize                  = 122909434                              {pd product} {ergonomic}
    uintx ProfiledCodeHeapSize                     = 122909434                              {pd product} {ergonomic}
    uintx ReservedCodeCacheSize                    = 251658240                              {pd product} {ergonomic}
     bool SegmentedCodeCache                       = true                                      {product} {ergonomic}
   size_t SoftMaxHeapSize                          = 2147483648                             {manageable} {ergonomic}
     bool UseCompressedClassPointers               = true                           {product lp64_product} {ergonomic}
     bool UseCompressedOops                        = true                           {product lp64_product} {ergonomic}
     bool UseG1GC                                  = true                                      {product} {ergonomic}
     bool UseLargePagesIndividualAllocation        = false                                  {pd product} {ergonomic}

Logging:
Log output configuration:
 #0: stdout all=warning uptime,level,tags
 #1: stderr all=off uptime,level,tags

Environment Variables:
JAVA_HOME=D:\Program file\Java\
PATH=C:\app\user\product\18.0.0\dbhomeXE\bin;C:\Program Files\Common Files\Oracle\Java\javapath;C:\Python312\Scripts\;C:\Python312\;D:\Program file\Java\bin;C:\WINDOWS\system32;C:\WINDOWS;C:\WINDOWS\System32\Wbem;C:\WINDOWS\System32\WindowsPowerShell\v1.0\;C:\WINDOWS\System32\OpenSSH\;C:\Program Files\Microsoft SQL Server\150\Tools\Binn\;C:\Program Files\Microsoft SQL Server\Client SDK\ODBC\170\Tools\Binn\;C:\Program Files\Bandizip\;C:\Program Files\MySQL\MySQL Server 8.0\bin;C:\Program Files\dotnet\;C:\Program Files\nodejs\;C:\ProgramData\chocolatey\bin;C:\Program Files\MySQL\MySQL Shell 8.0\bin\;C:\Users\user\Anaconda3;C:\Users\user\Anaconda3\Library\mingw-w64\bin;C:\Users\user\Anaconda3\Library\usr\bin;C:\Users\user\Anaconda3\Library\bin;C:\Users\user\Anaconda3\Scripts;C:\Users\user\AppData\Local\Microsoft\WindowsApps;D:\Program file\IntelliJ IDEA Community Edition 2022.3.3\bin;;C:\Users\user\AppData\Local\Programs\Microsoft VS Code\bin;C:\Users\user\.dotnet\tools;C:\Users\user\AppData\Roaming\npm
USERNAME=user
OS=Windows_NT
PROCESSOR_IDENTIFIER=Intel64 Family 6 Model 154 Stepping 4, GenuineIntel
TMP=C:\Users\user\AppData\Local\Temp
TEMP=C:\Users\user\AppData\Local\Temp



Periodic native trim disabled

JNI global refs:
JNI global refs: 27, weak refs: 0

JNI global refs memory usage: 843, weak refs: 209

OOME stack traces (most recent first):
Classloader memory used:
Loader org.gradle.internal.classloader.VisitableURLClassLoader                         : 3687K
Loader bootstrap                                                                       : 2475K
Loader org.gradle.initialization.MixInLegacyTypesClassLoader                           : 1044K
Loader org.gradle.internal.classloader.VisitableURLClassLoader$InstrumentingVisitableURLClassLoader: 103K
Loader org.gradle.internal.classloader.VisitableURLClassLoader                         : 84562B
Loader jdk.internal.loader.ClassLoaders$PlatformClassLoader                            : 67341B
Loader jdk.internal.reflect.DelegatingClassLoader                                      : 35995B
Loader jdk.internal.loader.ClassLoaders$AppClassLoader                                 : 28453B
Loader org.gradle.groovy.scripts.internal.DefaultScriptCompilationHandler$ScriptClassLoader: 11117B
Loader org.codehaus.groovy.runtime.callsite.CallSiteClassLoader                        : 6362B

Classes loaded by more than one classloader:
Class Program                                                                         : loaded 4 times (x 72B)
Class org.gradle.internal.Cast                                                        : loaded 3 times (x 69B)
Class org.gradle.api.GradleException                                                  : loaded 3 times (x 80B)
Class org.gradle.internal.classpath.ClassPath                                         : loaded 2 times (x 68B)
Class org.gradle.api.internal.classpath.DefaultModuleRegistry                         : loaded 2 times (x 84B)
Class org.gradle.internal.exceptions.NonGradleCauseExceptionsHolder                   : loaded 2 times (x 68B)
Class Settings_gradle$1$1                                                             : loaded 2 times (x 72B)
Class com.intellij.openapi.externalSystem.model.ExternalSystemException               : loaded 2 times (x 84B)
Class org.gradle.api.Action                                                           : loaded 2 times (x 68B)
Class org.jetbrains.kotlin.idea.gradleTooling.model.samWithReceiver.SamWithReceiverModel: loaded 2 times (x 68B)
Class org.jetbrains.plugins.gradle.model.ExternalProject                              : loaded 2 times (x 68B)
Class org.jetbrains.plugins.gradle.model.IntelliJSettings                             : loaded 2 times (x 68B)
Class org.jetbrains.kotlin.idea.gradleTooling.KotlinMPPGradleModel                    : loaded 2 times (x 68B)
Class org.gradle.api.internal.DefaultClassPathProvider                                : loaded 2 times (x 74B)
Class org.gradle.internal.installation.GradleInstallation$1                           : loaded 2 times (x 73B)
Class org.gradle.internal.exceptions.DefaultMultiCauseException                       : loaded 2 times (x 89B)
Class org.gradle.tooling.model.UnsupportedMethodException                             : loaded 2 times (x 80B)
Class org.gradle.internal.time.MonotonicClock                                         : loaded 2 times (x 75B)
Class org.gradle.internal.classloader.FilteringClassLoader                            : loaded 2 times (x 103B)
Class org.gradle.tooling.model.Model                                                  : loaded 2 times (x 68B)
Class org.gradle.internal.classpath.DefaultClassPath$ImmutableUniqueList$Builder      : loaded 2 times (x 73B)
Class org.jetbrains.kotlin.idea.gradleTooling.KotlinSourceSetContainer                : loaded 2 times (x 68B)
Class org.gradle.internal.classloader.ClassLoaderVisitor                              : loaded 2 times (x 74B)
Class org.gradle.internal.time.DefaultCountdownTimer                                  : loaded 2 times (x 86B)
Class org.gradle.internal.service.DefaultServiceLocator                               : loaded 2 times (x 81B)
Class org.gradle.internal.service.UnknownServiceException                             : loaded 2 times (x 81B)
Class org.jetbrains.plugins.gradle.model.DependencyAccessorsModel                     : loaded 2 times (x 68B)
Class org.gradle.internal.classloader.DefaultClassLoaderFactory                       : loaded 2 times (x 80B)
Class org.jetbrains.plugins.gradle.model.GradleExtensions                             : loaded 2 times (x 68B)
Class sync_studio_tooling2_947b37efwtd2n9aasirteynnw                                  : loaded 2 times (x 177B)
Class org.jetbrains.plugins.gradle.model.VersionCatalogsModel                         : loaded 2 times (x 68B)
Class org.gradle.internal.classloader.VisitableURLClassLoader$Spec                    : loaded 2 times (x 72B)
Class org.gradle.tooling.model.ProjectModel                                           : loaded 2 times (x 68B)
Class org.jetbrains.plugins.gradle.model.MavenRepositoryModel                         : loaded 2 times (x 68B)
Class org.gradle.tooling.internal.gradle.DefaultProjectIdentifier                     : loaded 2 times (x 84B)
Class org.gradle.util.GradleVersion                                                   : loaded 2 times (x 81B)
Class org.jetbrains.plugins.gradle.model.RepositoriesModel                            : loaded 2 times (x 68B)
Class kotlin.jvm.internal.markers.KMappedMarker                                       : loaded 2 times (x 68B)
Class org.gradle.api.internal.ClassPathProvider                                       : loaded 2 times (x 68B)
Class org.gradle.internal.classloader.ClasspathUtil$1                                 : loaded 2 times (x 74B)
Class ijInit2_29h9gt8mtwbpd29sfvvene1je                                               : loaded 2 times (x 177B)
Class org.gradle.internal.classloader.ClassLoaderFactory                              : loaded 2 times (x 68B)
Class org.gradle.api.internal.classpath.ManifestUtil                                  : loaded 2 times (x 69B)
Class org.gradle.api.specs.Spec                                                       : loaded 2 times (x 68B)
Class org.gradle.tooling.internal.gradle.GradleBuildIdentity                          : loaded 2 times (x 68B)
Class org.gradle.internal.IoActions                                                   : loaded 2 times (x 69B)
Class org.gradle.api.internal.classpath.EffectiveClassPath                            : loaded 2 times (x 88B)
Class kotlin.jvm.internal.DefaultConstructorMarker                                    : loaded 2 times (x 69B)
Class org.jetbrains.kotlin.idea.gradleTooling.model.annotation.AnnotationBasedPluginModel: loaded 2 times (x 68B)
Class org.jetbrains.kotlin.idea.gradleTooling.model.assignment.AssignmentModel        : loaded 2 times (x 68B)
Class org.gradle.internal.installation.CurrentGradleInstallation                      : loaded 2 times (x 71B)
Class org.gradle.internal.agents.InstrumentingClassLoader                             : loaded 2 times (x 68B)
Class org.gradle.internal.installation.CurrentGradleInstallationLocator               : loaded 2 times (x 69B)
Class org.gradle.api.internal.classpath.Module                                        : loaded 2 times (x 68B)
Class org.gradle.internal.service.CachingServiceLocator                               : loaded 2 times (x 80B)
Class org.gradle.internal.time.Timer                                                  : loaded 2 times (x 68B)
Class org.jetbrains.plugins.gradle.model.tests.ExternalTestsModel                     : loaded 2 times (x 68B)
Class org.jetbrains.kotlin.idea.gradleTooling.KotlinDslScriptAdditionalTask           : loaded 2 times (x 68B)
Class org.gradle.internal.classpath.DefaultClassPath                                  : loaded 2 times (x 88B)
Class com.intellij.openapi.externalSystem.model.project.dependencies.ProjectDependencies: loaded 2 times (x 68B)
Class Build_gradle$1                                                                  : loaded 2 times (x 76B)
Class org.jetbrains.kotlin.idea.gradleTooling.PrepareKotlinIdeImportTaskModel         : loaded 2 times (x 68B)
Class org.gradle.internal.impldep.com.google.common.base.Preconditions                : loaded 2 times (x 69B)
Class kotlin.jvm.functions.Function1                                                  : loaded 2 times (x 68B)
Class org.gradle.internal.time.Time                                                   : loaded 2 times (x 69B)
Class org.gradle.internal.time.TimeSource$1                                           : loaded 2 times (x 75B)
Class org.gradle.internal.classloader.SystemClassLoaderSpec                           : loaded 2 times (x 69B)
Class kotlin.Function                                                                 : loaded 2 times (x 68B)
Class org.gradle.api.UncheckedIOException                                             : loaded 2 times (x 80B)
Class org.gradle.api.internal.classpath.ModuleRegistry                                : loaded 2 times (x 68B)
Class org.gradle.tooling.internal.gradle.GradleProjectIdentity                        : loaded 2 times (x 68B)
Class org.gradle.internal.time.CountdownTimer                                         : loaded 2 times (x 68B)
Class org.gradle.internal.time.Clock                                                  : loaded 2 times (x 68B)
Class org.gradle.internal.classloader.ClasspathUtil                                   : loaded 2 times (x 69B)
Class org.gradle.tooling.model.BuildIdentifier                                        : loaded 2 times (x 68B)
Class org.gradle.api.internal.DefaultClassPathRegistry                                : loaded 2 times (x 74B)
Class org.gradle.api.internal.classpath.DefaultModuleRegistry$DefaultModule           : loaded 2 times (x 84B)
Class org.gradle.kotlin.dsl.VersionCatalogAccessorsKt                                 : loaded 2 times (x 69B)
Class org.gradle.internal.time.TimeSource                                             : loaded 2 times (x 68B)
Class org.jetbrains.kotlin.android.synthetic.idea.AndroidExtensionsGradleModel        : loaded 2 times (x 68B)
Class org.gradle.api.internal.classpath.UnknownModuleException                        : loaded 2 times (x 80B)
Class org.jetbrains.plugins.gradle.model.IntelliJProjectSettings                      : loaded 2 times (x 68B)
Class org.gradle.internal.service.ServiceLookupException                              : loaded 2 times (x 80B)
Class org.gradle.cache.GlobalCache                                                    : loaded 2 times (x 68B)
Class org.jetbrains.kotlin.idea.gradleTooling.model.lombok.LombokModel                : loaded 2 times (x 68B)
Class org.gradle.tooling.model.ProjectIdentifier                                      : loaded 2 times (x 68B)
Class [Lorg.gradle.api.internal.ClassPathProvider;                                    : loaded 2 times (x 67B)
Class org.gradle.internal.operations.MultipleBuildOperationFailures                   : loaded 2 times (x 89B)
Class org.gradle.util.internal.GUtil                                                  : loaded 2 times (x 69B)
Class org.jetbrains.plugins.gradle.model.AnnotationProcessingModel                    : loaded 2 times (x 68B)
Class org.gradle.internal.classloader.ClassLoaderSpec                                 : loaded 2 times (x 69B)
Class org.jetbrains.plugins.gradle.model.BuildScriptClasspathModel                    : loaded 2 times (x 68B)
Class org.gradle.internal.classloader.VisitableURLClassLoader                         : loaded 2 times (x 115B)
Class org.gradle.internal.installation.GradleInstallation                             : loaded 2 times (x 73B)
Class Build_gradle                                                                    : loaded 2 times (x 70B)
Class org.gradle.api.internal.ClassPathRegistry                                       : loaded 2 times (x 68B)
Class org.gradle.internal.classloader.VisitableURLClassLoader$InstrumentingVisitableURLClassLoader: loaded 2 times (x 121B)
Class org.gradle.internal.classloader.ClassLoaderHierarchy                            : loaded 2 times (x 68B)
Class org.gradle.internal.exceptions.MultiCauseException                              : loaded 2 times (x 68B)
Class org.jetbrains.kotlin.idea.gradleTooling.model.parcelize.ParcelizeGradleModel    : loaded 2 times (x 68B)
Class org.gradle.internal.InternalTransformer                                         : loaded 2 times (x 68B)
Class org.jetbrains.kotlin.idea.gradleTooling.model.noarg.NoArgModel                  : loaded 2 times (x 68B)
Class org.jetbrains.kotlin.idea.gradleTooling.KotlinGradleModel                       : loaded 2 times (x 68B)
Class org.gradle.tooling.internal.gradle.DefaultBuildIdentifier                       : loaded 2 times (x 77B)
Class org.gradle.internal.service.ServiceLocator                                      : loaded 2 times (x 68B)
Class Settings_gradle$1                                                               : loaded 2 times (x 72B)
Class org.jetbrains.kotlin.idea.gradleTooling.model.allopen.AllOpenModel              : loaded 2 times (x 68B)
Class sync_studio_tooling2_947b37efwtd2n9aasirteynnw$_run_closure1                    : loaded 2 times (x 137B)
Class org.gradle.internal.classpath.DefaultClassPath$ImmutableUniqueList              : loaded 2 times (x 159B)
Class org.gradle.internal.time.DefaultTimer                                           : loaded 2 times (x 78B)
Class org.gradle.internal.classpath.TransformedClassPath                              : loaded 2 times (x 94B)
Class Settings_gradle                                                                 : loaded 2 times (x 126B)


---------------  S Y S T E M  ---------------

OS:
 Windows 11 , 64 bit Build 22621 (10.0.22621.3527)
OS uptime: 3 days 5:50 hours
Hyper-V role detected

CPU: total 12 (initial active 12) (6 cores per cpu, 2 threads per core) family 6 model 154 stepping 4 microcode 0x41e, cx8, cmov, fxsr, ht, mmx, 3dnowpref, sse, sse2, sse3, ssse3, sse4.1, sse4.2, popcnt, lzcnt, tsc, tscinvbit, avx, avx2, aes, erms, clmul, bmi1, bmi2, adx, sha, fma, vzeroupper, clflush, clflushopt, clwb, hv
Processor Information for processor 0
  Max Mhz: 1300, Current Mhz: 1300, Mhz Limit: 1300
Processor Information for processor 1
  Max Mhz: 1300, Current Mhz: 1300, Mhz Limit: 1300
Processor Information for processor 2
  Max Mhz: 1300, Current Mhz: 1300, Mhz Limit: 1300
Processor Information for processor 3
  Max Mhz: 1300, Current Mhz: 1300, Mhz Limit: 1300
Processor Information for processor 4
  Max Mhz: 1300, Current Mhz: 900, Mhz Limit: 897
Processor Information for processor 5
  Max Mhz: 1300, Current Mhz: 900, Mhz Limit: 897
Processor Information for processor 6
  Max Mhz: 1300, Current Mhz: 900, Mhz Limit: 897
Processor Information for processor 7
  Max Mhz: 1300, Current Mhz: 900, Mhz Limit: 897
Processor Information for processor 8
  Max Mhz: 1300, Current Mhz: 900, Mhz Limit: 897
Processor Information for processor 9
  Max Mhz: 1300, Current Mhz: 900, Mhz Limit: 897
Processor Information for processor 10
  Max Mhz: 1300, Current Mhz: 900, Mhz Limit: 897
Processor Information for processor 11
  Max Mhz: 1300, Current Mhz: 900, Mhz Limit: 897

Memory: 4k page, system-wide physical 16083M (434M free)
TotalPageFile size 18131M (AvailPageFile size 7M)
current process WorkingSet (physical memory assigned to process): 266M, peak: 279M
current process commit charge ("private bytes"): 316M, peak: 396M

vm_info: OpenJDK 64-Bit Server VM (17.0.9+0--11185874) for windows-amd64 JRE (17.0.9+0--11185874), built on Dec  6 2023 18:57:44 by "androidbuild" with MS VC++ 16.10 / 16.11 (VS2019)

END.
