#
# There is insufficient memory for the Java Runtime Environment to continue.
# Native memory allocation (malloc) failed to allocate 981744 bytes for Chunk::new
# Possible reasons:
#   The system is out of physical RAM or swap space
#   The process is running with CompressedOops enabled, and the Java Heap may be blocking the growth of the native heap
# Possible solutions:
#   Reduce memory load on the system
#   Increase physical memory or swap space
#   Check if swap backing store is full
#   Decrease Java heap size (-Xmx/-Xms)
#   Decrease number of Java threads
#   Decrease Java thread stack sizes (-Xss)
#   Set larger code cache with -XX:ReservedCodeCacheSize=
#   JVM is running with Unscaled Compressed Oops mode in which the Java heap is
#     placed in the first 4GB address space. The Java Heap base address is the
#     maximum limit for the native heap growth. Please use -XX:HeapBaseMinAddress
#     to set the Java Heap base and to place the Java Heap above 4GB virtual address.
# This output file may be truncated or incomplete.
#
#  Out of Memory Error (arena.cpp:191), pid=22032, tid=8408
#
# JRE version: OpenJDK Runtime Environment (17.0.9) (build 17.0.9+0--11185874)
# Java VM: OpenJDK 64-Bit Server VM (17.0.9+0--11185874, mixed mode, tiered, compressed oops, compressed class ptrs, g1 gc, windows-amd64)
# No core dump will be written. Minidumps are not enabled by default on client versions of Windows
#

---------------  S U M M A R Y ------------

Command Line: --add-opens=java.base/java.util=ALL-UNNAMED --add-opens=java.base/java.lang=ALL-UNNAMED --add-opens=java.base/java.lang.invoke=ALL-UNNAMED --add-opens=java.prefs/java.util.prefs=ALL-UNNAMED --add-opens=java.base/java.nio.charset=ALL-UNNAMED --add-opens=java.base/java.net=ALL-UNNAMED --add-opens=java.base/java.util.concurrent.atomic=ALL-UNNAMED -Xmx2048m -Dfile.encoding=UTF-8 -Duser.country=KR -Duser.language=ko -Duser.variant -javaagent:C:\Users\user\.gradle\wrapper\dists\gradle-8.4-bin\1w5dpkrfk8irigvoxmyhowfim\gradle-8.4\lib\agents\gradle-instrumentation-agent-8.4.jar org.gradle.launcher.daemon.bootstrap.GradleDaemon 8.4

Host: 12th Gen Intel(R) Core(TM) i5-1235U, 12 cores, 15G,  Windows 11 , 64 bit Build 22621 (10.0.22621.3527)
Time: Wed May 22 14:03:09 2024  Windows 11 , 64 bit Build 22621 (10.0.22621.3527) elapsed time: 8.284202 seconds (0d 0h 0m 8s)

---------------  T H R E A D  ---------------

Current thread (0x000001fd2930d160):  JavaThread "C2 CompilerThread0" daemon [_thread_in_native, id=8408, stack(0x00000046d9900000,0x00000046d9a00000)]


Current CompileTask:
C2:   8284 4791       4       jdk.internal.org.objectweb.asm.Frame::execute (2305 bytes)

Stack: [0x00000046d9900000,0x00000046d9a00000]
Native frames: (J=compiled Java code, j=interpreted, Vv=VM code, C=native code)
V  [jvm.dll+0x6886e9]
V  [jvm.dll+0x841e4a]
V  [jvm.dll+0x843a8e]
V  [jvm.dll+0x8440f3]
V  [jvm.dll+0x24c14f]
V  [jvm.dll+0xac44c]
V  [jvm.dll+0xaca9c]
V  [jvm.dll+0x36c1f7]
V  [jvm.dll+0x1be4b6]
V  [jvm.dll+0x21df09]
V  [jvm.dll+0x21d1d1]
V  [jvm.dll+0x1a674d]
V  [jvm.dll+0x22d088]
V  [jvm.dll+0x22b1c0]
V  [jvm.dll+0x7f62f7]
V  [jvm.dll+0x7f06aa]
V  [jvm.dll+0x687565]
C  [ucrtbase.dll+0x29333]
C  [KERNEL32.DLL+0x1257d]
C  [ntdll.dll+0x5aa48]


---------------  P R O C E S S  ---------------

Threads class SMR info:
_java_thread_list=0x000001fd328ea500, length=47, elements={
0x000001fd0cefc3a0, 0x000001fd29321020, 0x000001fd29321db0, 0x000001fd2933b160,
0x000001fd2933bb30, 0x000001fd2930b7d0, 0x000001fd2930c4b0, 0x000001fd2930d160,
0x000001fd29384890, 0x000001fd29397970, 0x000001fd29472860, 0x000001fd29596570,
0x000001fd30b42e80, 0x000001fd2ea26e40, 0x000001fd2f8de5d0, 0x000001fd2e77e390,
0x000001fd2eed5ec0, 0x000001fd2e3e41f0, 0x000001fd2f386b50, 0x000001fd2f40b1d0,
0x000001fd2f40acc0, 0x000001fd2f40b6e0, 0x000001fd2f40a2a0, 0x000001fd2f40bbf0,
0x000001fd2f40c610, 0x000001fd2f40d540, 0x000001fd2f40cb20, 0x000001fd2f40a7b0,
0x000001fd2f40c100, 0x000001fd2f40d030, 0x000001fd2f6f63f0, 0x000001fd2f6f9180,
0x000001fd2f6f7830, 0x000001fd2f6f8250, 0x000001fd2f6fa5c0, 0x000001fd2f6f6e10,
0x000001fd2f6fbf10, 0x000001fd2f6f9ba0, 0x000001fd2f6fa0b0, 0x000001fd2f6f8760,
0x000001fd2f6fc930, 0x000001fd2f6f7320, 0x000001fd2f6f9690, 0x000001fd2f6faad0,
0x000001fd2f6fafe0, 0x000001fd2f6f6900, 0x000001fd311f3e10
}

Java Threads: ( => current thread )
  0x000001fd0cefc3a0 JavaThread "main" [_thread_blocked, id=5180, stack(0x00000046d8c00000,0x00000046d8d00000)]
  0x000001fd29321020 JavaThread "Reference Handler" daemon [_thread_blocked, id=15412, stack(0x00000046d9300000,0x00000046d9400000)]
  0x000001fd29321db0 JavaThread "Finalizer" daemon [_thread_blocked, id=9428, stack(0x00000046d9400000,0x00000046d9500000)]
  0x000001fd2933b160 JavaThread "Signal Dispatcher" daemon [_thread_blocked, id=15388, stack(0x00000046d9500000,0x00000046d9600000)]
  0x000001fd2933bb30 JavaThread "Attach Listener" daemon [_thread_blocked, id=1244, stack(0x00000046d9600000,0x00000046d9700000)]
  0x000001fd2930b7d0 JavaThread "Service Thread" daemon [_thread_blocked, id=11356, stack(0x00000046d9700000,0x00000046d9800000)]
  0x000001fd2930c4b0 JavaThread "Monitor Deflation Thread" daemon [_thread_blocked, id=18100, stack(0x00000046d9800000,0x00000046d9900000)]
=>0x000001fd2930d160 JavaThread "C2 CompilerThread0" daemon [_thread_in_native, id=8408, stack(0x00000046d9900000,0x00000046d9a00000)]
  0x000001fd29384890 JavaThread "C1 CompilerThread0" daemon [_thread_blocked, id=13072, stack(0x00000046d9a00000,0x00000046d9b00000)]
  0x000001fd29397970 JavaThread "Sweeper thread" daemon [_thread_blocked, id=15180, stack(0x00000046d9b00000,0x00000046d9c00000)]
  0x000001fd29472860 JavaThread "Common-Cleaner" daemon [_thread_blocked, id=15748, stack(0x00000046d9c00000,0x00000046d9d00000)]
  0x000001fd29596570 JavaThread "Notification Thread" daemon [_thread_blocked, id=12900, stack(0x00000046d9d00000,0x00000046d9e00000)]
  0x000001fd30b42e80 JavaThread "Daemon health stats" [_thread_blocked, id=20080, stack(0x00000046da600000,0x00000046da700000)]
  0x000001fd2ea26e40 JavaThread "Incoming local TCP Connector on port 54442" [_thread_in_native, id=13848, stack(0x00000046da700000,0x00000046da800000)]
  0x000001fd2f8de5d0 JavaThread "Daemon periodic checks" [_thread_blocked, id=21828, stack(0x00000046da500000,0x00000046da600000)]
  0x000001fd2e77e390 JavaThread "Daemon" [_thread_blocked, id=13772, stack(0x00000046da800000,0x00000046da900000)]
  0x000001fd2eed5ec0 JavaThread "Handler for socket connection from /127.0.0.1:54442 to /127.0.0.1:54443" [_thread_in_native, id=3912, stack(0x00000046da900000,0x00000046daa00000)]
  0x000001fd2e3e41f0 JavaThread "Cancel handler" [_thread_blocked, id=20928, stack(0x00000046daa00000,0x00000046dab00000)]
  0x000001fd2f386b50 JavaThread "Daemon worker" [_thread_in_native, id=14128, stack(0x00000046dab00000,0x00000046dac00000)]
  0x000001fd2f40b1d0 JavaThread "Asynchronous log dispatcher for DefaultDaemonConnection: socket connection from /127.0.0.1:54442 to /127.0.0.1:54443" [_thread_blocked, id=15036, stack(0x00000046dac00000,0x00000046dad00000)]
  0x000001fd2f40acc0 JavaThread "Stdin handler" [_thread_blocked, id=4544, stack(0x00000046dad00000,0x00000046dae00000)]
  0x000001fd2f40b6e0 JavaThread "Daemon client event forwarder" [_thread_blocked, id=19024, stack(0x00000046dae00000,0x00000046daf00000)]
  0x000001fd2f40a2a0 JavaThread "Cache worker for journal cache (C:\Users\user\.gradle\caches\journal-1)" [_thread_blocked, id=4044, stack(0x00000046db500000,0x00000046db600000)]
  0x000001fd2f40bbf0 JavaThread "File lock request listener" [_thread_in_native, id=6356, stack(0x00000046db600000,0x00000046db700000)]
  0x000001fd2f40c610 JavaThread "Cache worker for file hash cache (C:\Users\user\.gradle\caches\8.4\fileHashes)" [_thread_blocked, id=15516, stack(0x00000046db700000,0x00000046db800000)]
  0x000001fd2f40d540 JavaThread "File watcher server" daemon [_thread_in_native, id=7624, stack(0x00000046db900000,0x00000046dba00000)]
  0x000001fd2f40cb20 JavaThread "File watcher consumer" daemon [_thread_blocked, id=15688, stack(0x00000046dba00000,0x00000046dbb00000)]
  0x000001fd2f40a7b0 JavaThread "jar transforms" [_thread_blocked, id=21216, stack(0x00000046dbb00000,0x00000046dbc00000)]
  0x000001fd2f40c100 JavaThread "jar transforms Thread 2" [_thread_blocked, id=17872, stack(0x00000046dbc00000,0x00000046dbd00000)]
  0x000001fd2f40d030 JavaThread "jar transforms Thread 3" [_thread_blocked, id=21096, stack(0x00000046dbd00000,0x00000046dbe00000)]
  0x000001fd2f6f63f0 JavaThread "jar transforms Thread 4" [_thread_blocked, id=8744, stack(0x00000046dbe00000,0x00000046dbf00000)]
  0x000001fd2f6f9180 JavaThread "jar transforms Thread 5" [_thread_blocked, id=16400, stack(0x00000046dbf00000,0x00000046dc000000)]
  0x000001fd2f6f7830 JavaThread "jar transforms Thread 6" [_thread_blocked, id=13500, stack(0x00000046dc000000,0x00000046dc100000)]
  0x000001fd2f6f8250 JavaThread "jar transforms Thread 7" [_thread_blocked, id=15620, stack(0x00000046dc100000,0x00000046dc200000)]
  0x000001fd2f6fa5c0 JavaThread "jar transforms Thread 8" [_thread_blocked, id=7860, stack(0x00000046dc200000,0x00000046dc300000)]
  0x000001fd2f6f6e10 JavaThread "jar transforms Thread 9" [_thread_blocked, id=11680, stack(0x00000046dc300000,0x00000046dc400000)]
  0x000001fd2f6fbf10 JavaThread "jar transforms Thread 10" [_thread_blocked, id=22456, stack(0x00000046dc400000,0x00000046dc500000)]
  0x000001fd2f6f9ba0 JavaThread "jar transforms Thread 11" [_thread_blocked, id=2924, stack(0x00000046dc500000,0x00000046dc600000)]
  0x000001fd2f6fa0b0 JavaThread "jar transforms Thread 12" [_thread_blocked, id=13688, stack(0x00000046dc600000,0x00000046dc700000)]
  0x000001fd2f6f8760 JavaThread "Cache worker for checksums cache (D:\Androids\RealTeamProject\.gradle\8.4\checksums)" [_thread_blocked, id=22452, stack(0x00000046db800000,0x00000046db900000)]
  0x000001fd2f6fc930 JavaThread "Cache worker for file hash cache (D:\Androids\RealTeamProject\.gradle\8.4\fileHashes)" [_thread_blocked, id=14408, stack(0x00000046dc700000,0x00000046dc800000)]
  0x000001fd2f6f7320 JavaThread "Cache worker for cache directory md-supplier (C:\Users\user\.gradle\caches\8.4\md-supplier)" [_thread_blocked, id=16600, stack(0x00000046dc800000,0x00000046dc900000)]
  0x000001fd2f6f9690 JavaThread "Cache worker for file content cache (C:\Users\user\.gradle\caches\8.4\fileContent)" [_thread_blocked, id=15116, stack(0x00000046dc900000,0x00000046dca00000)]
  0x000001fd2f6faad0 JavaThread "Cache worker for cache directory md-rule (C:\Users\user\.gradle\caches\8.4\md-rule)" [_thread_blocked, id=7072, stack(0x00000046dca00000,0x00000046dcb00000)]
  0x000001fd2f6fafe0 JavaThread "Cache worker for execution history cache (C:\Users\user\.gradle\caches\8.4\executionHistory)" [_thread_blocked, id=16164, stack(0x00000046dcb00000,0x00000046dcc00000)]
  0x000001fd2f6f6900 JavaThread "Cache worker for kotlin-dsl (C:\Users\user\.gradle\caches\8.4\kotlin-dsl)" [_thread_blocked, id=18112, stack(0x00000046dcd00000,0x00000046dce00000)]
  0x000001fd311f3e10 JavaThread "C2 CompilerThread1" daemon [_thread_blocked, id=2192, stack(0x00000046d9f00000,0x00000046da000000)]

Other Threads:
  0x000001fd292ff640 VMThread "VM Thread" [stack: 0x00000046d9200000,0x00000046d9300000] [id=8116]
  0x000001fd29596a50 WatcherThread [stack: 0x00000046d9e00000,0x00000046d9f00000] [id=3680]
  0x000001fd0cf5a990 GCTaskThread "GC Thread#0" [stack: 0x00000046d8d00000,0x00000046d8e00000] [id=21596]
  0x000001fd29f6ecd0 GCTaskThread "GC Thread#1" [stack: 0x00000046da000000,0x00000046da100000] [id=15076]
  0x000001fd2e127e30 GCTaskThread "GC Thread#2" [stack: 0x00000046da100000,0x00000046da200000] [id=5348]
  0x000001fd2e24da40 GCTaskThread "GC Thread#3" [stack: 0x00000046da200000,0x00000046da300000] [id=1656]
  0x000001fd2e1fb350 GCTaskThread "GC Thread#4" [stack: 0x00000046da300000,0x00000046da400000] [id=352]
  0x000001fd2e1fbdb0 GCTaskThread "GC Thread#5" [stack: 0x00000046da400000,0x00000046da500000] [id=7988]
  0x000001fd2e858410 GCTaskThread "GC Thread#6" [stack: 0x00000046daf00000,0x00000046db000000] [id=3036]
  0x000001fd2eed63a0 GCTaskThread "GC Thread#7" [stack: 0x00000046db000000,0x00000046db100000] [id=21524]
  0x000001fd2f8da290 GCTaskThread "GC Thread#8" [stack: 0x00000046db100000,0x00000046db200000] [id=20268]
  0x000001fd2e537ca0 GCTaskThread "GC Thread#9" [stack: 0x00000046db200000,0x00000046db300000] [id=18416]
  0x000001fd0cf6b7f0 ConcurrentGCThread "G1 Main Marker" [stack: 0x00000046d8e00000,0x00000046d8f00000] [id=9444]
  0x000001fd0cf6c120 ConcurrentGCThread "G1 Conc#0" [stack: 0x00000046d8f00000,0x00000046d9000000] [id=6912]
  0x000001fd2ebaddb0 ConcurrentGCThread "G1 Conc#1" [stack: 0x00000046db300000,0x00000046db400000] [id=19920]
  0x000001fd2fb014a0 ConcurrentGCThread "G1 Conc#2" [stack: 0x00000046db400000,0x00000046db500000] [id=14376]
  0x000001fd0cfad050 ConcurrentGCThread "G1 Refine#0" [stack: 0x00000046d9000000,0x00000046d9100000] [id=11828]
  0x000001fd0cfad990 ConcurrentGCThread "G1 Service" [stack: 0x00000046d9100000,0x00000046d9200000] [id=11884]

Threads with active compile tasks:
C2 CompilerThread0     8315 4791       4       jdk.internal.org.objectweb.asm.Frame::execute (2305 bytes)

VM state: not at safepoint (normal execution)

VM Mutex/Monitor currently owned by a thread: None

Heap address: 0x0000000080000000, size: 2048 MB, Compressed Oops mode: 32-bit

CDS archive(s) not mapped
Compressed class space mapped at: 0x0000000100000000-0x0000000140000000, reserved size: 1073741824
Narrow klass base: 0x0000000000000000, Narrow klass shift: 3, Narrow klass range: 0x140000000

GC Precious Log:
 CPUs: 12 total, 12 available
 Memory: 16083M
 Large Page Support: Disabled
 NUMA Support: Disabled
 Compressed Oops: Enabled (32-bit)
 Heap Region Size: 1M
 Heap Min Capacity: 8M
 Heap Initial Capacity: 252M
 Heap Max Capacity: 2G
 Pre-touch: Disabled
 Parallel Workers: 10
 Concurrent Workers: 3
 Concurrent Refinement Workers: 10
 Periodic GC: Disabled

Heap:
 garbage-first heap   total 113664K, used 87417K [0x0000000080000000, 0x0000000100000000)
  region size 1024K, 34 young (34816K), 2 survivors (2048K)
 Metaspace       used 62717K, committed 63296K, reserved 1114112K
  class space    used 8781K, committed 9024K, reserved 1048576K

Heap Regions: E=young(eden), S=young(survivor), O=old, HS=humongous(starts), HC=humongous(continues), CS=collection set, F=free, OA=open archive, CA=closed archive, TAMS=top-at-mark-start (previous, next)
|   0|0x0000000080000000, 0x0000000080100000, 0x0000000080100000|100%|HS|  |TAMS 0x0000000080100000, 0x0000000080000000| Complete 
|   1|0x0000000080100000, 0x0000000080200000, 0x0000000080200000|100%|HC|  |TAMS 0x0000000080200000, 0x0000000080100000| Complete 
|   2|0x0000000080200000, 0x0000000080300000, 0x0000000080300000|100%|HC|  |TAMS 0x0000000080300000, 0x0000000080200000| Complete 
|   3|0x0000000080300000, 0x0000000080400000, 0x0000000080400000|100%|HC|  |TAMS 0x0000000080400000, 0x0000000080300000| Complete 
|   4|0x0000000080400000, 0x0000000080500000, 0x0000000080500000|100%| O|  |TAMS 0x0000000080500000, 0x0000000080400000| Untracked 
|   5|0x0000000080500000, 0x0000000080600000, 0x0000000080600000|100%| O|  |TAMS 0x0000000080600000, 0x0000000080500000| Untracked 
|   6|0x0000000080600000, 0x0000000080700000, 0x0000000080700000|100%| O|  |TAMS 0x0000000080700000, 0x0000000080600000| Untracked 
|   7|0x0000000080700000, 0x0000000080800000, 0x0000000080800000|100%| O|  |TAMS 0x0000000080800000, 0x0000000080700000| Untracked 
|   8|0x0000000080800000, 0x0000000080900000, 0x0000000080900000|100%| O|  |TAMS 0x0000000080900000, 0x0000000080800000| Untracked 
|   9|0x0000000080900000, 0x0000000080a00000, 0x0000000080a00000|100%| O|  |TAMS 0x0000000080a00000, 0x0000000080900000| Untracked 
|  10|0x0000000080a00000, 0x0000000080b00000, 0x0000000080b00000|100%| O|  |TAMS 0x0000000080b00000, 0x0000000080a00000| Untracked 
|  11|0x0000000080b00000, 0x0000000080c00000, 0x0000000080c00000|100%| O|  |TAMS 0x0000000080c00000, 0x0000000080b00000| Untracked 
|  12|0x0000000080c00000, 0x0000000080d00000, 0x0000000080d00000|100%| O|  |TAMS 0x0000000080d00000, 0x0000000080c00000| Untracked 
|  13|0x0000000080d00000, 0x0000000080e00000, 0x0000000080e00000|100%| O|  |TAMS 0x0000000080e00000, 0x0000000080d00000| Untracked 
|  14|0x0000000080e00000, 0x0000000080f00000, 0x0000000080f00000|100%| O|  |TAMS 0x0000000080f00000, 0x0000000080e00000| Untracked 
|  15|0x0000000080f00000, 0x0000000081000000, 0x0000000081000000|100%| O|  |TAMS 0x0000000081000000, 0x0000000080f00000| Untracked 
|  16|0x0000000081000000, 0x0000000081100000, 0x0000000081100000|100%| O|  |TAMS 0x0000000081100000, 0x0000000081000000| Untracked 
|  17|0x0000000081100000, 0x0000000081200000, 0x0000000081200000|100%| O|  |TAMS 0x0000000081200000, 0x0000000081100000| Untracked 
|  18|0x0000000081200000, 0x0000000081300000, 0x0000000081300000|100%| O|  |TAMS 0x0000000081300000, 0x0000000081200000| Untracked 
|  19|0x0000000081300000, 0x0000000081400000, 0x0000000081400000|100%| O|  |TAMS 0x0000000081400000, 0x0000000081300000| Untracked 
|  20|0x0000000081400000, 0x0000000081500000, 0x0000000081500000|100%| O|  |TAMS 0x0000000081500000, 0x0000000081400000| Untracked 
|  21|0x0000000081500000, 0x0000000081600000, 0x0000000081600000|100%|HS|  |TAMS 0x0000000081600000, 0x0000000081500000| Complete 
|  22|0x0000000081600000, 0x0000000081700000, 0x0000000081700000|100%|HC|  |TAMS 0x0000000081700000, 0x0000000081600000| Complete 
|  23|0x0000000081700000, 0x0000000081800000, 0x0000000081800000|100%|HS|  |TAMS 0x0000000081800000, 0x0000000081700000| Complete 
|  24|0x0000000081800000, 0x0000000081900000, 0x0000000081900000|100%|HC|  |TAMS 0x0000000081900000, 0x0000000081800000| Complete 
|  25|0x0000000081900000, 0x0000000081a00000, 0x0000000081a00000|100%|HC|  |TAMS 0x0000000081a00000, 0x0000000081900000| Complete 
|  26|0x0000000081a00000, 0x0000000081b00000, 0x0000000081b00000|100%|HS|  |TAMS 0x0000000081b00000, 0x0000000081a00000| Complete 
|  27|0x0000000081b00000, 0x0000000081c00000, 0x0000000081c00000|100%|HC|  |TAMS 0x0000000081c00000, 0x0000000081b00000| Complete 
|  28|0x0000000081c00000, 0x0000000081d00000, 0x0000000081d00000|100%|HC|  |TAMS 0x0000000081d00000, 0x0000000081c00000| Complete 
|  29|0x0000000081d00000, 0x0000000081e00000, 0x0000000081e00000|100%|HS|  |TAMS 0x0000000081e00000, 0x0000000081d00000| Complete 
|  30|0x0000000081e00000, 0x0000000081f00000, 0x0000000081f00000|100%|HC|  |TAMS 0x0000000081f00000, 0x0000000081e00000| Complete 
|  31|0x0000000081f00000, 0x0000000082000000, 0x0000000082000000|100%|HC|  |TAMS 0x0000000082000000, 0x0000000081f00000| Complete 
|  32|0x0000000082000000, 0x0000000082100000, 0x0000000082100000|100%| O|  |TAMS 0x0000000082100000, 0x0000000082000000| Untracked 
|  33|0x0000000082100000, 0x0000000082200000, 0x0000000082200000|100%| O|  |TAMS 0x0000000082200000, 0x0000000082100000| Untracked 
|  34|0x0000000082200000, 0x0000000082300000, 0x0000000082300000|100%| O|  |TAMS 0x0000000082300000, 0x0000000082200000| Untracked 
|  35|0x0000000082300000, 0x0000000082400000, 0x0000000082400000|100%| O|  |TAMS 0x0000000082400000, 0x0000000082300000| Untracked 
|  36|0x0000000082400000, 0x0000000082500000, 0x0000000082500000|100%| O|  |TAMS 0x0000000082500000, 0x0000000082400000| Untracked 
|  37|0x0000000082500000, 0x0000000082600000, 0x0000000082600000|100%| O|  |TAMS 0x0000000082600000, 0x0000000082500000| Untracked 
|  38|0x0000000082600000, 0x0000000082700000, 0x0000000082700000|100%|HS|  |TAMS 0x0000000082700000, 0x0000000082600000| Complete 
|  39|0x0000000082700000, 0x0000000082800000, 0x0000000082800000|100%|HC|  |TAMS 0x0000000082800000, 0x0000000082700000| Complete 
|  40|0x0000000082800000, 0x0000000082900000, 0x0000000082900000|100%|HC|  |TAMS 0x0000000082900000, 0x0000000082800000| Complete 
|  41|0x0000000082900000, 0x0000000082a00000, 0x0000000082a00000|100%| O|  |TAMS 0x0000000082a00000, 0x0000000082900000| Untracked 
|  42|0x0000000082a00000, 0x0000000082b00000, 0x0000000082b00000|100%| O|  |TAMS 0x0000000082b00000, 0x0000000082a00000| Untracked 
|  43|0x0000000082b00000, 0x0000000082c00000, 0x0000000082c00000|100%| O|  |TAMS 0x0000000082c00000, 0x0000000082b00000| Untracked 
|  44|0x0000000082c00000, 0x0000000082d00000, 0x0000000082d00000|100%| O|  |TAMS 0x0000000082d00000, 0x0000000082c00000| Untracked 
|  45|0x0000000082d00000, 0x0000000082e00000, 0x0000000082e00000|100%| O|  |TAMS 0x0000000082e00000, 0x0000000082d00000| Untracked 
|  46|0x0000000082e00000, 0x0000000082f00000, 0x0000000082f00000|100%| O|  |TAMS 0x0000000082f00000, 0x0000000082e00000| Untracked 
|  47|0x0000000082f00000, 0x0000000083000000, 0x0000000083000000|100%| O|  |TAMS 0x0000000083000000, 0x0000000082f00000| Untracked 
|  48|0x0000000083000000, 0x0000000083100000, 0x0000000083100000|100%| O|  |TAMS 0x0000000083100000, 0x0000000083000000| Untracked 
|  49|0x0000000083100000, 0x0000000083200000, 0x0000000083200000|100%| O|  |TAMS 0x0000000083200000, 0x0000000083100000| Untracked 
|  50|0x0000000083200000, 0x0000000083300000, 0x0000000083300000|100%| O|  |TAMS 0x0000000083300000, 0x0000000083200000| Untracked 
|  51|0x0000000083300000, 0x0000000083400000, 0x0000000083400000|100%| O|  |TAMS 0x0000000083400000, 0x0000000083300000| Untracked 
|  52|0x0000000083400000, 0x00000000834b2000, 0x0000000083500000| 69%| O|  |TAMS 0x00000000834b2000, 0x0000000083400000| Untracked 
|  53|0x0000000083500000, 0x0000000083500000, 0x0000000083600000|  0%| F|  |TAMS 0x0000000083500000, 0x0000000083500000| Untracked 
|  54|0x0000000083600000, 0x0000000083600000, 0x0000000083700000|  0%| F|  |TAMS 0x0000000083600000, 0x0000000083600000| Untracked 
|  55|0x0000000083700000, 0x0000000083700000, 0x0000000083800000|  0%| F|  |TAMS 0x0000000083700000, 0x0000000083700000| Untracked 
|  56|0x0000000083800000, 0x0000000083800000, 0x0000000083900000|  0%| F|  |TAMS 0x0000000083800000, 0x0000000083800000| Untracked 
|  57|0x0000000083900000, 0x0000000083900000, 0x0000000083a00000|  0%| F|  |TAMS 0x0000000083900000, 0x0000000083900000| Untracked 
|  58|0x0000000083a00000, 0x0000000083a00000, 0x0000000083b00000|  0%| F|  |TAMS 0x0000000083a00000, 0x0000000083a00000| Untracked 
|  59|0x0000000083b00000, 0x0000000083b00000, 0x0000000083c00000|  0%| F|  |TAMS 0x0000000083b00000, 0x0000000083b00000| Untracked 
|  60|0x0000000083c00000, 0x0000000083c00000, 0x0000000083d00000|  0%| F|  |TAMS 0x0000000083c00000, 0x0000000083c00000| Untracked 
|  61|0x0000000083d00000, 0x0000000083d00000, 0x0000000083e00000|  0%| F|  |TAMS 0x0000000083d00000, 0x0000000083d00000| Untracked 
|  62|0x0000000083e00000, 0x0000000083e00000, 0x0000000083f00000|  0%| F|  |TAMS 0x0000000083e00000, 0x0000000083e00000| Untracked 
|  63|0x0000000083f00000, 0x0000000083f00000, 0x0000000084000000|  0%| F|  |TAMS 0x0000000083f00000, 0x0000000083f00000| Untracked 
|  64|0x0000000084000000, 0x0000000084000000, 0x0000000084100000|  0%| F|  |TAMS 0x0000000084000000, 0x0000000084000000| Untracked 
|  65|0x0000000084100000, 0x0000000084100000, 0x0000000084200000|  0%| F|  |TAMS 0x0000000084100000, 0x0000000084100000| Untracked 
|  66|0x0000000084200000, 0x0000000084200000, 0x0000000084300000|  0%| F|  |TAMS 0x0000000084200000, 0x0000000084200000| Untracked 
|  67|0x0000000084300000, 0x0000000084300000, 0x0000000084400000|  0%| F|  |TAMS 0x0000000084300000, 0x0000000084300000| Untracked 
|  68|0x0000000084400000, 0x0000000084400000, 0x0000000084500000|  0%| F|  |TAMS 0x0000000084400000, 0x0000000084400000| Untracked 
|  69|0x0000000084500000, 0x0000000084500000, 0x0000000084600000|  0%| F|  |TAMS 0x0000000084500000, 0x0000000084500000| Untracked 
|  70|0x0000000084600000, 0x0000000084600000, 0x0000000084700000|  0%| F|  |TAMS 0x0000000084600000, 0x0000000084600000| Untracked 
|  71|0x0000000084700000, 0x0000000084700000, 0x0000000084800000|  0%| F|  |TAMS 0x0000000084700000, 0x0000000084700000| Untracked 
|  72|0x0000000084800000, 0x0000000084800000, 0x0000000084900000|  0%| F|  |TAMS 0x0000000084800000, 0x0000000084800000| Untracked 
|  73|0x0000000084900000, 0x0000000084900000, 0x0000000084a00000|  0%| F|  |TAMS 0x0000000084900000, 0x0000000084900000| Untracked 
|  74|0x0000000084a00000, 0x0000000084a00000, 0x0000000084b00000|  0%| F|  |TAMS 0x0000000084a00000, 0x0000000084a00000| Untracked 
|  75|0x0000000084b00000, 0x0000000084b00000, 0x0000000084c00000|  0%| F|  |TAMS 0x0000000084b00000, 0x0000000084b00000| Untracked 
|  76|0x0000000084c00000, 0x0000000084c00000, 0x0000000084d00000|  0%| F|  |TAMS 0x0000000084c00000, 0x0000000084c00000| Untracked 
|  77|0x0000000084d00000, 0x0000000084e00000, 0x0000000084e00000|100%| E|  |TAMS 0x0000000084d00000, 0x0000000084d00000| Complete 
|  78|0x0000000084e00000, 0x0000000084f00000, 0x0000000084f00000|100%| E|CS|TAMS 0x0000000084e00000, 0x0000000084e00000| Complete 
|  79|0x0000000084f00000, 0x0000000085000000, 0x0000000085000000|100%| E|CS|TAMS 0x0000000084f00000, 0x0000000084f00000| Complete 
|  80|0x0000000085000000, 0x0000000085100000, 0x0000000085100000|100%| E|CS|TAMS 0x0000000085000000, 0x0000000085000000| Complete 
|  81|0x0000000085100000, 0x0000000085200000, 0x0000000085200000|100%| E|CS|TAMS 0x0000000085100000, 0x0000000085100000| Complete 
|  82|0x0000000085200000, 0x0000000085300000, 0x0000000085300000|100%| E|CS|TAMS 0x0000000085200000, 0x0000000085200000| Complete 
|  83|0x0000000085300000, 0x0000000085400000, 0x0000000085400000|100%| E|CS|TAMS 0x0000000085300000, 0x0000000085300000| Complete 
|  84|0x0000000085400000, 0x0000000085500000, 0x0000000085500000|100%| E|CS|TAMS 0x0000000085400000, 0x0000000085400000| Complete 
|  85|0x0000000085500000, 0x0000000085600000, 0x0000000085600000|100%| E|CS|TAMS 0x0000000085500000, 0x0000000085500000| Complete 
|  86|0x0000000085600000, 0x0000000085700000, 0x0000000085700000|100%| E|CS|TAMS 0x0000000085600000, 0x0000000085600000| Complete 
|  87|0x0000000085700000, 0x0000000085800000, 0x0000000085800000|100%| E|CS|TAMS 0x0000000085700000, 0x0000000085700000| Complete 
|  88|0x0000000085800000, 0x0000000085900000, 0x0000000085900000|100%| E|CS|TAMS 0x0000000085800000, 0x0000000085800000| Complete 
|  89|0x0000000085900000, 0x0000000085a00000, 0x0000000085a00000|100%| E|CS|TAMS 0x0000000085900000, 0x0000000085900000| Complete 
|  90|0x0000000085a00000, 0x0000000085b00000, 0x0000000085b00000|100%| E|CS|TAMS 0x0000000085a00000, 0x0000000085a00000| Complete 
|  91|0x0000000085b00000, 0x0000000085bac6e8, 0x0000000085c00000| 67%| S|CS|TAMS 0x0000000085b00000, 0x0000000085b00000| Complete 
|  92|0x0000000085c00000, 0x0000000085d00000, 0x0000000085d00000|100%| S|CS|TAMS 0x0000000085c00000, 0x0000000085c00000| Complete 
|  93|0x0000000085d00000, 0x0000000085e00000, 0x0000000085e00000|100%| E|CS|TAMS 0x0000000085d00000, 0x0000000085d00000| Complete 
|  94|0x0000000085e00000, 0x0000000085f00000, 0x0000000085f00000|100%| E|CS|TAMS 0x0000000085e00000, 0x0000000085e00000| Complete 
|  95|0x0000000085f00000, 0x0000000086000000, 0x0000000086000000|100%| E|CS|TAMS 0x0000000085f00000, 0x0000000085f00000| Complete 
|  96|0x0000000086000000, 0x0000000086100000, 0x0000000086100000|100%| E|CS|TAMS 0x0000000086000000, 0x0000000086000000| Complete 
|  97|0x0000000086100000, 0x0000000086200000, 0x0000000086200000|100%| E|CS|TAMS 0x0000000086100000, 0x0000000086100000| Complete 
|  98|0x0000000086200000, 0x0000000086300000, 0x0000000086300000|100%| E|CS|TAMS 0x0000000086200000, 0x0000000086200000| Complete 
|  99|0x0000000086300000, 0x0000000086400000, 0x0000000086400000|100%| E|CS|TAMS 0x0000000086300000, 0x0000000086300000| Complete 
| 100|0x0000000086400000, 0x0000000086500000, 0x0000000086500000|100%| E|CS|TAMS 0x0000000086400000, 0x0000000086400000| Complete 
| 101|0x0000000086500000, 0x0000000086600000, 0x0000000086600000|100%| E|CS|TAMS 0x0000000086500000, 0x0000000086500000| Complete 
| 197|0x000000008c500000, 0x000000008c600000, 0x000000008c600000|100%| E|CS|TAMS 0x000000008c500000, 0x000000008c500000| Complete 
| 198|0x000000008c600000, 0x000000008c700000, 0x000000008c700000|100%| E|CS|TAMS 0x000000008c600000, 0x000000008c600000| Complete 
| 199|0x000000008c700000, 0x000000008c800000, 0x000000008c800000|100%| E|CS|TAMS 0x000000008c700000, 0x000000008c700000| Complete 
| 200|0x000000008c800000, 0x000000008c900000, 0x000000008c900000|100%| E|CS|TAMS 0x000000008c800000, 0x000000008c800000| Complete 
| 201|0x000000008c900000, 0x000000008ca00000, 0x000000008ca00000|100%| E|CS|TAMS 0x000000008c900000, 0x000000008c900000| Complete 
| 202|0x000000008ca00000, 0x000000008cb00000, 0x000000008cb00000|100%| E|CS|TAMS 0x000000008ca00000, 0x000000008ca00000| Complete 
| 203|0x000000008cb00000, 0x000000008cc00000, 0x000000008cc00000|100%| E|CS|TAMS 0x000000008cb00000, 0x000000008cb00000| Complete 
| 204|0x000000008cc00000, 0x000000008cd00000, 0x000000008cd00000|100%| E|CS|TAMS 0x000000008cc00000, 0x000000008cc00000| Complete 
| 251|0x000000008fb00000, 0x000000008fc00000, 0x000000008fc00000|100%| E|CS|TAMS 0x000000008fb00000, 0x000000008fb00000| Complete 

Card table byte_map: [0x000001fd21c30000,0x000001fd22030000] _byte_map_base: 0x000001fd21830000

Marking Bits (Prev, Next): (CMBitMap*) 0x000001fd0cf5af00, (CMBitMap*) 0x000001fd0cf5aec0
 Prev Bits: [0x000001fd24430000, 0x000001fd26430000)
 Next Bits: [0x000001fd22430000, 0x000001fd24430000)

Polling page: 0x000001fd0cfb0000

Metaspace:

Usage:
  Non-class:     52.68 MB used.
      Class:      8.58 MB used.
       Both:     61.26 MB used.

Virtual space:
  Non-class space:       64.00 MB reserved,      53.00 MB ( 83%) committed,  1 nodes.
      Class space:        1.00 GB reserved,       8.81 MB ( <1%) committed,  1 nodes.
             Both:        1.06 GB reserved,      61.81 MB (  6%) committed. 

Chunk freelists:
   Non-Class:  10.78 MB
       Class:  7.12 MB
        Both:  17.91 MB

MaxMetaspaceSize: unlimited
CompressedClassSpaceSize: 1.00 GB
Initial GC threshold: 21.00 MB
Current GC threshold: 96.56 MB
CDS: off
MetaspaceReclaimPolicy: balanced
 - commit_granule_bytes: 65536.
 - commit_granule_words: 8192.
 - virtual_space_node_default_size: 8388608.
 - enlarge_chunks_in_place: 1.
 - new_chunks_are_fully_committed: 0.
 - uncommit_free_chunks: 1.
 - use_allocation_guard: 0.
 - handle_deallocations: 1.


Internal statistics:

num_allocs_failed_limit: 6.
num_arena_births: 666.
num_arena_deaths: 0.
num_vsnodes_births: 2.
num_vsnodes_deaths: 0.
num_space_committed: 989.
num_space_uncommitted: 0.
num_chunks_returned_to_freelist: 6.
num_chunks_taken_from_freelist: 2680.
num_chunk_merges: 3.
num_chunk_splits: 1868.
num_chunks_enlarged: 1373.
num_inconsistent_stats: 0.

CodeHeap 'non-profiled nmethods': size=120000Kb used=2306Kb max_used=3205Kb free=117694Kb
 bounds [0x000001fd19670000, 0x000001fd199a0000, 0x000001fd20ba0000]
CodeHeap 'profiled nmethods': size=120000Kb used=7895Kb max_used=9701Kb free=112104Kb
 bounds [0x000001fd11ba0000, 0x000001fd12520000, 0x000001fd190d0000]
CodeHeap 'non-nmethods': size=5760Kb used=2338Kb max_used=2353Kb free=3421Kb
 bounds [0x000001fd190d0000, 0x000001fd19340000, 0x000001fd19670000]
 total_blobs=4950 nmethods=4092 adapters=770
 compilation: enabled
              stopped_count=0, restarted_count=0
 full_count=0

Compilation events (20 events):
Event: 8.237 Thread 0x000001fd29384890 4804       3       java.lang.invoke.LambdaFormBuffer::replaceName (124 bytes)
Event: 8.237 Thread 0x000001fd29384890 nmethod 4804 0x000001fd11f1b690 code [0x000001fd11f1b840, 0x000001fd11f1b9e8]
Event: 8.247 Thread 0x000001fd29384890 4812       3       java.util.List::of (9 bytes)
Event: 8.247 Thread 0x000001fd29384890 nmethod 4812 0x000001fd11ba6590 code [0x000001fd11ba6780, 0x000001fd11ba6cc8]
Event: 8.249 Thread 0x000001fd29384890 4815       3       java.lang.invoke.LambdaForm$Name::withConstraint (20 bytes)
Event: 8.250 Thread 0x000001fd29384890 nmethod 4815 0x000001fd11fa0e90 code [0x000001fd11fa1040, 0x000001fd11fa1248]
Event: 8.252 Thread 0x000001fd29384890 4823       3       java.lang.invoke.BoundMethodHandle$SpeciesData::extendWith (62 bytes)
Event: 8.253 Thread 0x000001fd29384890 nmethod 4823 0x000001fd11f78590 code [0x000001fd11f78800, 0x000001fd11f79238]
Event: 8.253 Thread 0x000001fd29384890 4825       3       jdk.internal.org.objectweb.asm.ClassWriter::visitSource (39 bytes)
Event: 8.253 Thread 0x000001fd311f3e10 4795       4       java.lang.reflect.Field::copy (80 bytes)
Event: 8.254 Thread 0x000001fd29384890 nmethod 4825 0x000001fd11ca1b90 code [0x000001fd11ca1d60, 0x000001fd11ca21d8]
Event: 8.255 Thread 0x000001fd311f3e10 nmethod 4795 0x000001fd198a7110 code [0x000001fd198a72a0, 0x000001fd198a7418]
Event: 8.255 Thread 0x000001fd311f3e10 4796       4       java.lang.reflect.Field::<init> (50 bytes)
Event: 8.259 Thread 0x000001fd311f3e10 nmethod 4796 0x000001fd19858710 code [0x000001fd19858880, 0x000001fd19858db8]
Event: 8.259 Thread 0x000001fd311f3e10 4819       4       jdk.internal.org.objectweb.asm.Frame::getLocal (46 bytes)
Event: 8.260 Thread 0x000001fd311f3e10 nmethod 4819 0x000001fd19858410 code [0x000001fd19858580, 0x000001fd19858658]
Event: 8.260 Thread 0x000001fd311f3e10 4806       4       java.util.Arrays::copyOf (40 bytes)
Event: 8.268 Thread 0x000001fd311f3e10 nmethod 4806 0x000001fd198a6610 code [0x000001fd198a67a0, 0x000001fd198a6bd8]
Event: 8.268 Thread 0x000001fd311f3e10 4828       4       jdk.internal.org.objectweb.asm.FieldWriter::visitEnd (1 bytes)
Event: 8.268 Thread 0x000001fd311f3e10 nmethod 4828 0x000001fd19858110 code [0x000001fd19858280, 0x000001fd198582f8]

GC Heap History (20 events):
Event: 3.572 GC heap before
{Heap before GC invocations=6 (full 0):
 garbage-first heap   total 68608K, used 48286K [0x0000000080000000, 0x0000000100000000)
  region size 1024K, 28 young (28672K), 1 survivors (1024K)
 Metaspace       used 30407K, committed 30720K, reserved 1114112K
  class space    used 4068K, committed 4224K, reserved 1048576K
}
Event: 3.574 GC heap after
{Heap after GC invocations=7 (full 0):
 garbage-first heap   total 68608K, used 22107K [0x0000000080000000, 0x0000000100000000)
  region size 1024K, 2 young (2048K), 2 survivors (2048K)
 Metaspace       used 30407K, committed 30720K, reserved 1114112K
  class space    used 4068K, committed 4224K, reserved 1048576K
}
Event: 3.759 GC heap before
{Heap before GC invocations=7 (full 0):
 garbage-first heap   total 68608K, used 37467K [0x0000000080000000, 0x0000000100000000)
  region size 1024K, 11 young (11264K), 2 survivors (2048K)
 Metaspace       used 31129K, committed 31424K, reserved 1114112K
  class space    used 4201K, committed 4352K, reserved 1048576K
}
Event: 3.763 GC heap after
{Heap after GC invocations=8 (full 0):
 garbage-first heap   total 68608K, used 33094K [0x0000000080000000, 0x0000000100000000)
  region size 1024K, 4 young (4096K), 4 survivors (4096K)
 Metaspace       used 31129K, committed 31424K, reserved 1114112K
  class space    used 4201K, committed 4352K, reserved 1048576K
}
Event: 4.348 GC heap before
{Heap before GC invocations=8 (full 0):
 garbage-first heap   total 68608K, used 53574K [0x0000000080000000, 0x0000000100000000)
  region size 1024K, 22 young (22528K), 4 survivors (4096K)
 Metaspace       used 33243K, committed 33664K, reserved 1114112K
  class space    used 4543K, committed 4736K, reserved 1048576K
}
Event: 4.351 GC heap after
{Heap after GC invocations=9 (full 0):
 garbage-first heap   total 68608K, used 38312K [0x0000000080000000, 0x0000000100000000)
  region size 1024K, 3 young (3072K), 3 survivors (3072K)
 Metaspace       used 33243K, committed 33664K, reserved 1114112K
  class space    used 4543K, committed 4736K, reserved 1048576K
}
Event: 4.703 GC heap before
{Heap before GC invocations=9 (full 0):
 garbage-first heap   total 68608K, used 51624K [0x0000000080000000, 0x0000000100000000)
  region size 1024K, 17 young (17408K), 3 survivors (3072K)
 Metaspace       used 35075K, committed 35456K, reserved 1114112K
  class space    used 4829K, committed 4992K, reserved 1048576K
}
Event: 4.705 GC heap after
{Heap after GC invocations=10 (full 0):
 garbage-first heap   total 68608K, used 39283K [0x0000000080000000, 0x0000000100000000)
  region size 1024K, 1 young (1024K), 1 survivors (1024K)
 Metaspace       used 35075K, committed 35456K, reserved 1114112K
  class space    used 4829K, committed 4992K, reserved 1048576K
}
Event: 5.065 GC heap before
{Heap before GC invocations=11 (full 0):
 garbage-first heap   total 68608K, used 54643K [0x0000000080000000, 0x0000000100000000)
  region size 1024K, 16 young (16384K), 1 survivors (1024K)
 Metaspace       used 37447K, committed 37760K, reserved 1114112K
  class space    used 5192K, committed 5312K, reserved 1048576K
}
Event: 5.068 GC heap after
{Heap after GC invocations=12 (full 0):
 garbage-first heap   total 113664K, used 39729K [0x0000000080000000, 0x0000000100000000)
  region size 1024K, 2 young (2048K), 2 survivors (2048K)
 Metaspace       used 37447K, committed 37760K, reserved 1114112K
  class space    used 5192K, committed 5312K, reserved 1048576K
}
Event: 5.796 GC heap before
{Heap before GC invocations=12 (full 0):
 garbage-first heap   total 113664K, used 81713K [0x0000000080000000, 0x0000000100000000)
  region size 1024K, 44 young (45056K), 2 survivors (2048K)
 Metaspace       used 43455K, committed 43840K, reserved 1114112K
  class space    used 5821K, committed 6016K, reserved 1048576K
}
Event: 5.804 GC heap after
{Heap after GC invocations=13 (full 0):
 garbage-first heap   total 113664K, used 44105K [0x0000000080000000, 0x0000000100000000)
  region size 1024K, 6 young (6144K), 6 survivors (6144K)
 Metaspace       used 43455K, committed 43840K, reserved 1114112K
  class space    used 5821K, committed 6016K, reserved 1048576K
}
Event: 6.588 GC heap before
{Heap before GC invocations=13 (full 0):
 garbage-first heap   total 113664K, used 88137K [0x0000000080000000, 0x0000000100000000)
  region size 1024K, 45 young (46080K), 6 survivors (6144K)
 Metaspace       used 48064K, committed 48576K, reserved 1114112K
  class space    used 6403K, committed 6656K, reserved 1048576K
}
Event: 6.594 GC heap after
{Heap after GC invocations=14 (full 0):
 garbage-first heap   total 113664K, used 47527K [0x0000000080000000, 0x0000000100000000)
  region size 1024K, 4 young (4096K), 4 survivors (4096K)
 Metaspace       used 48064K, committed 48576K, reserved 1114112K
  class space    used 6403K, committed 6656K, reserved 1048576K
}
Event: 7.177 GC heap before
{Heap before GC invocations=14 (full 0):
 garbage-first heap   total 113664K, used 90535K [0x0000000080000000, 0x0000000100000000)
  region size 1024K, 42 young (43008K), 4 survivors (4096K)
 Metaspace       used 51288K, committed 51840K, reserved 1114112K
  class space    used 6746K, committed 6976K, reserved 1048576K
}
Event: 7.181 GC heap after
{Heap after GC invocations=15 (full 0):
 garbage-first heap   total 113664K, used 53712K [0x0000000080000000, 0x0000000100000000)
  region size 1024K, 4 young (4096K), 4 survivors (4096K)
 Metaspace       used 51288K, committed 51840K, reserved 1114112K
  class space    used 6746K, committed 6976K, reserved 1048576K
}
Event: 7.733 GC heap before
{Heap before GC invocations=15 (full 0):
 garbage-first heap   total 113664K, used 89552K [0x0000000080000000, 0x0000000100000000)
  region size 1024K, 39 young (39936K), 4 survivors (4096K)
 Metaspace       used 56572K, committed 57152K, reserved 1114112K
  class space    used 7931K, committed 8192K, reserved 1048576K
}
Event: 7.736 GC heap after
{Heap after GC invocations=16 (full 0):
 garbage-first heap   total 113664K, used 55431K [0x0000000080000000, 0x0000000100000000)
  region size 1024K, 2 young (2048K), 2 survivors (2048K)
 Metaspace       used 56572K, committed 57152K, reserved 1114112K
  class space    used 7931K, committed 8192K, reserved 1048576K
}
Event: 7.911 GC heap before
{Heap before GC invocations=16 (full 0):
 garbage-first heap   total 113664K, used 72839K [0x0000000080000000, 0x0000000100000000)
  region size 1024K, 20 young (20480K), 2 survivors (2048K)
 Metaspace       used 58618K, committed 59136K, reserved 1114112K
  class space    used 8215K, committed 8448K, reserved 1048576K
}
Event: 7.914 GC heap after
{Heap after GC invocations=17 (full 0):
 garbage-first heap   total 113664K, used 55673K [0x0000000080000000, 0x0000000100000000)
  region size 1024K, 2 young (2048K), 2 survivors (2048K)
 Metaspace       used 58618K, committed 59136K, reserved 1114112K
  class space    used 8215K, committed 8448K, reserved 1048576K
}

Dll operation events (3 events):
Event: 0.010 Loaded shared library C:\Program Files\Android\Android Studio\jbr\bin\java.dll
Event: 0.119 Loaded shared library C:\Program Files\Android\Android Studio\jbr\bin\zip.dll
Event: 0.381 Loaded shared library C:\Program Files\Android\Android Studio\jbr\bin\verify.dll

Deoptimization events (20 events):
Event: 7.909 Thread 0x000001fd2f386b50 Uncommon trap: trap_request=0xffffff45 fr.pc=0x000001fd196c99f0 relative=0x0000000000000630
Event: 7.909 Thread 0x000001fd2f386b50 Uncommon trap: reason=unstable_if action=reinterpret pc=0x000001fd196c99f0 method=java.lang.AbstractStringBuilder.append(Ljava/lang/String;)Ljava/lang/AbstractStringBuilder; @ 1 c2
Event: 7.909 Thread 0x000001fd2f386b50 DEOPT PACKING pc=0x000001fd196c99f0 sp=0x00000046dabf60b0
Event: 7.909 Thread 0x000001fd2f386b50 DEOPT UNPACKING pc=0x000001fd191269a3 sp=0x00000046dabf6088 mode 2
Event: 8.009 Thread 0x000001fd2f386b50 Uncommon trap: trap_request=0xffffffbe fr.pc=0x000001fd196c800c relative=0x00000000000002cc
Event: 8.009 Thread 0x000001fd2f386b50 Uncommon trap: reason=profile_predicate action=maybe_recompile pc=0x000001fd196c800c method=sun.instrument.TransformerManager.transform(Ljava/lang/Module;Ljava/lang/ClassLoader;Ljava/lang/String;Ljava/lang/Class;Ljava/security/ProtectionDomain;[B)[B @ 21 
Event: 8.009 Thread 0x000001fd2f386b50 DEOPT PACKING pc=0x000001fd196c800c sp=0x00000046dabf0480
Event: 8.009 Thread 0x000001fd2f386b50 DEOPT UNPACKING pc=0x000001fd191269a3 sp=0x00000046dabf0390 mode 2
Event: 8.010 Thread 0x000001fd2f386b50 Uncommon trap: trap_request=0xffffffbe fr.pc=0x000001fd196c800c relative=0x00000000000002cc
Event: 8.010 Thread 0x000001fd2f386b50 Uncommon trap: reason=profile_predicate action=maybe_recompile pc=0x000001fd196c800c method=sun.instrument.TransformerManager.transform(Ljava/lang/Module;Ljava/lang/ClassLoader;Ljava/lang/String;Ljava/lang/Class;Ljava/security/ProtectionDomain;[B)[B @ 21 
Event: 8.010 Thread 0x000001fd2f386b50 DEOPT PACKING pc=0x000001fd196c800c sp=0x00000046dabf1c60
Event: 8.010 Thread 0x000001fd2f386b50 DEOPT UNPACKING pc=0x000001fd191269a3 sp=0x00000046dabf1b70 mode 2
Event: 8.011 Thread 0x000001fd2f386b50 Uncommon trap: trap_request=0xffffffbe fr.pc=0x000001fd196c800c relative=0x00000000000002cc
Event: 8.011 Thread 0x000001fd2f386b50 Uncommon trap: reason=profile_predicate action=maybe_recompile pc=0x000001fd196c800c method=sun.instrument.TransformerManager.transform(Ljava/lang/Module;Ljava/lang/ClassLoader;Ljava/lang/String;Ljava/lang/Class;Ljava/security/ProtectionDomain;[B)[B @ 21 
Event: 8.011 Thread 0x000001fd2f386b50 DEOPT PACKING pc=0x000001fd196c800c sp=0x00000046dabf0300
Event: 8.011 Thread 0x000001fd2f386b50 DEOPT UNPACKING pc=0x000001fd191269a3 sp=0x00000046dabf0210 mode 2
Event: 8.012 Thread 0x000001fd2f386b50 Uncommon trap: trap_request=0xffffffbe fr.pc=0x000001fd196c800c relative=0x00000000000002cc
Event: 8.012 Thread 0x000001fd2f386b50 Uncommon trap: reason=profile_predicate action=maybe_recompile pc=0x000001fd196c800c method=sun.instrument.TransformerManager.transform(Ljava/lang/Module;Ljava/lang/ClassLoader;Ljava/lang/String;Ljava/lang/Class;Ljava/security/ProtectionDomain;[B)[B @ 21 
Event: 8.012 Thread 0x000001fd2f386b50 DEOPT PACKING pc=0x000001fd196c800c sp=0x00000046dabee5d0
Event: 8.012 Thread 0x000001fd2f386b50 DEOPT UNPACKING pc=0x000001fd191269a3 sp=0x00000046dabee4e0 mode 2

Classes unloaded (0 events):
No events

Classes redefined (0 events):
No events

Internal exceptions (20 events):
Event: 7.118 Thread 0x000001fd2f386b50 Exception <a 'java/lang/NoSuchMethodError'{0x00000000851e64b0}: 'java.lang.Object java.lang.invoke.DirectMethodHandle$Holder.invokeStatic(java.lang.Object, java.lang.Object, java.lang.Object, java.lang.Object, java.lang.Object, java.lang.Object, java.lang.Object, java.lang.Object, java.lang.Object, java.lang.Object, java.lang.Object, java.lang.Object, java.lang.Object, java.lang.Object, java.lang.Object, java.lang.Object, java.lang.Object, java.lang.Object, java.lang.Object, java.lang.Object, java.lang.Obj
Event: 7.121 Thread 0x000001fd2f386b50 Exception <a 'java/lang/NoSuchMethodError'{0x0000000085017f78}: 'java.lang.Object java.lang.invoke.DirectMethodHandle$Holder.invokeStatic(java.lang.Object, java.lang.Object, java.lang.Object, java.lang.Object, java.lang.Object, java.lang.Object, java.lang.Object, java.lang.Object, java.lang.Object, java.lang.Object, java.lang.Object, java.lang.Object, java.lang.Object, java.lang.Object, java.lang.Object, java.lang.Object, java.lang.Object, java.lang.Object, java.lang.Object, java.lang.Object, java.lang.Obj
Event: 7.242 Thread 0x000001fd2f386b50 Exception <a 'java/lang/IncompatibleClassChangeError'{0x000000008c97d2d8}: Found class java.lang.Object, but interface was expected> (0x000000008c97d2d8) 
thrown [s\src\hotspot\share\interpreter\linkResolver.cpp, line 838]
Event: 7.299 Thread 0x000001fd2f386b50 Exception <a 'java/lang/IncompatibleClassChangeError'{0x000000008c786228}: Found class java.lang.Object, but interface was expected> (0x000000008c786228) 
thrown [s\src\hotspot\share\interpreter\linkResolver.cpp, line 838]
Event: 7.305 Thread 0x000001fd2f386b50 Exception <a 'java/lang/NoSuchMethodError'{0x000000008c7dfb68}: 'void java.lang.invoke.DirectMethodHandle$Holder.invokeStatic(java.lang.Object, java.lang.Object, java.lang.Object, java.lang.Object, java.lang.Object, java.lang.Object)'> (0x000000008c7dfb68) 
thrown [s\src\hotspot\share\interpreter\linkResolver.cpp, line 771]
Event: 7.358 Thread 0x000001fd2f386b50 Exception <a 'java/lang/NoSuchMethodError'{0x00000000865b98a8}: 'java.lang.Object java.lang.invoke.DirectMethodHandle$Holder.invokeStaticInit(java.lang.Object, int)'> (0x00000000865b98a8) 
thrown [s\src\hotspot\share\interpreter\linkResolver.cpp, line 771]
Event: 7.825 Thread 0x000001fd2f386b50 Implicit null exception at 0x000001fd196ae172 to 0x000001fd196ae748
Event: 7.909 Thread 0x000001fd2f386b50 Implicit null exception at 0x000001fd196c93f2 to 0x000001fd196c99d8
Event: 8.091 Thread 0x000001fd2f386b50 Exception <a 'sun/nio/fs/WindowsException'{0x0000000085e24fc0}> (0x0000000085e24fc0) 
thrown [s\src\hotspot\share\prims\jni.cpp, line 517]
Event: 8.091 Thread 0x000001fd2f386b50 Exception <a 'sun/nio/fs/WindowsException'{0x0000000085e26d78}> (0x0000000085e26d78) 
thrown [s\src\hotspot\share\prims\jni.cpp, line 517]
Event: 8.164 Thread 0x000001fd2f386b50 Exception <a 'java/lang/NoSuchMethodError'{0x000000008555ce30}: 'long java.lang.invoke.DirectMethodHandle$Holder.invokeStatic(java.lang.Object)'> (0x000000008555ce30) 
thrown [s\src\hotspot\share\interpreter\linkResolver.cpp, line 771]
Event: 8.165 Thread 0x000001fd2f386b50 Exception <a 'java/lang/NoSuchMethodError'{0x0000000085561a18}: 'long java.lang.invoke.DirectMethodHandle$Holder.invokeStaticInit(java.lang.Object)'> (0x0000000085561a18) 
thrown [s\src\hotspot\share\interpreter\linkResolver.cpp, line 771]
Event: 8.234 Thread 0x000001fd2f386b50 Exception <a 'java/lang/NoSuchMethodError'{0x00000000850b0750}: 'long java.lang.invoke.Invokers$Holder.invoke_MT(java.lang.Object, java.lang.Object, java.lang.Object, java.lang.Object)'> (0x00000000850b0750) 
thrown [s\src\hotspot\share\interpreter\linkResolver.cpp, line 771]
Event: 8.236 Thread 0x000001fd2f386b50 Exception <a 'java/lang/NoSuchMethodError'{0x00000000850b9af8}: 'int java.lang.invoke.Invokers$Holder.invoke_MT(java.lang.Object, java.lang.Object, java.lang.Object, java.lang.Object)'> (0x00000000850b9af8) 
thrown [s\src\hotspot\share\interpreter\linkResolver.cpp, line 771]
Event: 8.243 Thread 0x000001fd2f386b50 Exception <a 'java/lang/NoSuchMethodError'{0x00000000850ca3b0}: 'void java.lang.invoke.DelegatingMethodHandle$Holder.reinvoke_L(java.lang.Object, java.lang.Object, java.lang.Object, long, java.lang.Object)'> (0x00000000850ca3b0) 
thrown [s\src\hotspot\share\interpreter\linkResolver.cpp, line 771]
Event: 8.246 Thread 0x000001fd2f386b50 Exception <a 'java/lang/NoSuchMethodError'{0x00000000850d2ce0}: 'java.lang.Object java.lang.invoke.DirectMethodHandle$Holder.invokeSpecial(java.lang.Object, java.lang.Object, java.lang.Object, java.lang.Object, long)'> (0x00000000850d2ce0) 
thrown [s\src\hotspot\share\interpreter\linkResolver.cpp, line 771]
Event: 8.249 Thread 0x000001fd2f386b50 Exception <a 'java/lang/NoSuchMethodError'{0x00000000850e3758}: 'int java.lang.invoke.DelegatingMethodHandle$Holder.reinvoke_L(java.lang.Object, java.lang.Object, java.lang.Object, long, java.lang.Object, java.lang.Object)'> (0x00000000850e3758) 
thrown [s\src\hotspot\share\interpreter\linkResolver.cpp, line 771]
Event: 8.250 Thread 0x000001fd2f386b50 Exception <a 'java/lang/NoSuchMethodError'{0x00000000850f3828}: 'int java.lang.invoke.DelegatingMethodHandle$Holder.reinvoke_L(java.lang.Object, java.lang.Object, java.lang.Object, long, int, int)'> (0x00000000850f3828) 
thrown [s\src\hotspot\share\interpreter\linkResolver.cpp, line 771]
Event: 8.252 Thread 0x000001fd2f386b50 Exception <a 'java/lang/NoSuchMethodError'{0x0000000084f03ce8}: 'int java.lang.invoke.DelegatingMethodHandle$Holder.reinvoke_L(java.lang.Object, java.lang.Object, java.lang.Object, long, long, long)'> (0x0000000084f03ce8) 
thrown [s\src\hotspot\share\interpreter\linkResolver.cpp, line 771]
Event: 8.254 Thread 0x000001fd2f386b50 Exception <a 'java/lang/NoSuchMethodError'{0x0000000084f13840}: 'int java.lang.invoke.DelegatingMethodHandle$Holder.reinvoke_L(java.lang.Object, java.lang.Object, java.lang.Object, long, int)'> (0x0000000084f13840) 
thrown [s\src\hotspot\share\interpreter\linkResolver.cpp, line 771]

VM Operations (20 events):
Event: 7.356 Executing VM operation: HandshakeAllThreads
Event: 7.356 Executing VM operation: HandshakeAllThreads done
Event: 7.390 Executing VM operation: HandshakeAllThreads
Event: 7.390 Executing VM operation: HandshakeAllThreads done
Event: 7.417 Executing VM operation: HandshakeAllThreads
Event: 7.417 Executing VM operation: HandshakeAllThreads done
Event: 7.417 Executing VM operation: HandshakeAllThreads
Event: 7.417 Executing VM operation: HandshakeAllThreads done
Event: 7.419 Executing VM operation: HandshakeAllThreads
Event: 7.419 Executing VM operation: HandshakeAllThreads done
Event: 7.733 Executing VM operation: G1CollectForAllocation
Event: 7.736 Executing VM operation: G1CollectForAllocation done
Event: 7.911 Executing VM operation: CollectForMetadataAllocation
Event: 7.914 Executing VM operation: CollectForMetadataAllocation done
Event: 7.929 Executing VM operation: G1PauseRemark
Event: 7.931 Executing VM operation: G1PauseRemark done
Event: 7.938 Executing VM operation: G1PauseCleanup
Event: 7.938 Executing VM operation: G1PauseCleanup done
Event: 8.086 Executing VM operation: HandshakeAllThreads
Event: 8.086 Executing VM operation: HandshakeAllThreads done

Events (20 events):
Event: 7.649 loading class java/util/concurrent/atomic/AtomicReferenceFieldUpdater done
Event: 7.649 loading class java/util/concurrent/atomic/AtomicReferenceFieldUpdater$AtomicReferenceFieldUpdaterImpl
Event: 7.649 loading class java/util/concurrent/atomic/AtomicReferenceFieldUpdater$AtomicReferenceFieldUpdaterImpl done
Event: 7.649 loading class java/util/concurrent/atomic/AtomicReferenceFieldUpdater$AtomicReferenceFieldUpdaterImpl$1
Event: 7.649 loading class java/util/concurrent/atomic/AtomicReferenceFieldUpdater$AtomicReferenceFieldUpdaterImpl$1 done
Event: 7.943 loading class java/lang/Override
Event: 7.943 loading class java/lang/Override done
Event: 7.973 loading class java/util/ArrayList$SubList$1
Event: 7.973 loading class java/util/ArrayList$SubList$1 done
Event: 7.991 loading class java/util/Stack
Event: 7.991 loading class java/util/Stack done
Event: 8.102 loading class java/lang/AbstractMethodError
Event: 8.102 loading class java/lang/AbstractMethodError done
Event: 8.165 loading class java/util/concurrent/atomic/AtomicLongFieldUpdater
Event: 8.165 loading class java/util/concurrent/atomic/AtomicLongFieldUpdater done
Event: 8.166 loading class java/util/concurrent/atomic/AtomicLongFieldUpdater$CASUpdater
Event: 8.166 loading class java/util/concurrent/atomic/AtomicLongFieldUpdater$CASUpdater done
Event: 8.166 loading class java/util/concurrent/atomic/AtomicLongFieldUpdater$CASUpdater$1
Event: 8.166 loading class java/util/concurrent/atomic/AtomicLongFieldUpdater$CASUpdater$1 done
Event: 8.253 Thread 0x000001fd311f3e10 Thread added: 0x000001fd311f3e10


Dynamic libraries:
0x00007ff677cb0000 - 0x00007ff677cba000 	C:\Program Files\Android\Android Studio\jbr\bin\java.exe
0x00007ffc3b030000 - 0x00007ffc3b247000 	C:\WINDOWS\SYSTEM32\ntdll.dll
0x00007ffc3a150000 - 0x00007ffc3a214000 	C:\WINDOWS\System32\KERNEL32.DLL
0x00007ffc38650000 - 0x00007ffc389f7000 	C:\WINDOWS\System32\KERNELBASE.dll
0x00007ffc38410000 - 0x00007ffc38521000 	C:\WINDOWS\System32\ucrtbase.dll
0x00007ffc221c0000 - 0x00007ffc221d7000 	C:\Program Files\Android\Android Studio\jbr\bin\jli.dll
0x00007ffc39d90000 - 0x00007ffc39f3e000 	C:\WINDOWS\System32\USER32.dll
0x00007ffc38cb0000 - 0x00007ffc38cd6000 	C:\WINDOWS\System32\win32u.dll
0x00007ffc1dbc0000 - 0x00007ffc1de53000 	C:\WINDOWS\WinSxS\amd64_microsoft.windows.common-controls_6595b64144ccf1df_6.0.22621.3527_none_270e469b73872a76\COMCTL32.dll
0x00007ffc3a530000 - 0x00007ffc3a559000 	C:\WINDOWS\System32\GDI32.dll
0x00007ffc38530000 - 0x00007ffc38649000 	C:\WINDOWS\System32\gdi32full.dll
0x00007ffc3a0a0000 - 0x00007ffc3a147000 	C:\WINDOWS\System32\msvcrt.dll
0x00007ffc38b70000 - 0x00007ffc38c0a000 	C:\WINDOWS\System32\msvcp_win.dll
0x00007ffc20ea0000 - 0x00007ffc20ebb000 	C:\Program Files\Android\Android Studio\jbr\bin\VCRUNTIME140.dll
0x00007ffc3a720000 - 0x00007ffc3a751000 	C:\WINDOWS\System32\IMM32.DLL
0x00007ffc336f0000 - 0x00007ffc336fc000 	C:\Program Files\Android\Android Studio\jbr\bin\vcruntime140_1.dll
0x00007ffbec580000 - 0x00007ffbec60d000 	C:\Program Files\Android\Android Studio\jbr\bin\msvcp140.dll
0x00007ffbecb40000 - 0x00007ffbed7c3000 	C:\Program Files\Android\Android Studio\jbr\bin\server\jvm.dll
0x00007ffc3a900000 - 0x00007ffc3a9b2000 	C:\WINDOWS\System32\ADVAPI32.dll
0x00007ffc38de0000 - 0x00007ffc38e88000 	C:\WINDOWS\System32\sechost.dll
0x00007ffc38c80000 - 0x00007ffc38ca8000 	C:\WINDOWS\System32\bcrypt.dll
0x00007ffc3a410000 - 0x00007ffc3a525000 	C:\WINDOWS\System32\RPCRT4.dll
0x00007ffc37cb0000 - 0x00007ffc37cfd000 	C:\WINDOWS\SYSTEM32\POWRPROF.dll
0x00007ffc08c30000 - 0x00007ffc08c39000 	C:\WINDOWS\SYSTEM32\WSOCK32.dll
0x00007ffc2eba0000 - 0x00007ffc2ebd4000 	C:\WINDOWS\SYSTEM32\WINMM.dll
0x00007ffc3a320000 - 0x00007ffc3a391000 	C:\WINDOWS\System32\WS2_32.dll
0x00007ffc1aa00000 - 0x00007ffc1aa0a000 	C:\WINDOWS\SYSTEM32\VERSION.dll
0x00007ffc37c20000 - 0x00007ffc37c33000 	C:\WINDOWS\SYSTEM32\UMPDC.dll
0x00007ffc37330000 - 0x00007ffc37348000 	C:\WINDOWS\SYSTEM32\kernel.appcore.dll
0x00007ffc336e0000 - 0x00007ffc336ea000 	C:\Program Files\Android\Android Studio\jbr\bin\jimage.dll
0x00007ffc35370000 - 0x00007ffc355a2000 	C:\WINDOWS\SYSTEM32\DBGHELP.DLL
0x00007ffc39a00000 - 0x00007ffc39d88000 	C:\WINDOWS\System32\combase.dll
0x00007ffc39920000 - 0x00007ffc399f7000 	C:\WINDOWS\System32\OLEAUT32.dll
0x00007ffc141d0000 - 0x00007ffc14202000 	C:\WINDOWS\SYSTEM32\dbgcore.DLL
0x00007ffc38ce0000 - 0x00007ffc38d59000 	C:\WINDOWS\System32\bcryptPrimitives.dll
0x00007ffc23110000 - 0x00007ffc2311e000 	C:\Program Files\Android\Android Studio\jbr\bin\instrument.dll
0x00007ffc22bd0000 - 0x00007ffc22bf5000 	C:\Program Files\Android\Android Studio\jbr\bin\java.dll
0x00007ffc333c0000 - 0x00007ffc333d8000 	C:\Program Files\Android\Android Studio\jbr\bin\zip.dll
0x00007ffc38e90000 - 0x00007ffc396ec000 	C:\WINDOWS\System32\SHELL32.dll
0x00007ffc36240000 - 0x00007ffc36b36000 	C:\WINDOWS\SYSTEM32\windows.storage.dll
0x00007ffc36100000 - 0x00007ffc3623e000 	C:\WINDOWS\SYSTEM32\wintypes.dll
0x00007ffc3a5f0000 - 0x00007ffc3a6e5000 	C:\WINDOWS\System32\SHCORE.dll
0x00007ffc3a890000 - 0x00007ffc3a8ee000 	C:\WINDOWS\System32\shlwapi.dll
0x00007ffc38280000 - 0x00007ffc382a1000 	C:\WINDOWS\SYSTEM32\profapi.dll
0x00007ffc22d80000 - 0x00007ffc22d99000 	C:\Program Files\Android\Android Studio\jbr\bin\net.dll
0x00007ffc31680000 - 0x00007ffc317b6000 	C:\WINDOWS\SYSTEM32\WINHTTP.dll
0x00007ffc377a0000 - 0x00007ffc37809000 	C:\WINDOWS\system32\mswsock.dll
0x00007ffc22ca0000 - 0x00007ffc22cb6000 	C:\Program Files\Android\Android Studio\jbr\bin\nio.dll
0x00007ffc258a0000 - 0x00007ffc258b0000 	C:\Program Files\Android\Android Studio\jbr\bin\verify.dll
0x00007ffc1cb00000 - 0x00007ffc1cb27000 	C:\Users\user\.gradle\native\c067742578af261105cb4f569cf0c3c89f3d7b1fecec35dd04571415982c5e48\windows-amd64\native-platform.dll
0x00007ffbec430000 - 0x00007ffbec574000 	C:\Users\user\.gradle\native\38dada09dfb8b06ba9b0570ebf7e218e3eb74d4ef43ca46872605cf95ebc2f47\windows-amd64\native-platform-file-events.dll
0x00007ffc33360000 - 0x00007ffc33369000 	C:\Program Files\Android\Android Studio\jbr\bin\management.dll
0x00007ffc30660000 - 0x00007ffc3066b000 	C:\Program Files\Android\Android Studio\jbr\bin\management_ext.dll
0x00007ffc3a880000 - 0x00007ffc3a888000 	C:\WINDOWS\System32\PSAPI.DLL
0x00007ffc379c0000 - 0x00007ffc379db000 	C:\WINDOWS\SYSTEM32\CRYPTSP.dll
0x00007ffc37290000 - 0x00007ffc372c5000 	C:\WINDOWS\system32\rsaenh.dll
0x00007ffc37840000 - 0x00007ffc37868000 	C:\WINDOWS\SYSTEM32\USERENV.dll
0x00007ffc379e0000 - 0x00007ffc379ec000 	C:\WINDOWS\SYSTEM32\CRYPTBASE.dll
0x00007ffc36de0000 - 0x00007ffc36e0d000 	C:\WINDOWS\SYSTEM32\IPHLPAPI.DLL
0x00007ffc3a8f0000 - 0x00007ffc3a8f9000 	C:\WINDOWS\System32\NSI.dll
0x00007ffc317e0000 - 0x00007ffc317f9000 	C:\WINDOWS\SYSTEM32\dhcpcsvc6.DLL
0x00007ffc313f0000 - 0x00007ffc3140f000 	C:\WINDOWS\SYSTEM32\dhcpcsvc.DLL
0x00007ffc36e10000 - 0x00007ffc36f08000 	C:\WINDOWS\SYSTEM32\DNSAPI.dll
0x00007ffbfd880000 - 0x00007ffbfd888000 	C:\WINDOWS\system32\wshunix.dll

dbghelp: loaded successfully - version: 4.0.5 - missing functions: none
symbol engine: initialized successfully - sym options: 0x614 - pdb path: .;C:\Program Files\Android\Android Studio\jbr\bin;C:\WINDOWS\SYSTEM32;C:\WINDOWS\WinSxS\amd64_microsoft.windows.common-controls_6595b64144ccf1df_6.0.22621.3527_none_270e469b73872a76;C:\Program Files\Android\Android Studio\jbr\bin\server;C:\Users\user\.gradle\native\c067742578af261105cb4f569cf0c3c89f3d7b1fecec35dd04571415982c5e48\windows-amd64;C:\Users\user\.gradle\native\38dada09dfb8b06ba9b0570ebf7e218e3eb74d4ef43ca46872605cf95ebc2f47\windows-amd64

VM Arguments:
jvm_args: --add-opens=java.base/java.util=ALL-UNNAMED --add-opens=java.base/java.lang=ALL-UNNAMED --add-opens=java.base/java.lang.invoke=ALL-UNNAMED --add-opens=java.prefs/java.util.prefs=ALL-UNNAMED --add-opens=java.base/java.nio.charset=ALL-UNNAMED --add-opens=java.base/java.net=ALL-UNNAMED --add-opens=java.base/java.util.concurrent.atomic=ALL-UNNAMED -Xmx2048m -Dfile.encoding=UTF-8 -Duser.country=KR -Duser.language=ko -Duser.variant -javaagent:C:\Users\user\.gradle\wrapper\dists\gradle-8.4-bin\1w5dpkrfk8irigvoxmyhowfim\gradle-8.4\lib\agents\gradle-instrumentation-agent-8.4.jar 
java_command: org.gradle.launcher.daemon.bootstrap.GradleDaemon 8.4
java_class_path (initial): C:\Users\user\.gradle\wrapper\dists\gradle-8.4-bin\1w5dpkrfk8irigvoxmyhowfim\gradle-8.4\lib\gradle-launcher-8.4.jar
Launcher Type: SUN_STANDARD

[Global flags]
     intx CICompilerCount                          = 4                                         {product} {ergonomic}
     uint ConcGCThreads                            = 3                                         {product} {ergonomic}
     uint G1ConcRefinementThreads                  = 10                                        {product} {ergonomic}
   size_t G1HeapRegionSize                         = 1048576                                   {product} {ergonomic}
    uintx GCDrainStackTargetSize                   = 64                                        {product} {ergonomic}
   size_t InitialHeapSize                          = 264241152                                 {product} {ergonomic}
   size_t MarkStackSize                            = 4194304                                   {product} {ergonomic}
   size_t MaxHeapSize                              = 2147483648                                {product} {command line}
   size_t MaxNewSize                               = 1287651328                                {product} {ergonomic}
   size_t MinHeapDeltaBytes                        = 1048576                                   {product} {ergonomic}
   size_t MinHeapSize                              = 8388608                                   {product} {ergonomic}
    uintx NonNMethodCodeHeapSize                   = 5839372                                {pd product} {ergonomic}
    uintx NonProfiledCodeHeapSize                  = 122909434                              {pd product} {ergonomic}
    uintx ProfiledCodeHeapSize                     = 122909434                              {pd product} {ergonomic}
    uintx ReservedCodeCacheSize                    = 251658240                              {pd product} {ergonomic}
     bool SegmentedCodeCache                       = true                                      {product} {ergonomic}
   size_t SoftMaxHeapSize                          = 2147483648                             {manageable} {ergonomic}
     bool UseCompressedClassPointers               = true                           {product lp64_product} {ergonomic}
     bool UseCompressedOops                        = true                           {product lp64_product} {ergonomic}
     bool UseG1GC                                  = true                                      {product} {ergonomic}
     bool UseLargePagesIndividualAllocation        = false                                  {pd product} {ergonomic}

Logging:
Log output configuration:
 #0: stdout all=warning uptime,level,tags
 #1: stderr all=off uptime,level,tags

Environment Variables:
JAVA_HOME=D:\Program file\Java\
PATH=C:\app\user\product\18.0.0\dbhomeXE\bin;C:\Program Files\Common Files\Oracle\Java\javapath;C:\Python312\Scripts\;C:\Python312\;D:\Program file\Java\bin;C:\WINDOWS\system32;C:\WINDOWS;C:\WINDOWS\System32\Wbem;C:\WINDOWS\System32\WindowsPowerShell\v1.0\;C:\WINDOWS\System32\OpenSSH\;C:\Program Files\Microsoft SQL Server\150\Tools\Binn\;C:\Program Files\Microsoft SQL Server\Client SDK\ODBC\170\Tools\Binn\;C:\Program Files\Bandizip\;C:\Program Files\MySQL\MySQL Server 8.0\bin;C:\Program Files\dotnet\;C:\Program Files\nodejs\;C:\ProgramData\chocolatey\bin;C:\Program Files\MySQL\MySQL Shell 8.0\bin\;C:\Users\user\Anaconda3;C:\Users\user\Anaconda3\Library\mingw-w64\bin;C:\Users\user\Anaconda3\Library\usr\bin;C:\Users\user\Anaconda3\Library\bin;C:\Users\user\Anaconda3\Scripts;C:\Users\user\AppData\Local\Microsoft\WindowsApps;D:\Program file\IntelliJ IDEA Community Edition 2022.3.3\bin;;C:\Users\user\AppData\Local\Programs\Microsoft VS Code\bin;C:\Users\user\.dotnet\tools;C:\Users\user\AppData\Roaming\npm
USERNAME=user
OS=Windows_NT
PROCESSOR_IDENTIFIER=Intel64 Family 6 Model 154 Stepping 4, GenuineIntel
TMP=C:\Users\user\AppData\Local\Temp
TEMP=C:\Users\user\AppData\Local\Temp



Periodic native trim disabled

JNI global refs:
JNI global refs: 26, weak refs: 0

JNI global refs memory usage: 843, weak refs: 841

OOME stack traces (most recent first):
Classloader memory used:
Loader org.gradle.internal.classloader.VisitableURLClassLoader                         : 4459K
Loader bootstrap                                                                       : 2416K
Loader org.gradle.initialization.MixInLegacyTypesClassLoader                           : 705K
Loader org.gradle.internal.classloader.VisitableURLClassLoader$InstrumentingVisitableURLClassLoader: 82148B
Loader jdk.internal.loader.ClassLoaders$PlatformClassLoader                            : 67454B
Loader org.gradle.internal.classloader.VisitableURLClassLoader                         : 53048B
Loader jdk.internal.loader.ClassLoaders$AppClassLoader                                 : 28455B
Loader jdk.internal.reflect.DelegatingClassLoader                                      : 25007B
Loader org.gradle.groovy.scripts.internal.DefaultScriptCompilationHandler$ScriptClassLoader: 10947B
Loader org.codehaus.groovy.runtime.callsite.CallSiteClassLoader                        : 5773B

Classes loaded by more than one classloader:
Class org.gradle.api.GradleException                                                  : loaded 3 times (x 80B)
Class org.gradle.util.GradleVersion                                                   : loaded 2 times (x 81B)
Class org.jetbrains.plugins.gradle.model.MavenRepositoryModel                         : loaded 2 times (x 68B)
Class org.gradle.internal.classpath.ClassPath                                         : loaded 2 times (x 68B)
Class org.gradle.api.internal.classpath.DefaultModuleRegistry                         : loaded 2 times (x 84B)
Class org.gradle.internal.exceptions.NonGradleCauseExceptionsHolder                   : loaded 2 times (x 68B)
Class com.intellij.openapi.externalSystem.model.ExternalSystemException               : loaded 2 times (x 84B)
Class org.gradle.api.Action                                                           : loaded 2 times (x 68B)
Class org.jetbrains.plugins.gradle.model.ExternalProject                              : loaded 2 times (x 68B)
Class org.gradle.api.internal.DefaultClassPathProvider                                : loaded 2 times (x 74B)
Class org.gradle.internal.installation.GradleInstallation$1                           : loaded 2 times (x 73B)
Class org.gradle.internal.exceptions.DefaultMultiCauseException                       : loaded 2 times (x 89B)
Class sync_studio_tooling_csj8seqp1uuuy6xlxfigjle09                                   : loaded 2 times (x 177B)
Class org.gradle.internal.time.MonotonicClock                                         : loaded 2 times (x 75B)
Class org.gradle.internal.classloader.FilteringClassLoader                            : loaded 2 times (x 103B)
Class org.gradle.tooling.model.Model                                                  : loaded 2 times (x 68B)
Class org.gradle.internal.classpath.DefaultClassPath$ImmutableUniqueList$Builder      : loaded 2 times (x 73B)
Class org.gradle.internal.classloader.ClassLoaderVisitor                              : loaded 2 times (x 74B)
Class org.gradle.internal.time.DefaultCountdownTimer                                  : loaded 2 times (x 86B)
Class org.gradle.internal.service.DefaultServiceLocator                               : loaded 2 times (x 81B)
Class org.gradle.internal.service.UnknownServiceException                             : loaded 2 times (x 81B)
Class org.gradle.internal.classloader.DefaultClassLoaderFactory                       : loaded 2 times (x 80B)
Class org.gradle.internal.classloader.VisitableURLClassLoader$Spec                    : loaded 2 times (x 72B)
Class org.gradle.tooling.model.ProjectModel                                           : loaded 2 times (x 68B)
Class org.gradle.internal.installation.GradleInstallation                             : loaded 2 times (x 73B)
Class org.gradle.api.internal.classpath.ModuleRegistry                                : loaded 2 times (x 68B)
Class org.jetbrains.plugins.gradle.model.RepositoriesModel                            : loaded 2 times (x 68B)
Class kotlin.jvm.internal.markers.KMappedMarker                                       : loaded 2 times (x 68B)
Class org.gradle.api.internal.ClassPathProvider                                       : loaded 2 times (x 68B)
Class org.gradle.internal.classloader.ClasspathUtil$1                                 : loaded 2 times (x 74B)
Class org.gradle.internal.classloader.ClassLoaderFactory                              : loaded 2 times (x 68B)
Class org.gradle.api.internal.classpath.ManifestUtil                                  : loaded 2 times (x 69B)
Class org.gradle.api.specs.Spec                                                       : loaded 2 times (x 68B)
Class org.gradle.internal.IoActions                                                   : loaded 2 times (x 69B)
Class org.gradle.api.internal.classpath.EffectiveClassPath                            : loaded 2 times (x 88B)
Class kotlin.jvm.internal.DefaultConstructorMarker                                    : loaded 2 times (x 69B)
Class org.gradle.internal.installation.CurrentGradleInstallation                      : loaded 2 times (x 71B)
Class org.gradle.internal.agents.InstrumentingClassLoader                             : loaded 2 times (x 68B)
Class org.gradle.internal.installation.CurrentGradleInstallationLocator               : loaded 2 times (x 69B)
Class org.gradle.api.internal.classpath.Module                                        : loaded 2 times (x 68B)
Class sync_studio_tooling_csj8seqp1uuuy6xlxfigjle09$_run_closure1                     : loaded 2 times (x 137B)
Class org.gradle.internal.service.CachingServiceLocator                               : loaded 2 times (x 80B)
Class org.gradle.internal.time.Timer                                                  : loaded 2 times (x 68B)
Class org.gradle.internal.classpath.DefaultClassPath                                  : loaded 2 times (x 88B)
Class kotlin.jvm.functions.Function1                                                  : loaded 2 times (x 68B)
Class org.gradle.internal.time.Time                                                   : loaded 2 times (x 69B)
Class org.gradle.internal.time.TimeSource$1                                           : loaded 2 times (x 75B)
Class org.gradle.internal.classloader.SystemClassLoaderSpec                           : loaded 2 times (x 69B)
Class kotlin.Function                                                                 : loaded 2 times (x 68B)
Class org.gradle.api.UncheckedIOException                                             : loaded 2 times (x 80B)
Class org.gradle.internal.time.CountdownTimer                                         : loaded 2 times (x 68B)
Class org.gradle.internal.time.Clock                                                  : loaded 2 times (x 68B)
Class org.gradle.internal.classloader.ClasspathUtil                                   : loaded 2 times (x 69B)
Class org.gradle.api.internal.DefaultClassPathRegistry                                : loaded 2 times (x 74B)
Class ijInit1_bf6mh7a1x9afcdw40dx5hzd0g                                               : loaded 2 times (x 177B)
Class org.gradle.api.internal.classpath.DefaultModuleRegistry$DefaultModule           : loaded 2 times (x 84B)
Class org.gradle.internal.time.TimeSource                                             : loaded 2 times (x 68B)
Class org.gradle.api.internal.classpath.UnknownModuleException                        : loaded 2 times (x 80B)
Class org.gradle.internal.service.ServiceLookupException                              : loaded 2 times (x 80B)
Class org.gradle.cache.GlobalCache                                                    : loaded 2 times (x 68B)
Class [Lorg.gradle.api.internal.ClassPathProvider;                                    : loaded 2 times (x 67B)
Class org.gradle.internal.operations.MultipleBuildOperationFailures                   : loaded 2 times (x 89B)
Class org.gradle.util.internal.GUtil                                                  : loaded 2 times (x 69B)
Class org.gradle.internal.classloader.ClassLoaderSpec                                 : loaded 2 times (x 69B)
Class org.gradle.internal.classloader.VisitableURLClassLoader                         : loaded 2 times (x 115B)
Class org.gradle.internal.Cast                                                        : loaded 2 times (x 69B)
Class org.gradle.api.internal.ClassPathRegistry                                       : loaded 2 times (x 68B)
Class org.gradle.internal.classloader.VisitableURLClassLoader$InstrumentingVisitableURLClassLoader: loaded 2 times (x 121B)
Class org.gradle.internal.classloader.ClassLoaderHierarchy                            : loaded 2 times (x 68B)
Class org.gradle.internal.exceptions.MultiCauseException                              : loaded 2 times (x 68B)
Class org.gradle.internal.InternalTransformer                                         : loaded 2 times (x 68B)
Class org.gradle.internal.service.ServiceLocator                                      : loaded 2 times (x 68B)
Class org.gradle.internal.classpath.DefaultClassPath$ImmutableUniqueList              : loaded 2 times (x 159B)
Class org.gradle.internal.time.DefaultTimer                                           : loaded 2 times (x 78B)
Class org.gradle.internal.classpath.TransformedClassPath                              : loaded 2 times (x 94B)


---------------  S Y S T E M  ---------------

OS:
 Windows 11 , 64 bit Build 22621 (10.0.22621.3527)
OS uptime: 0 days 3:16 hours
Hyper-V role detected

CPU: total 12 (initial active 12) (6 cores per cpu, 2 threads per core) family 6 model 154 stepping 4 microcode 0x41e, cx8, cmov, fxsr, ht, mmx, 3dnowpref, sse, sse2, sse3, ssse3, sse4.1, sse4.2, popcnt, lzcnt, tsc, tscinvbit, avx, avx2, aes, erms, clmul, bmi1, bmi2, adx, sha, fma, vzeroupper, clflush, clflushopt, clwb, hv
Processor Information for processor 0
  Max Mhz: 1300, Current Mhz: 1300, Mhz Limit: 1300
Processor Information for processor 1
  Max Mhz: 1300, Current Mhz: 1300, Mhz Limit: 1300
Processor Information for processor 2
  Max Mhz: 1300, Current Mhz: 1300, Mhz Limit: 1300
Processor Information for processor 3
  Max Mhz: 1300, Current Mhz: 1300, Mhz Limit: 1300
Processor Information for processor 4
  Max Mhz: 1300, Current Mhz: 900, Mhz Limit: 897
Processor Information for processor 5
  Max Mhz: 1300, Current Mhz: 900, Mhz Limit: 897
Processor Information for processor 6
  Max Mhz: 1300, Current Mhz: 900, Mhz Limit: 897
Processor Information for processor 7
  Max Mhz: 1300, Current Mhz: 900, Mhz Limit: 897
Processor Information for processor 8
  Max Mhz: 1300, Current Mhz: 900, Mhz Limit: 897
Processor Information for processor 9
  Max Mhz: 1300, Current Mhz: 900, Mhz Limit: 897
Processor Information for processor 10
  Max Mhz: 1300, Current Mhz: 900, Mhz Limit: 897
Processor Information for processor 11
  Max Mhz: 1300, Current Mhz: 900, Mhz Limit: 897

Memory: 4k page, system-wide physical 16083M (1707M free)
TotalPageFile size 18131M (AvailPageFile size 18M)
current process WorkingSet (physical memory assigned to process): 302M, peak: 303M
current process commit charge ("private bytes"): 343M, peak: 410M

vm_info: OpenJDK 64-Bit Server VM (17.0.9+0--11185874) for windows-amd64 JRE (17.0.9+0--11185874), built on Dec  6 2023 18:57:44 by "androidbuild" with MS VC++ 16.10 / 16.11 (VS2019)

END.
